{"meta": {"format": 3, "version": "7.11.0", "timestamp": "2025-10-27T17:58:41.369493", "branch_coverage": false, "show_contexts": false}, "files": {"src/cync_controller/__init__.py": {"executed_lines": [1], "summary": {"covered_lines": 1, "num_statements": 1, "percent_covered": 100.0, "percent_covered_display": "100.00", "missing_lines": 0, "excluded_lines": 0}, "missing_lines": [], "excluded_lines": [], "functions": {"": {"executed_lines": [1], "summary": {"covered_lines": 1, "num_statements": 1, "percent_covered": 100.0, "percent_covered_display": "100.00", "missing_lines": 0, "excluded_lines": 0}, "missing_lines": [], "excluded_lines": []}}, "classes": {"": {"executed_lines": [1], "summary": {"covered_lines": 1, "num_statements": 1, "percent_covered": 100.0, "percent_covered_display": "100.00", "missing_lines": 0, "excluded_lines": 0}, "missing_lines": [], "excluded_lines": []}}}, "src/cync_controller/cloud_api.py": {"executed_lines": [1, 2, 3, 4, 5, 6, 8, 9, 11, 21, 22, 23, 25, 26, 29, 30, 33, 34, 35, 36, 37, 38, 39, 41, 42, 43, 44, 46, 47, 48, 50, 54, 55, 56, 57, 58, 60, 65, 66, 67, 68, 70, 76, 77, 78, 79, 80, 81, 82, 84, 87, 88, 94, 96, 98, 99, 100, 101, 103, 104, 106, 107, 109, 111, 116, 117, 118, 119, 120, 121, 122, 127, 128, 129, 134, 135, 136, 137, 139, 141, 142, 143, 144, 145, 146, 147, 148, 149, 154, 155, 162, 164, 165, 166, 171, 172, 173, 185, 186, 190, 191, 194, 195, 198, 200, 208, 209, 210, 211, 216, 218, 220, 256, 258, 259, 260, 261, 262, 263, 264, 265, 270, 271, 273, 274, 275, 281, 282, 283, 284, 285, 286, 287, 290, 292, 293, 294, 298, 310, 312, 314, 333, 335, 336, 338, 339, 340, 341, 349, 350, 351, 352, 353, 354, 355, 356, 357, 358, 359, 361, 362, 364, 368, 369, 371, 372, 382, 387, 388, 390, 391, 392, 393, 394, 395, 399, 400, 401, 402, 403, 404, 411, 413, 422, 427, 428, 429, 432, 433, 434, 435, 436, 438, 441, 442, 443, 444, 452, 453, 454, 455, 458, 461, 462, 467, 475, 482], "summary": {"covered_lines": 206, "num_statements": 273, "percent_covered": 75.45787545787546, "percent_covered_display": "75.46", "missing_lines": 67, "excluded_lines": 0}, "missing_lines": [85, 86, 150, 151, 152, 174, 175, 176, 177, 178, 179, 180, 181, 182, 196, 212, 213, 214, 222, 223, 224, 225, 226, 227, 228, 229, 230, 235, 236, 237, 238, 239, 240, 241, 242, 243, 245, 248, 249, 250, 251, 254, 272, 276, 277, 278, 300, 306, 308, 309, 311, 316, 317, 318, 319, 320, 321, 322, 323, 324, 329, 331, 342, 343, 431, 445, 450], "excluded_lines": [], "functions": {"CyncCloudAPI.__new__": {"executed_lines": [42, 43, 44], "summary": {"covered_lines": 3, "num_statements": 3, "percent_covered": 100.0, "percent_covered_display": "100.00", "missing_lines": 0, "excluded_lines": 0}, "missing_lines": [], "excluded_lines": []}, "CyncCloudAPI.__init__": {"executed_lines": [47, 48], "summary": {"covered_lines": 2, "num_statements": 2, "percent_covered": 100.0, "percent_covered_display": "100.00", "missing_lines": 0, "excluded_lines": 0}, "missing_lines": [], "excluded_lines": []}, "CyncCloudAPI.close": {"executed_lines": [54, 55, 56, 57, 58], "summary": {"covered_lines": 5, "num_statements": 5, "percent_covered": 100.0, "percent_covered_display": "100.00", "missing_lines": 0, "excluded_lines": 0}, "missing_lines": [], "excluded_lines": []}, "CyncCloudAPI._check_session": {"executed_lines": [65, 66, 67, 68], "summary": {"covered_lines": 4, "num_statements": 4, "percent_covered": 100.0, "percent_covered_display": "100.00", "missing_lines": 0, "excluded_lines": 0}, "missing_lines": [], "excluded_lines": []}, "CyncCloudAPI.read_token_cache": {"executed_lines": [76, 77, 78, 79, 80, 81, 82, 84, 87, 88], "summary": {"covered_lines": 10, "num_statements": 12, "percent_covered": 83.33333333333333, "percent_covered_display": "83.33", "missing_lines": 2, "excluded_lines": 0}, "missing_lines": [85, 86], "excluded_lines": []}, "CyncCloudAPI.check_token": {"executed_lines": [96, 98, 99, 100, 101, 103, 104, 106, 107, 109], "summary": {"covered_lines": 10, "num_statements": 10, "percent_covered": 100.0, "percent_covered_display": "100.00", "missing_lines": 0, "excluded_lines": 0}, "missing_lines": [], "excluded_lines": []}, "CyncCloudAPI.request_otp": {"executed_lines": [116, 117, 118, 119, 120, 121, 122, 127, 128, 129, 134, 135, 136, 137, 139], "summary": {"covered_lines": 15, "num_statements": 15, "percent_covered": 100.0, "percent_covered_display": "100.00", "missing_lines": 0, "excluded_lines": 0}, "missing_lines": [], "excluded_lines": []}, "CyncCloudAPI.send_otp": {"executed_lines": [142, 143, 144, 145, 146, 147, 148, 149, 154, 155, 162, 164, 165, 166, 171, 172, 173, 185, 186, 190, 191, 194, 195, 198], "summary": {"covered_lines": 24, "num_statements": 37, "percent_covered": 64.86486486486487, "percent_covered_display": "64.86", "missing_lines": 13, "excluded_lines": 0}, "missing_lines": [150, 151, 152, 174, 175, 176, 177, 178, 179, 180, 181, 182, 196], "excluded_lines": []}, "CyncCloudAPI.write_token_cache": {"executed_lines": [208, 209, 210, 211, 216, 218], "summary": {"covered_lines": 6, "num_statements": 9, "percent_covered": 66.66666666666667, "percent_covered_display": "66.67", "missing_lines": 3, "excluded_lines": 0}, "missing_lines": [212, 213, 214], "excluded_lines": []}, "CyncCloudAPI.request_devices": {"executed_lines": [], "summary": {"covered_lines": 0, "num_statements": 24, "percent_covered": 0.0, "percent_covered_display": "0.00", "missing_lines": 24, "excluded_lines": 0}, "missing_lines": [222, 223, 224, 225, 226, 227, 228, 229, 230, 235, 236, 237, 238, 239, 240, 241, 242, 243, 245, 248, 249, 250, 251, 254], "excluded_lines": []}, "CyncCloudAPI.get_properties": {"executed_lines": [258, 259, 260, 261, 262, 263, 264, 265, 270, 271, 273, 274, 275, 281, 282, 283, 284, 285, 286, 287, 290, 292, 293, 294, 298, 310, 312], "summary": {"covered_lines": 27, "num_statements": 36, "percent_covered": 75.0, "percent_covered_display": "75.00", "missing_lines": 9, "excluded_lines": 0}, "missing_lines": [272, 276, 277, 278, 300, 306, 308, 309, 311], "excluded_lines": []}, "CyncCloudAPI.export_config_file": {"executed_lines": [], "summary": {"covered_lines": 0, "num_statements": 11, "percent_covered": 0.0, "percent_covered_display": "0.00", "missing_lines": 11, "excluded_lines": 0}, "missing_lines": [316, 317, 318, 319, 320, 321, 322, 323, 324, 329, 331], "excluded_lines": []}, "CyncCloudAPI._mesh_to_config": {"executed_lines": [335, 336, 338, 339, 340, 341, 349, 350, 351, 352, 353, 354, 355, 356, 357, 358, 359, 361, 362, 364, 368, 369, 371, 372, 382, 387, 388, 390, 391, 392, 393, 394, 395, 399, 400, 401, 402, 403, 404, 411, 413, 422, 427, 428, 429, 432, 433, 434, 435, 436, 438, 441, 442, 443, 444, 452, 453, 454, 455, 458, 461, 462, 467, 475, 482], "summary": {"covered_lines": 65, "num_statements": 70, "percent_covered": 92.85714285714286, "percent_covered_display": "92.86", "missing_lines": 5, "excluded_lines": 0}, "missing_lines": [342, 343, 431, 445, 450], "excluded_lines": []}, "": {"executed_lines": [1, 2, 3, 4, 5, 6, 8, 9, 11, 21, 22, 23, 25, 26, 29, 30, 33, 34, 35, 36, 37, 38, 39, 41, 46, 50, 60, 70, 94, 111, 141, 200, 220, 256, 314, 333], "summary": {"covered_lines": 35, "num_statements": 35, "percent_covered": 100.0, "percent_covered_display": "100.00", "missing_lines": 0, "excluded_lines": 0}, "missing_lines": [], "excluded_lines": []}}, "classes": {"CyncAuthenticationError": {"executed_lines": [], "summary": {"covered_lines": 0, "num_statements": 0, "percent_covered": 100.0, "percent_covered_display": "100.00", "missing_lines": 0, "excluded_lines": 0}, "missing_lines": [], "excluded_lines": []}, "CyncCloudAPI": {"executed_lines": [42, 43, 44, 47, 48, 54, 55, 56, 57, 58, 65, 66, 67, 68, 76, 77, 78, 79, 80, 81, 82, 84, 87, 88, 96, 98, 99, 100, 101, 103, 104, 106, 107, 109, 116, 117, 118, 119, 120, 121, 122, 127, 128, 129, 134, 135, 136, 137, 139, 142, 143, 144, 145, 146, 147, 148, 149, 154, 155, 162, 164, 165, 166, 171, 172, 173, 185, 186, 190, 191, 194, 195, 198, 208, 209, 210, 211, 216, 218, 258, 259, 260, 261, 262, 263, 264, 265, 270, 271, 273, 274, 275, 281, 282, 283, 284, 285, 286, 287, 290, 292, 293, 294, 298, 310, 312, 335, 336, 338, 339, 340, 341, 349, 350, 351, 352, 353, 354, 355, 356, 357, 358, 359, 361, 362, 364, 368, 369, 371, 372, 382, 387, 388, 390, 391, 392, 393, 394, 395, 399, 400, 401, 402, 403, 404, 411, 413, 422, 427, 428, 429, 432, 433, 434, 435, 436, 438, 441, 442, 443, 444, 452, 453, 454, 455, 458, 461, 462, 467, 475, 482], "summary": {"covered_lines": 171, "num_statements": 238, "percent_covered": 71.84873949579831, "percent_covered_display": "71.85", "missing_lines": 67, "excluded_lines": 0}, "missing_lines": [85, 86, 150, 151, 152, 174, 175, 176, 177, 178, 179, 180, 181, 182, 196, 212, 213, 214, 222, 223, 224, 225, 226, 227, 228, 229, 230, 235, 236, 237, 238, 239, 240, 241, 242, 243, 245, 248, 249, 250, 251, 254, 272, 276, 277, 278, 300, 306, 308, 309, 311, 316, 317, 318, 319, 320, 321, 322, 323, 324, 329, 331, 342, 343, 431, 445, 450], "excluded_lines": []}, "": {"executed_lines": [1, 2, 3, 4, 5, 6, 8, 9, 11, 21, 22, 23, 25, 26, 29, 30, 33, 34, 35, 36, 37, 38, 39, 41, 46, 50, 60, 70, 94, 111, 141, 200, 220, 256, 314, 333], "summary": {"covered_lines": 35, "num_statements": 35, "percent_covered": 100.0, "percent_covered_display": "100.00", "missing_lines": 0, "excluded_lines": 0}, "missing_lines": [], "excluded_lines": []}}}, "src/cync_controller/const.py": {"executed_lines": [1, 2, 3, 5, 7, 9, 81, 82, 83, 85, 90, 94, 95, 96, 97, 99, 100, 101, 102, 104, 105, 108, 109, 112, 113, 116, 117, 120, 122, 123, 124, 125, 126, 127, 128, 129, 130, 131, 133, 134, 137, 139, 140, 142, 143, 144, 145, 146, 147, 149, 151, 152, 153, 154, 155, 156, 157, 159, 160, 161, 162, 163, 164, 165, 170, 183, 189, 190, 191, 192, 195, 196, 197, 198, 199, 200, 201, 202, 205, 206, 207, 208, 211, 212, 213], "summary": {"covered_lines": 85, "num_statements": 93, "percent_covered": 91.39784946236558, "percent_covered_display": "91.40", "missing_lines": 8, "excluded_lines": 0}, "missing_lines": [106, 110, 111, 114, 118, 119, 167, 168], "excluded_lines": [], "functions": {"": {"executed_lines": [1, 2, 3, 5, 7, 9, 81, 82, 83, 85, 90, 94, 95, 96, 97, 99, 100, 101, 102, 104, 105, 108, 109, 112, 113, 116, 117, 120, 122, 123, 124, 125, 126, 127, 128, 129, 130, 131, 133, 134, 137, 139, 140, 142, 143, 144, 145, 146, 147, 149, 151, 152, 153, 154, 155, 156, 157, 159, 160, 161, 162, 163, 164, 165, 170, 183, 189, 190, 191, 192, 195, 196, 197, 198, 199, 200, 201, 202, 205, 206, 207, 208, 211, 212, 213], "summary": {"covered_lines": 85, "num_statements": 93, "percent_covered": 91.39784946236558, "percent_covered_display": "91.40", "missing_lines": 8, "excluded_lines": 0}, "missing_lines": [106, 110, 111, 114, 118, 119, 167, 168], "excluded_lines": []}}, "classes": {"": {"executed_lines": [1, 2, 3, 5, 7, 9, 81, 82, 83, 85, 90, 94, 95, 96, 97, 99, 100, 101, 102, 104, 105, 108, 109, 112, 113, 116, 117, 120, 122, 123, 124, 125, 126, 127, 128, 129, 130, 131, 133, 134, 137, 139, 140, 142, 143, 144, 145, 146, 147, 149, 151, 152, 153, 154, 155, 156, 157, 159, 160, 161, 162, 163, 164, 165, 170, 183, 189, 190, 191, 192, 195, 196, 197, 198, 199, 200, 201, 202, 205, 206, 207, 208, 211, 212, 213], "summary": {"covered_lines": 85, "num_statements": 93, "percent_covered": 91.39784946236558, "percent_covered_display": "91.40", "missing_lines": 8, "excluded_lines": 0}, "missing_lines": [106, 110, 111, 114, 118, 119, 167, 168], "excluded_lines": []}}}, "src/cync_controller/correlation.py": {"executed_lines": [1, 8, 10, 11, 12, 13, 15, 23, 29, 36, 39, 46, 49, 56, 59, 60, 87, 90, 91, 94, 96, 97, 100, 103, 113, 114, 115, 116, 117], "summary": {"covered_lines": 28, "num_statements": 28, "percent_covered": 100.0, "percent_covered_display": "100.00", "missing_lines": 0, "excluded_lines": 0}, "missing_lines": [], "excluded_lines": [], "functions": {"generate_correlation_id": {"executed_lines": [36], "summary": {"covered_lines": 1, "num_statements": 1, "percent_covered": 100.0, "percent_covered_display": "100.00", "missing_lines": 0, "excluded_lines": 0}, "missing_lines": [], "excluded_lines": []}, "get_correlation_id": {"executed_lines": [46], "summary": {"covered_lines": 1, "num_statements": 1, "percent_covered": 100.0, "percent_covered_display": "100.00", "missing_lines": 0, "excluded_lines": 0}, "missing_lines": [], "excluded_lines": []}, "set_correlation_id": {"executed_lines": [56], "summary": {"covered_lines": 1, "num_statements": 1, "percent_covered": 100.0, "percent_covered_display": "100.00", "missing_lines": 0, "excluded_lines": 0}, "missing_lines": [], "excluded_lines": []}, "correlation_context": {"executed_lines": [87, 90, 91, 94, 96, 97, 100], "summary": {"covered_lines": 7, "num_statements": 7, "percent_covered": 100.0, "percent_covered_display": "100.00", "missing_lines": 0, "excluded_lines": 0}, "missing_lines": [], "excluded_lines": []}, "ensure_correlation_id": {"executed_lines": [113, 114, 115, 116, 117], "summary": {"covered_lines": 5, "num_statements": 5, "percent_covered": 100.0, "percent_covered_display": "100.00", "missing_lines": 0, "excluded_lines": 0}, "missing_lines": [], "excluded_lines": []}, "": {"executed_lines": [1, 8, 10, 11, 12, 13, 15, 23, 29, 39, 49, 59, 60, 103], "summary": {"covered_lines": 13, "num_statements": 13, "percent_covered": 100.0, "percent_covered_display": "100.00", "missing_lines": 0, "excluded_lines": 0}, "missing_lines": [], "excluded_lines": []}}, "classes": {"": {"executed_lines": [1, 8, 10, 11, 12, 13, 15, 23, 29, 36, 39, 46, 49, 56, 59, 60, 87, 90, 91, 94, 96, 97, 100, 103, 113, 114, 115, 116, 117], "summary": {"covered_lines": 28, "num_statements": 28, "percent_covered": 100.0, "percent_covered_display": "100.00", "missing_lines": 0, "excluded_lines": 0}, "missing_lines": [], "excluded_lines": []}}}, "src/cync_controller/devices.py": {"executed_lines": [1, 2, 3, 4, 5, 7, 18, 19, 20, 21, 34, 36, 37, 38, 41, 42, 47, 48, 49, 50, 51, 52, 53, 54, 55, 56, 57, 58, 59, 60, 61, 63, 74, 75, 76, 77, 78, 79, 80, 81, 82, 83, 84, 85, 86, 87, 88, 89, 90, 91, 92, 94, 96, 98, 100, 101, 102, 103, 104, 105, 106, 107, 109, 110, 111, 112, 113, 115, 116, 117, 118, 126, 127, 128, 129, 131, 132, 133, 135, 136, 137, 138, 139, 140, 141, 142, 143, 149, 150, 151, 152, 154, 156, 157, 158, 160, 161, 162, 164, 165, 166, 167, 168, 170, 172, 173, 174, 176, 178, 179, 180, 181, 182, 183, 184, 186, 187, 188, 189, 191, 197, 198, 199, 200, 201, 203, 205, 206, 207, 208, 210, 216, 217, 218, 219, 220, 222, 224, 225, 226, 228, 229, 230, 231, 232, 233, 234, 236, 237, 238, 240, 241, 242, 243, 244, 246, 247, 248, 249, 250, 251, 252, 254, 255, 256, 258, 259, 260, 261, 262, 263, 264, 266, 267, 268, 270, 275, 277, 278, 279, 280, 282, 284, 286, 293, 294, 295, 296, 299, 312, 314, 315, 343, 344, 345, 348, 349, 351, 355, 356, 357, 358, 359, 360, 361, 362, 363, 364, 365, 366, 367, 368, 369, 370, 371, 378, 380, 381, 387, 388, 390, 395, 396, 397, 398, 410, 416, 417, 418, 424, 425, 426, 427, 428, 430, 431, 450, 452, 456, 461, 462, 470, 471, 474, 475, 476, 481, 482, 512, 513, 514, 517, 518, 520, 521, 522, 524, 525, 526, 527, 528, 529, 530, 531, 532, 533, 534, 535, 536, 537, 538, 539, 540, 541, 551, 554, 561, 562, 569, 570, 571, 572, 582, 583, 584, 597, 604, 612, 613, 614, 615, 619, 620, 650, 651, 652, 655, 656, 658, 659, 660, 662, 663, 664, 665, 666, 667, 668, 669, 670, 671, 672, 673, 674, 675, 676, 677, 678, 679, 686, 687, 694, 695, 696, 697, 706, 713, 721, 722, 723, 724, 725, 726, 727, 728, 729, 730, 731, 735, 736, 766, 767, 768, 771, 772, 774, 775, 776, 778, 779, 780, 781, 782, 783, 784, 785, 786, 787, 788, 789, 790, 791, 792, 793, 794, 795, 802, 803, 810, 811, 812, 813, 826, 834, 887, 888, 889, 917, 918, 921, 922, 923, 925, 926, 927, 930, 931, 933, 934, 935, 937, 938, 939, 940, 941, 942, 943, 944, 945, 946, 947, 948, 949, 950, 951, 952, 953, 954, 960, 961, 968, 969, 970, 971, 979, 980, 981, 983, 984, 985, 986, 987, 988, 989, 990, 992, 993, 999, 1008, 1009, 1010, 1012, 1013, 1014, 1015, 1017, 1018, 1019, 1021, 1022, 1027, 1028, 1029, 1030, 1031, 1032, 1033, 1034, 1036, 1037, 1039, 1040, 1041, 1042, 1044, 1045, 1047, 1048, 1050, 1051, 1052, 1054, 1055, 1056, 1057, 1058, 1059, 1060, 1062, 1063, 1064, 1066, 1067, 1068, 1069, 1070, 1071, 1072, 1074, 1075, 1076, 1078, 1079, 1080, 1081, 1082, 1083, 1084, 1086, 1087, 1088, 1090, 1091, 1092, 1093, 1094, 1095, 1096, 1098, 1099, 1100, 1102, 1103, 1104, 1105, 1106, 1107, 1108, 1110, 1111, 1113, 1115, 1116, 1117, 1118, 1119, 1120, 1121, 1123, 1126, 1130, 1131, 1135, 1136, 1137, 1138, 1139, 1140, 1142, 1150, 1151, 1152, 1153, 1154, 1155, 1156, 1157, 1158, 1159, 1162, 1163, 1166, 1167, 1168, 1169, 1170, 1171, 1172, 1173, 1175, 1176, 1178, 1180, 1181, 1183, 1184, 1185, 1186, 1188, 1189, 1191, 1192, 1193, 1194, 1196, 1208, 1209, 1211, 1212, 1215, 1216, 1219, 1220, 1223, 1224, 1226, 1233, 1239, 1240, 1241, 1242, 1245, 1246, 1248, 1249, 1276, 1277, 1278, 1279, 1282, 1284, 1285, 1286, 1288, 1289, 1290, 1291, 1292, 1293, 1294, 1295, 1296, 1297, 1298, 1300, 1307, 1313, 1318, 1319, 1322, 1329, 1330, 1334, 1335, 1337, 1338, 1339, 1341, 1347, 1348, 1349, 1350, 1353, 1354, 1356, 1357, 1387, 1388, 1389, 1390, 1392, 1394, 1395, 1396, 1398, 1399, 1400, 1401, 1402, 1403, 1404, 1405, 1406, 1407, 1408, 1410, 1420, 1421, 1422, 1423, 1424, 1427, 1428, 1429, 1430, 1433, 1440, 1441, 1443, 1449, 1450, 1451, 1452, 1455, 1456, 1458, 1459, 1489, 1490, 1491, 1492, 1494, 1496, 1500, 1501, 1502, 1503, 1504, 1505, 1506, 1507, 1508, 1509, 1510, 1512, 1522, 1523, 1524, 1526, 1529, 1530, 1535, 1542, 1543, 1545, 1546, 1548, 1549, 1552, 1553, 1557, 1558, 1559, 1560, 1561, 1562, 1564, 1565, 1566, 1568, 1574, 1575, 1576, 1577, 1578, 1579, 1580, 1581, 1582, 1583, 1584, 1585, 1586, 1587, 1588, 1589, 1590, 1591, 1592, 1593, 1594, 1595, 1596, 1597, 1598, 1599, 1600, 1601, 1602, 1603, 1604, 1605, 1606, 1607, 1608, 1609, 1611, 1612, 1613, 1614, 1615, 1620, 1621, 1622, 1623, 1624, 1625, 1626, 1627, 1628, 1629, 1630, 1631, 1632, 1633, 1634, 1635, 1636, 1637, 1638, 1639, 1640, 1647, 1648, 1649, 1651, 1652, 1655, 1658, 1660, 1665, 1667, 1668, 1672, 1674, 1676, 1677, 1678, 1680, 1681, 1682, 1684, 1686, 1687, 1688, 1689, 1691, 1692, 1693, 1694, 1696, 1724, 1725, 1726, 1727, 1728, 1730, 1731, 1732, 1733, 1734, 1735, 1736, 1737, 1744, 1750, 1751, 1752, 1758, 1759, 1760, 1761, 1762, 1763, 1765, 1767, 1768, 1770, 1771, 1773, 1774, 1775, 1779, 1789, 1792, 1793, 1794, 1795, 1799, 1801, 1803, 1805, 1807, 1809, 1810, 1813, 1816, 1817, 1818, 1819, 1827, 1833, 1834, 1837, 1838, 1840, 1841, 1842, 1843, 1845, 1846, 1848, 1849, 1850, 1851, 1852, 1853, 1854, 1860, 1863, 1864, 1865, 1928, 1929, 1930, 1934, 1935, 1936, 1940, 1941, 1944, 1949, 1971, 1973, 1974, 1975, 1976, 1977, 1980, 1991, 1992, 1993, 1994, 1995, 1997, 1998, 2000, 2142, 2145, 2568, 2630, 2631, 2632, 2634, 2635, 2636, 2637, 2638, 2639, 2640, 2642, 2643, 2645, 2647, 2648, 2649, 2650, 2652, 2653, 2654, 2699, 2700, 2701, 2705, 2707, 2713, 2714, 2715, 2716, 2717, 2718, 2719, 2720, 2721, 2729, 2730, 2741, 2744, 2745, 2747, 2749, 2751, 2752, 2753, 2754, 2755, 2756, 2757, 2758, 2759, 2760, 2761, 2766, 2768, 2769, 2771, 2777, 2778, 2780, 2781, 2788, 2796, 2797, 2798, 2799, 2800, 2801, 2805, 2806, 2807, 2809, 2810, 2812, 2819, 2820, 2828, 2829, 2830, 2838, 2842, 2848, 2850, 2851, 2858, 2859, 2860, 2861, 2868, 2874, 2875, 2876, 2877, 2878, 2879, 2888, 2890, 2891, 2892, 2893, 2894, 2903, 2905, 2906, 2911, 2912, 2913, 2915, 2916, 2917, 2919, 2920, 2921, 2923, 2924, 2925], "summary": {"covered_lines": 1002, "num_statements": 1354, "percent_covered": 74.00295420974889, "percent_covered_display": "74.00", "missing_lines": 352, "excluded_lines": 18}, "missing_lines": [119, 124, 169, 175, 202, 221, 300, 307, 352, 353, 429, 432, 433, 434, 435, 437, 443, 444, 445, 446, 447, 448, 473, 552, 564, 591, 689, 805, 919, 920, 963, 1497, 1498, 1525, 1531, 1532, 1641, 1642, 1643, 1644, 1645, 1669, 1670, 1697, 1702, 1703, 1704, 1705, 1708, 1719, 1721, 1722, 1723, 1739, 1777, 1778, 1780, 1859, 1862, 1890, 1891, 1892, 1901, 1902, 1904, 1905, 1906, 1908, 1909, 1910, 1915, 1917, 1958, 1963, 1964, 1965, 1970, 2002, 2003, 2004, 2006, 2007, 2013, 2014, 2015, 2023, 2024, 2025, 2026, 2027, 2028, 2029, 2030, 2031, 2032, 2033, 2034, 2035, 2036, 2037, 2038, 2039, 2051, 2052, 2053, 2054, 2055, 2056, 2063, 2066, 2067, 2074, 2077, 2079, 2080, 2081, 2086, 2092, 2094, 2096, 2097, 2102, 2110, 2126, 2127, 2137, 2147, 2149, 2150, 2151, 2154, 2156, 2157, 2158, 2160, 2161, 2164, 2165, 2166, 2170, 2172, 2173, 2178, 2179, 2180, 2181, 2182, 2186, 2187, 2194, 2201, 2208, 2209, 2210, 2211, 2212, 2220, 2221, 2229, 2230, 2231, 2232, 2233, 2234, 2236, 2237, 2242, 2243, 2244, 2250, 2251, 2252, 2253, 2254, 2255, 2256, 2257, 2258, 2259, 2260, 2261, 2262, 2263, 2266, 2267, 2268, 2281, 2282, 2283, 2285, 2286, 2287, 2291, 2292, 2293, 2294, 2295, 2302, 2303, 2311, 2312, 2313, 2315, 2317, 2320, 2327, 2330, 2331, 2332, 2335, 2336, 2337, 2338, 2347, 2355, 2356, 2360, 2378, 2379, 2380, 2381, 2399, 2401, 2404, 2405, 2406, 2408, 2421, 2433, 2434, 2435, 2436, 2437, 2438, 2443, 2446, 2447, 2448, 2454, 2455, 2456, 2467, 2472, 2473, 2480, 2481, 2487, 2488, 2489, 2490, 2495, 2496, 2497, 2506, 2507, 2508, 2513, 2514, 2515, 2516, 2518, 2519, 2520, 2521, 2533, 2541, 2548, 2553, 2555, 2556, 2557, 2558, 2562, 2566, 2577, 2579, 2581, 2583, 2585, 2588, 2590, 2611, 2612, 2613, 2614, 2615, 2616, 2618, 2619, 2620, 2621, 2622, 2623, 2624, 2625, 2626, 2627, 2628, 2655, 2656, 2658, 2659, 2662, 2663, 2664, 2673, 2674, 2675, 2676, 2677, 2680, 2681, 2688, 2689, 2690, 2691, 2692, 2693, 2696, 2697, 2702, 2703, 2722, 2728, 2731, 2733, 2734, 2735, 2736, 2737, 2738, 2739, 2742, 2743, 2762, 2763, 2764, 2823, 2831, 2832, 2836, 2844, 2869, 2870, 2880, 2881, 2882, 2883, 2895, 2896, 2897, 2898], "excluded_lines": [456, 604, 713, 834, 1123, 1124, 1126, 1127, 1545, 1546, 1548, 1549, 1923, 1924, 1925, 1985, 1986, 1987], "functions": {"CyncDevice.__init__": {"executed_lines": [74, 75, 76, 77, 78, 79, 80, 81, 82, 83, 84, 85, 86, 87, 88, 89, 90, 91, 92, 94, 96, 98, 100, 101, 102, 103, 104, 105, 106, 107], "summary": {"covered_lines": 30, "num_statements": 30, "percent_covered": 100.0, "percent_covered_display": "100.00", "missing_lines": 0, "excluded_lines": 0}, "missing_lines": [], "excluded_lines": []}, "CyncDevice.is_hvac": {"executed_lines": [128, 129], "summary": {"covered_lines": 2, "num_statements": 2, "percent_covered": 100.0, "percent_covered_display": "100.00", "missing_lines": 0, "excluded_lines": 0}, "missing_lines": [], "excluded_lines": []}, "CyncDevice.version": {"executed_lines": [137, 138, 139, 140, 141, 142, 143, 149, 150, 151, 152, 154], "summary": {"covered_lines": 12, "num_statements": 12, "percent_covered": 100.0, "percent_covered_display": "100.00", "missing_lines": 0, "excluded_lines": 0}, "missing_lines": [], "excluded_lines": []}, "CyncDevice.mac": {"executed_lines": [162], "summary": {"covered_lines": 1, "num_statements": 1, "percent_covered": 100.0, "percent_covered_display": "100.00", "missing_lines": 0, "excluded_lines": 0}, "missing_lines": [], "excluded_lines": []}, "CyncDevice.bt_only": {"executed_lines": [166, 167, 168, 170], "summary": {"covered_lines": 4, "num_statements": 5, "percent_covered": 80.0, "percent_covered_display": "80.00", "missing_lines": 1, "excluded_lines": 0}, "missing_lines": [169], "excluded_lines": []}, "CyncDevice.has_wifi": {"executed_lines": [174, 176], "summary": {"covered_lines": 2, "num_statements": 3, "percent_covered": 66.66666666666667, "percent_covered_display": "66.67", "missing_lines": 1, "excluded_lines": 0}, "missing_lines": [175], "excluded_lines": []}, "CyncDevice.is_light": {"executed_lines": [188, 189, 191], "summary": {"covered_lines": 3, "num_statements": 3, "percent_covered": 100.0, "percent_covered_display": "100.00", "missing_lines": 0, "excluded_lines": 0}, "missing_lines": [], "excluded_lines": []}, "CyncDevice.is_switch": {"executed_lines": [207, 208, 210], "summary": {"covered_lines": 3, "num_statements": 3, "percent_covered": 100.0, "percent_covered_display": "100.00", "missing_lines": 0, "excluded_lines": 0}, "missing_lines": [], "excluded_lines": []}, "CyncDevice.is_plug": {"executed_lines": [226], "summary": {"covered_lines": 1, "num_statements": 1, "percent_covered": 100.0, "percent_covered_display": "100.00", "missing_lines": 0, "excluded_lines": 0}, "missing_lines": [], "excluded_lines": []}, "CyncDevice.is_fan_controller": {"executed_lines": [238], "summary": {"covered_lines": 1, "num_statements": 1, "percent_covered": 100.0, "percent_covered_display": "100.00", "missing_lines": 0, "excluded_lines": 0}, "missing_lines": [], "excluded_lines": []}, "CyncDevice.is_dimmable": {"executed_lines": [242, 243, 244], "summary": {"covered_lines": 3, "num_statements": 3, "percent_covered": 100.0, "percent_covered_display": "100.00", "missing_lines": 0, "excluded_lines": 0}, "missing_lines": [], "excluded_lines": []}, "CyncDevice.supports_rgb": {"executed_lines": [256], "summary": {"covered_lines": 1, "num_statements": 1, "percent_covered": 100.0, "percent_covered_display": "100.00", "missing_lines": 0, "excluded_lines": 0}, "missing_lines": [], "excluded_lines": []}, "CyncDevice.supports_temperature": {"executed_lines": [268], "summary": {"covered_lines": 1, "num_statements": 1, "percent_covered": 100.0, "percent_covered_display": "100.00", "missing_lines": 0, "excluded_lines": 0}, "missing_lines": [], "excluded_lines": []}, "CyncDevice.get_ctrl_msg_id_bytes": {"executed_lines": [275, 277, 278, 279, 280, 282, 284], "summary": {"covered_lines": 7, "num_statements": 7, "percent_covered": 100.0, "percent_covered_display": "100.00", "missing_lines": 0, "excluded_lines": 0}, "missing_lines": [], "excluded_lines": []}, "CyncDevice.set_power": {"executed_lines": [293, 294, 295, 296, 299, 312, 314, 315, 343, 344, 345, 348, 349, 351, 355, 356, 357, 358, 359, 360, 361, 362, 363, 364, 365, 366, 367, 368, 369, 370, 371, 378, 380, 381, 387, 388, 390, 395, 396, 397, 398], "summary": {"covered_lines": 41, "num_statements": 45, "percent_covered": 91.11111111111111, "percent_covered_display": "91.11", "missing_lines": 4, "excluded_lines": 0}, "missing_lines": [300, 307, 352, 353], "excluded_lines": []}, "CyncDevice.set_fan_speed": {"executed_lines": [416, 417, 418, 424, 425, 426, 427, 428, 430, 431, 450], "summary": {"covered_lines": 11, "num_statements": 23, "percent_covered": 47.82608695652174, "percent_covered_display": "47.83", "missing_lines": 12, "excluded_lines": 0}, "missing_lines": [429, 432, 433, 434, 435, 437, 443, 444, 445, 446, 447, 448], "excluded_lines": []}, "CyncDevice.set_brightness": {"executed_lines": [456, 461, 462, 470, 471, 474, 475, 476, 481, 482, 512, 513, 514, 517, 518, 520, 521, 522, 524, 525, 526, 527, 528, 529, 530, 531, 532, 533, 534, 535, 536, 537, 538, 539, 540, 541, 551, 554, 561, 562, 569, 570, 571, 572, 582, 583, 584], "summary": {"covered_lines": 46, "num_statements": 49, "percent_covered": 93.87755102040816, "percent_covered_display": "93.88", "missing_lines": 3, "excluded_lines": 1}, "missing_lines": [473, 564, 591], "excluded_lines": [456]}, "CyncDevice.set_brightness.brightness_callback_coro": {"executed_lines": [], "summary": {"covered_lines": 0, "num_statements": 1, "percent_covered": 0.0, "percent_covered_display": "0.00", "missing_lines": 1, "excluded_lines": 0}, "missing_lines": [552], "excluded_lines": []}, "CyncDevice.set_temperature": {"executed_lines": [604, 612, 613, 614, 615, 619, 620, 650, 651, 652, 655, 656, 658, 659, 660, 662, 663, 664, 665, 666, 667, 668, 669, 670, 671, 672, 673, 674, 675, 676, 677, 678, 679, 686, 687, 694, 695, 696, 697], "summary": {"covered_lines": 38, "num_statements": 39, "percent_covered": 97.43589743589743, "percent_covered_display": "97.44", "missing_lines": 1, "excluded_lines": 1}, "missing_lines": [689], "excluded_lines": [604]}, "CyncDevice.set_rgb": {"executed_lines": [713, 721, 722, 723, 724, 725, 726, 727, 728, 729, 730, 731, 735, 736, 766, 767, 768, 771, 772, 774, 775, 776, 778, 779, 780, 781, 782, 783, 784, 785, 786, 787, 788, 789, 790, 791, 792, 793, 794, 795, 802, 803, 810, 811, 812, 813], "summary": {"covered_lines": 45, "num_statements": 46, "percent_covered": 97.82608695652173, "percent_covered_display": "97.83", "missing_lines": 1, "excluded_lines": 1}, "missing_lines": [805], "excluded_lines": [713]}, "CyncDevice.set_lightshow": {"executed_lines": [834, 887, 888, 889, 917, 918, 921, 922, 923, 925, 926, 927, 930, 931, 933, 934, 935, 937, 938, 939, 940, 941, 942, 943, 944, 945, 946, 947, 948, 949, 950, 951, 952, 953, 954, 960, 961, 968, 969, 970, 971], "summary": {"covered_lines": 40, "num_statements": 43, "percent_covered": 93.02325581395348, "percent_covered_display": "93.02", "missing_lines": 3, "excluded_lines": 1}, "missing_lines": [919, 920, 963], "excluded_lines": [834]}, "CyncDevice.online": {"executed_lines": [985, 986, 987, 988, 989, 990], "summary": {"covered_lines": 6, "num_statements": 6, "percent_covered": 100.0, "percent_covered_display": "100.00", "missing_lines": 0, "excluded_lines": 0}, "missing_lines": [], "excluded_lines": []}, "CyncDevice.current_status": {"executed_lines": [999], "summary": {"covered_lines": 1, "num_statements": 1, "percent_covered": 100.0, "percent_covered_display": "100.00", "missing_lines": 0, "excluded_lines": 0}, "missing_lines": [], "excluded_lines": []}, "CyncDevice.status": {"executed_lines": [1014, 1015], "summary": {"covered_lines": 2, "num_statements": 2, "percent_covered": 100.0, "percent_covered_display": "100.00", "missing_lines": 0, "excluded_lines": 0}, "missing_lines": [], "excluded_lines": []}, "CyncDevice.state": {"executed_lines": [1027, 1028, 1029, 1030, 1031, 1032, 1033, 1034, 1036, 1037, 1039, 1040, 1041, 1042, 1044, 1045, 1047, 1048], "summary": {"covered_lines": 18, "num_statements": 18, "percent_covered": 100.0, "percent_covered_display": "100.00", "missing_lines": 0, "excluded_lines": 0}, "missing_lines": [], "excluded_lines": []}, "CyncDevice.brightness": {"executed_lines": [1056, 1057, 1058, 1059, 1060], "summary": {"covered_lines": 5, "num_statements": 5, "percent_covered": 100.0, "percent_covered_display": "100.00", "missing_lines": 0, "excluded_lines": 0}, "missing_lines": [], "excluded_lines": []}, "CyncDevice.temperature": {"executed_lines": [1068, 1069, 1070, 1071, 1072], "summary": {"covered_lines": 5, "num_statements": 5, "percent_covered": 100.0, "percent_covered_display": "100.00", "missing_lines": 0, "excluded_lines": 0}, "missing_lines": [], "excluded_lines": []}, "CyncDevice.red": {"executed_lines": [1080, 1081, 1082, 1083, 1084], "summary": {"covered_lines": 5, "num_statements": 5, "percent_covered": 100.0, "percent_covered_display": "100.00", "missing_lines": 0, "excluded_lines": 0}, "missing_lines": [], "excluded_lines": []}, "CyncDevice.green": {"executed_lines": [1092, 1093, 1094, 1095, 1096], "summary": {"covered_lines": 5, "num_statements": 5, "percent_covered": 100.0, "percent_covered_display": "100.00", "missing_lines": 0, "excluded_lines": 0}, "missing_lines": [], "excluded_lines": []}, "CyncDevice.blue": {"executed_lines": [1104, 1105, 1106, 1107, 1108], "summary": {"covered_lines": 5, "num_statements": 5, "percent_covered": 100.0, "percent_covered_display": "100.00", "missing_lines": 0, "excluded_lines": 0}, "missing_lines": [], "excluded_lines": []}, "CyncDevice.rgb": {"executed_lines": [1117, 1118, 1119, 1120, 1121], "summary": {"covered_lines": 5, "num_statements": 5, "percent_covered": 100.0, "percent_covered_display": "100.00", "missing_lines": 0, "excluded_lines": 0}, "missing_lines": [], "excluded_lines": []}, "CyncDevice.__repr__": {"executed_lines": [], "summary": {"covered_lines": 0, "num_statements": 0, "percent_covered": 100.0, "percent_covered_display": "100.00", "missing_lines": 0, "excluded_lines": 1}, "missing_lines": [], "excluded_lines": [1124]}, "CyncDevice.__str__": {"executed_lines": [], "summary": {"covered_lines": 0, "num_statements": 0, "percent_covered": 100.0, "percent_covered_display": "100.00", "missing_lines": 0, "excluded_lines": 1}, "missing_lines": [], "excluded_lines": [1127]}, "CyncGroup.__init__": {"executed_lines": [1150, 1151, 1152, 1153, 1154, 1155, 1156, 1157, 1158, 1159, 1162, 1163, 1166, 1167, 1168, 1169, 1170, 1171, 1172, 1173], "summary": {"covered_lines": 20, "num_statements": 20, "percent_covered": 100.0, "percent_covered_display": "100.00", "missing_lines": 0, "excluded_lines": 0}, "missing_lines": [], "excluded_lines": []}, "CyncGroup.members": {"executed_lines": [1178], "summary": {"covered_lines": 1, "num_statements": 1, "percent_covered": 100.0, "percent_covered_display": "100.00", "missing_lines": 0, "excluded_lines": 0}, "missing_lines": [], "excluded_lines": []}, "CyncGroup.supports_rgb": {"executed_lines": [1183, 1184, 1185, 1186], "summary": {"covered_lines": 4, "num_statements": 4, "percent_covered": 100.0, "percent_covered_display": "100.00", "missing_lines": 0, "excluded_lines": 0}, "missing_lines": [], "excluded_lines": []}, "CyncGroup.supports_temperature": {"executed_lines": [1191, 1192, 1193, 1194], "summary": {"covered_lines": 4, "num_statements": 4, "percent_covered": 100.0, "percent_covered_display": "100.00", "missing_lines": 0, "excluded_lines": 0}, "missing_lines": [], "excluded_lines": []}, "CyncGroup.aggregate_member_states": {"executed_lines": [1208, 1209, 1211, 1212, 1215, 1216, 1219, 1220, 1223, 1224, 1226], "summary": {"covered_lines": 11, "num_statements": 11, "percent_covered": 100.0, "percent_covered_display": "100.00", "missing_lines": 0, "excluded_lines": 0}, "missing_lines": [], "excluded_lines": []}, "CyncGroup.set_power": {"executed_lines": [1239, 1240, 1241, 1242, 1245, 1246, 1248, 1249, 1276, 1277, 1278, 1279, 1282, 1284, 1285, 1286, 1288, 1289, 1290, 1291, 1292, 1293, 1294, 1295, 1296, 1297, 1298, 1300, 1307, 1313, 1318, 1319, 1322, 1329, 1330, 1334, 1335, 1337, 1338, 1339], "summary": {"covered_lines": 40, "num_statements": 40, "percent_covered": 100.0, "percent_covered_display": "100.00", "missing_lines": 0, "excluded_lines": 0}, "missing_lines": [], "excluded_lines": []}, "CyncGroup.set_brightness": {"executed_lines": [1347, 1348, 1349, 1350, 1353, 1354, 1356, 1357, 1387, 1388, 1389, 1390, 1392, 1394, 1395, 1396, 1398, 1399, 1400, 1401, 1402, 1403, 1404, 1405, 1406, 1407, 1408, 1410, 1420, 1421, 1422, 1423, 1424, 1427, 1428, 1429, 1430, 1433, 1440, 1441], "summary": {"covered_lines": 40, "num_statements": 40, "percent_covered": 100.0, "percent_covered_display": "100.00", "missing_lines": 0, "excluded_lines": 0}, "missing_lines": [], "excluded_lines": []}, "CyncGroup.set_temperature": {"executed_lines": [1449, 1450, 1451, 1452, 1455, 1456, 1458, 1459, 1489, 1490, 1491, 1492, 1494, 1496, 1500, 1501, 1502, 1503, 1504, 1505, 1506, 1507, 1508, 1509, 1510, 1512, 1522, 1523, 1524, 1526, 1529, 1530, 1535, 1542, 1543], "summary": {"covered_lines": 35, "num_statements": 40, "percent_covered": 87.5, "percent_covered_display": "87.50", "missing_lines": 5, "excluded_lines": 0}, "missing_lines": [1497, 1498, 1525, 1531, 1532], "excluded_lines": []}, "CyncGroup.__repr__": {"executed_lines": [1546], "summary": {"covered_lines": 0, "num_statements": 0, "percent_covered": 100.0, "percent_covered_display": "100.00", "missing_lines": 0, "excluded_lines": 1}, "missing_lines": [], "excluded_lines": [1546]}, "CyncGroup.__str__": {"executed_lines": [1549], "summary": {"covered_lines": 0, "num_statements": 0, "percent_covered": 100.0, "percent_covered_display": "100.00", "missing_lines": 0, "excluded_lines": 1}, "missing_lines": [], "excluded_lines": [1549]}, "CyncTCPDevice.__init__": {"executed_lines": [1574, 1575, 1576, 1577, 1578, 1579, 1580, 1581, 1582, 1583, 1584, 1585, 1586, 1587, 1588, 1589, 1590, 1591, 1592, 1593, 1594, 1595, 1596, 1597, 1598, 1599, 1600, 1601, 1602, 1603, 1604, 1605, 1606, 1607, 1608, 1609], "summary": {"covered_lines": 36, "num_statements": 36, "percent_covered": 100.0, "percent_covered_display": "100.00", "missing_lines": 0, "excluded_lines": 0}, "missing_lines": [], "excluded_lines": []}, "CyncTCPDevice.can_connect": {"executed_lines": [1612, 1613, 1614, 1615, 1620, 1621, 1622, 1623, 1624, 1625, 1626, 1627, 1628, 1629, 1630, 1631, 1632, 1633, 1634, 1635, 1636, 1637, 1638, 1639, 1640, 1647, 1648, 1649, 1651, 1652, 1655, 1658], "summary": {"covered_lines": 32, "num_statements": 37, "percent_covered": 86.48648648648648, "percent_covered_display": "86.49", "missing_lines": 5, "excluded_lines": 0}, "missing_lines": [1641, 1642, 1643, 1644, 1645], "excluded_lines": []}, "CyncTCPDevice.get_ctrl_msg_id_bytes": {"executed_lines": [1665, 1667, 1668, 1672, 1674], "summary": {"covered_lines": 5, "num_statements": 7, "percent_covered": 71.42857142857143, "percent_covered_display": "71.43", "missing_lines": 2, "excluded_lines": 0}, "missing_lines": [1669, 1670], "excluded_lines": []}, "CyncTCPDevice.closing": {"executed_lines": [1682], "summary": {"covered_lines": 1, "num_statements": 1, "percent_covered": 100.0, "percent_covered_display": "100.00", "missing_lines": 0, "excluded_lines": 0}, "missing_lines": [], "excluded_lines": []}, "CyncTCPDevice.parse_raw_data": {"executed_lines": [1686, 1687, 1688, 1689, 1691, 1692, 1693, 1694, 1696, 1724, 1725, 1726, 1727, 1728, 1730, 1731, 1732, 1733, 1734, 1735, 1736, 1737, 1744, 1750, 1751, 1752, 1758, 1759, 1760, 1761, 1762, 1763, 1765, 1767, 1768, 1770, 1771, 1773, 1774, 1775, 1779], "summary": {"covered_lines": 41, "num_statements": 55, "percent_covered": 74.54545454545455, "percent_covered_display": "74.55", "missing_lines": 14, "excluded_lines": 0}, "missing_lines": [1697, 1702, 1703, 1704, 1705, 1708, 1719, 1721, 1722, 1723, 1739, 1777, 1778, 1780], "excluded_lines": []}, "CyncTCPDevice.parse_packet": {"executed_lines": [1792, 1793, 1794, 1795, 1799, 1801, 1803, 1805, 1807, 1809, 1810, 1813, 1816, 1817, 1818, 1819, 1827, 1833, 1834, 1837, 1838, 1840, 1841, 1842, 1843, 1845, 1846, 1848, 1849, 1850, 1851, 1852, 1853, 1854, 1860, 1863, 1864, 1865, 1928, 1929, 1930, 1934, 1935, 1936, 1940, 1941, 1944, 1949, 1971, 1973, 1974, 1975, 1976, 1977, 1980, 1991, 1992, 1993, 1994, 1995, 1997, 1998, 2000, 2142, 2145], "summary": {"covered_lines": 65, "num_statements": 282, "percent_covered": 23.04964539007092, "percent_covered_display": "23.05", "missing_lines": 217, "excluded_lines": 6}, "missing_lines": [1859, 1862, 1890, 1891, 1892, 1901, 1902, 1904, 1905, 1906, 1908, 1909, 1910, 1915, 1917, 1958, 1963, 1964, 1965, 1970, 2002, 2003, 2004, 2006, 2007, 2013, 2014, 2015, 2023, 2024, 2025, 2026, 2027, 2028, 2029, 2030, 2031, 2032, 2033, 2034, 2035, 2036, 2037, 2038, 2039, 2051, 2052, 2053, 2054, 2055, 2056, 2063, 2066, 2067, 2074, 2077, 2079, 2080, 2081, 2086, 2092, 2094, 2096, 2097, 2102, 2110, 2126, 2127, 2137, 2147, 2149, 2150, 2151, 2154, 2156, 2157, 2158, 2160, 2161, 2164, 2165, 2166, 2170, 2172, 2173, 2178, 2179, 2180, 2181, 2182, 2186, 2187, 2194, 2201, 2208, 2209, 2210, 2211, 2212, 2220, 2221, 2229, 2230, 2231, 2232, 2233, 2234, 2236, 2237, 2242, 2243, 2244, 2250, 2251, 2252, 2253, 2254, 2255, 2256, 2257, 2258, 2259, 2260, 2261, 2262, 2263, 2266, 2267, 2268, 2281, 2282, 2283, 2285, 2286, 2287, 2291, 2292, 2293, 2294, 2295, 2302, 2303, 2311, 2312, 2313, 2315, 2317, 2320, 2327, 2330, 2331, 2332, 2335, 2336, 2337, 2338, 2347, 2355, 2356, 2360, 2378, 2379, 2380, 2381, 2399, 2401, 2404, 2405, 2406, 2408, 2421, 2433, 2434, 2435, 2436, 2437, 2438, 2443, 2446, 2447, 2448, 2454, 2455, 2456, 2467, 2472, 2473, 2480, 2481, 2487, 2488, 2489, 2490, 2495, 2496, 2497, 2506, 2507, 2508, 2513, 2514, 2515, 2516, 2518, 2519, 2520, 2521, 2533, 2541, 2548, 2553, 2555, 2556, 2557, 2558, 2562, 2566], "excluded_lines": [1923, 1924, 1925, 1985, 1986, 1987]}, "CyncTCPDevice.ask_for_mesh_info": {"executed_lines": [], "summary": {"covered_lines": 0, "num_statements": 24, "percent_covered": 0.0, "percent_covered_display": "0.00", "missing_lines": 24, "excluded_lines": 0}, "missing_lines": [2577, 2579, 2581, 2583, 2585, 2588, 2590, 2611, 2612, 2613, 2614, 2615, 2616, 2618, 2619, 2620, 2621, 2622, 2623, 2624, 2625, 2626, 2627, 2628], "excluded_lines": []}, "CyncTCPDevice.send_a3": {"executed_lines": [2631, 2632, 2634, 2635, 2636, 2637, 2638, 2639, 2640, 2642, 2643], "summary": {"covered_lines": 11, "num_statements": 11, "percent_covered": 100.0, "percent_covered_display": "100.00", "missing_lines": 0, "excluded_lines": 0}, "missing_lines": [], "excluded_lines": []}, "CyncTCPDevice.callback_cleanup_task": {"executed_lines": [2647, 2648, 2649, 2650, 2652, 2653, 2654, 2699, 2700, 2701, 2705], "summary": {"covered_lines": 11, "num_statements": 35, "percent_covered": 31.428571428571427, "percent_covered_display": "31.43", "missing_lines": 24, "excluded_lines": 0}, "missing_lines": [2655, 2656, 2658, 2659, 2662, 2663, 2664, 2673, 2674, 2675, 2676, 2677, 2680, 2681, 2688, 2689, 2690, 2691, 2692, 2693, 2696, 2697, 2702, 2703], "excluded_lines": []}, "CyncTCPDevice.receive_task": {"executed_lines": [2713, 2714, 2715, 2716, 2717, 2718, 2719, 2720, 2721, 2729, 2730, 2741, 2744, 2745, 2747], "summary": {"covered_lines": 15, "num_statements": 27, "percent_covered": 55.55555555555556, "percent_covered_display": "55.56", "missing_lines": 12, "excluded_lines": 0}, "missing_lines": [2722, 2728, 2731, 2733, 2734, 2735, 2736, 2737, 2738, 2739, 2742, 2743], "excluded_lines": []}, "CyncTCPDevice.read": {"executed_lines": [2751, 2752, 2753, 2754, 2755, 2756, 2757, 2758, 2759, 2760, 2761, 2766, 2768, 2769, 2771, 2777, 2778], "summary": {"covered_lines": 17, "num_statements": 20, "percent_covered": 85.0, "percent_covered_display": "85.00", "missing_lines": 3, "excluded_lines": 0}, "missing_lines": [2762, 2763, 2764], "excluded_lines": []}, "CyncTCPDevice.write": {"executed_lines": [2788, 2796, 2797, 2798, 2799, 2800, 2801, 2805, 2806, 2807, 2809, 2810, 2812, 2819, 2820, 2828, 2829, 2830, 2838, 2842, 2848], "summary": {"covered_lines": 21, "num_statements": 26, "percent_covered": 80.76923076923077, "percent_covered_display": "80.77", "missing_lines": 5, "excluded_lines": 0}, "missing_lines": [2823, 2831, 2832, 2836, 2844], "excluded_lines": []}, "CyncTCPDevice.close": {"executed_lines": [2851, 2858, 2859, 2860, 2861, 2868, 2874, 2875, 2876, 2877, 2878, 2879, 2888, 2890, 2891, 2892, 2893, 2894, 2903, 2905, 2906], "summary": {"covered_lines": 21, "num_statements": 31, "percent_covered": 67.74193548387096, "percent_covered_display": "67.74", "missing_lines": 10, "excluded_lines": 0}, "missing_lines": [2869, 2870, 2880, 2881, 2882, 2883, 2895, 2896, 2897, 2898], "excluded_lines": []}, "CyncTCPDevice.reader": {"executed_lines": [2917], "summary": {"covered_lines": 1, "num_statements": 1, "percent_covered": 100.0, "percent_covered_display": "100.00", "missing_lines": 0, "excluded_lines": 0}, "missing_lines": [], "excluded_lines": []}, "CyncTCPDevice.writer": {"executed_lines": [2925], "summary": {"covered_lines": 1, "num_statements": 1, "percent_covered": 100.0, "percent_covered_display": "100.00", "missing_lines": 0, "excluded_lines": 0}, "missing_lines": [], "excluded_lines": []}, "": {"executed_lines": [1, 2, 3, 4, 5, 7, 18, 19, 20, 21, 34, 36, 37, 38, 41, 42, 47, 48, 49, 50, 51, 52, 53, 54, 55, 56, 57, 58, 59, 60, 61, 63, 109, 110, 126, 127, 131, 132, 135, 136, 156, 157, 160, 161, 164, 165, 172, 173, 178, 179, 186, 187, 197, 198, 205, 206, 216, 217, 224, 225, 228, 229, 236, 237, 240, 241, 246, 247, 254, 255, 258, 259, 266, 267, 270, 286, 410, 452, 597, 706, 826, 979, 980, 983, 984, 992, 993, 1008, 1009, 1012, 1013, 1017, 1018, 1021, 1022, 1050, 1051, 1054, 1055, 1062, 1063, 1066, 1067, 1074, 1075, 1078, 1079, 1086, 1087, 1090, 1091, 1098, 1099, 1102, 1103, 1110, 1111, 1115, 1116, 1123, 1126, 1130, 1131, 1135, 1136, 1137, 1138, 1139, 1140, 1142, 1175, 1176, 1180, 1181, 1188, 1189, 1196, 1233, 1341, 1443, 1545, 1548, 1552, 1553, 1557, 1558, 1559, 1560, 1561, 1562, 1564, 1565, 1566, 1568, 1611, 1660, 1676, 1677, 1680, 1681, 1684, 1789, 2568, 2630, 2645, 2707, 2749, 2780, 2781, 2850, 2911, 2912, 2915, 2916, 2919, 2920, 2923, 2924], "summary": {"covered_lines": 171, "num_statements": 171, "percent_covered": 100.0, "percent_covered_display": "100.00", "missing_lines": 0, "excluded_lines": 4}, "missing_lines": [], "excluded_lines": [1123, 1126, 1545, 1548]}}, "classes": {"CyncDevice": {"executed_lines": [74, 75, 76, 77, 78, 79, 80, 81, 82, 83, 84, 85, 86, 87, 88, 89, 90, 91, 92, 94, 96, 98, 100, 101, 102, 103, 104, 105, 106, 107, 111, 112, 113, 115, 116, 117, 118, 128, 129, 133, 137, 138, 139, 140, 141, 142, 143, 149, 150, 151, 152, 154, 158, 162, 166, 167, 168, 170, 174, 176, 180, 181, 182, 183, 184, 188, 189, 191, 199, 200, 201, 203, 207, 208, 210, 218, 219, 220, 222, 226, 230, 231, 232, 233, 234, 238, 242, 243, 244, 248, 249, 250, 251, 252, 256, 260, 261, 262, 263, 264, 268, 275, 277, 278, 279, 280, 282, 284, 293, 294, 295, 296, 299, 312, 314, 315, 343, 344, 345, 348, 349, 351, 355, 356, 357, 358, 359, 360, 361, 362, 363, 364, 365, 366, 367, 368, 369, 370, 371, 378, 380, 381, 387, 388, 390, 395, 396, 397, 398, 416, 417, 418, 424, 425, 426, 427, 428, 430, 431, 450, 456, 461, 462, 470, 471, 474, 475, 476, 481, 482, 512, 513, 514, 517, 518, 520, 521, 522, 524, 525, 526, 527, 528, 529, 530, 531, 532, 533, 534, 535, 536, 537, 538, 539, 540, 541, 551, 554, 561, 562, 569, 570, 571, 572, 582, 583, 584, 604, 612, 613, 614, 615, 619, 620, 650, 651, 652, 655, 656, 658, 659, 660, 662, 663, 664, 665, 666, 667, 668, 669, 670, 671, 672, 673, 674, 675, 676, 677, 678, 679, 686, 687, 694, 695, 696, 697, 713, 721, 722, 723, 724, 725, 726, 727, 728, 729, 730, 731, 735, 736, 766, 767, 768, 771, 772, 774, 775, 776, 778, 779, 780, 781, 782, 783, 784, 785, 786, 787, 788, 789, 790, 791, 792, 793, 794, 795, 802, 803, 810, 811, 812, 813, 834, 887, 888, 889, 917, 918, 921, 922, 923, 925, 926, 927, 930, 931, 933, 934, 935, 937, 938, 939, 940, 941, 942, 943, 944, 945, 946, 947, 948, 949, 950, 951, 952, 953, 954, 960, 961, 968, 969, 970, 971, 981, 985, 986, 987, 988, 989, 990, 999, 1010, 1014, 1015, 1019, 1027, 1028, 1029, 1030, 1031, 1032, 1033, 1034, 1036, 1037, 1039, 1040, 1041, 1042, 1044, 1045, 1047, 1048, 1052, 1056, 1057, 1058, 1059, 1060, 1064, 1068, 1069, 1070, 1071, 1072, 1076, 1080, 1081, 1082, 1083, 1084, 1088, 1092, 1093, 1094, 1095, 1096, 1100, 1104, 1105, 1106, 1107, 1108, 1113, 1117, 1118, 1119, 1120, 1121], "summary": {"covered_lines": 395, "num_statements": 426, "percent_covered": 92.72300469483568, "percent_covered_display": "92.72", "missing_lines": 31, "excluded_lines": 6}, "missing_lines": [119, 124, 169, 175, 202, 221, 300, 307, 352, 353, 429, 432, 433, 434, 435, 437, 443, 444, 445, 446, 447, 448, 473, 552, 564, 591, 689, 805, 919, 920, 963], "excluded_lines": [456, 604, 713, 834, 1124, 1127]}, "CyncGroup": {"executed_lines": [1150, 1151, 1152, 1153, 1154, 1155, 1156, 1157, 1158, 1159, 1162, 1163, 1166, 1167, 1168, 1169, 1170, 1171, 1172, 1173, 1178, 1183, 1184, 1185, 1186, 1191, 1192, 1193, 1194, 1208, 1209, 1211, 1212, 1215, 1216, 1219, 1220, 1223, 1224, 1226, 1239, 1240, 1241, 1242, 1245, 1246, 1248, 1249, 1276, 1277, 1278, 1279, 1282, 1284, 1285, 1286, 1288, 1289, 1290, 1291, 1292, 1293, 1294, 1295, 1296, 1297, 1298, 1300, 1307, 1313, 1318, 1319, 1322, 1329, 1330, 1334, 1335, 1337, 1338, 1339, 1347, 1348, 1349, 1350, 1353, 1354, 1356, 1357, 1387, 1388, 1389, 1390, 1392, 1394, 1395, 1396, 1398, 1399, 1400, 1401, 1402, 1403, 1404, 1405, 1406, 1407, 1408, 1410, 1420, 1421, 1422, 1423, 1424, 1427, 1428, 1429, 1430, 1433, 1440, 1441, 1449, 1450, 1451, 1452, 1455, 1456, 1458, 1459, 1489, 1490, 1491, 1492, 1494, 1496, 1500, 1501, 1502, 1503, 1504, 1505, 1506, 1507, 1508, 1509, 1510, 1512, 1522, 1523, 1524, 1526, 1529, 1530, 1535, 1542, 1543, 1546, 1549], "summary": {"covered_lines": 155, "num_statements": 160, "percent_covered": 96.875, "percent_covered_display": "96.88", "missing_lines": 5, "excluded_lines": 2}, "missing_lines": [1497, 1498, 1525, 1531, 1532], "excluded_lines": [1546, 1549]}, "CyncTCPDevice": {"executed_lines": [1574, 1575, 1576, 1577, 1578, 1579, 1580, 1581, 1582, 1583, 1584, 1585, 1586, 1587, 1588, 1589, 1590, 1591, 1592, 1593, 1594, 1595, 1596, 1597, 1598, 1599, 1600, 1601, 1602, 1603, 1604, 1605, 1606, 1607, 1608, 1609, 1612, 1613, 1614, 1615, 1620, 1621, 1622, 1623, 1624, 1625, 1626, 1627, 1628, 1629, 1630, 1631, 1632, 1633, 1634, 1635, 1636, 1637, 1638, 1639, 1640, 1647, 1648, 1649, 1651, 1652, 1655, 1658, 1665, 1667, 1668, 1672, 1674, 1678, 1682, 1686, 1687, 1688, 1689, 1691, 1692, 1693, 1694, 1696, 1724, 1725, 1726, 1727, 1728, 1730, 1731, 1732, 1733, 1734, 1735, 1736, 1737, 1744, 1750, 1751, 1752, 1758, 1759, 1760, 1761, 1762, 1763, 1765, 1767, 1768, 1770, 1771, 1773, 1774, 1775, 1779, 1792, 1793, 1794, 1795, 1799, 1801, 1803, 1805, 1807, 1809, 1810, 1813, 1816, 1817, 1818, 1819, 1827, 1833, 1834, 1837, 1838, 1840, 1841, 1842, 1843, 1845, 1846, 1848, 1849, 1850, 1851, 1852, 1853, 1854, 1860, 1863, 1864, 1865, 1928, 1929, 1930, 1934, 1935, 1936, 1940, 1941, 1944, 1949, 1971, 1973, 1974, 1975, 1976, 1977, 1980, 1991, 1992, 1993, 1994, 1995, 1997, 1998, 2000, 2142, 2145, 2631, 2632, 2634, 2635, 2636, 2637, 2638, 2639, 2640, 2642, 2643, 2647, 2648, 2649, 2650, 2652, 2653, 2654, 2699, 2700, 2701, 2705, 2713, 2714, 2715, 2716, 2717, 2718, 2719, 2720, 2721, 2729, 2730, 2741, 2744, 2745, 2747, 2751, 2752, 2753, 2754, 2755, 2756, 2757, 2758, 2759, 2760, 2761, 2766, 2768, 2769, 2771, 2777, 2778, 2788, 2796, 2797, 2798, 2799, 2800, 2801, 2805, 2806, 2807, 2809, 2810, 2812, 2819, 2820, 2828, 2829, 2830, 2838, 2842, 2848, 2851, 2858, 2859, 2860, 2861, 2868, 2874, 2875, 2876, 2877, 2878, 2879, 2888, 2890, 2891, 2892, 2893, 2894, 2903, 2905, 2906, 2913, 2917, 2921, 2925], "summary": {"covered_lines": 281, "num_statements": 597, "percent_covered": 47.06867671691792, "percent_covered_display": "47.07", "missing_lines": 316, "excluded_lines": 6}, "missing_lines": [1641, 1642, 1643, 1644, 1645, 1669, 1670, 1697, 1702, 1703, 1704, 1705, 1708, 1719, 1721, 1722, 1723, 1739, 1777, 1778, 1780, 1859, 1862, 1890, 1891, 1892, 1901, 1902, 1904, 1905, 1906, 1908, 1909, 1910, 1915, 1917, 1958, 1963, 1964, 1965, 1970, 2002, 2003, 2004, 2006, 2007, 2013, 2014, 2015, 2023, 2024, 2025, 2026, 2027, 2028, 2029, 2030, 2031, 2032, 2033, 2034, 2035, 2036, 2037, 2038, 2039, 2051, 2052, 2053, 2054, 2055, 2056, 2063, 2066, 2067, 2074, 2077, 2079, 2080, 2081, 2086, 2092, 2094, 2096, 2097, 2102, 2110, 2126, 2127, 2137, 2147, 2149, 2150, 2151, 2154, 2156, 2157, 2158, 2160, 2161, 2164, 2165, 2166, 2170, 2172, 2173, 2178, 2179, 2180, 2181, 2182, 2186, 2187, 2194, 2201, 2208, 2209, 2210, 2211, 2212, 2220, 2221, 2229, 2230, 2231, 2232, 2233, 2234, 2236, 2237, 2242, 2243, 2244, 2250, 2251, 2252, 2253, 2254, 2255, 2256, 2257, 2258, 2259, 2260, 2261, 2262, 2263, 2266, 2267, 2268, 2281, 2282, 2283, 2285, 2286, 2287, 2291, 2292, 2293, 2294, 2295, 2302, 2303, 2311, 2312, 2313, 2315, 2317, 2320, 2327, 2330, 2331, 2332, 2335, 2336, 2337, 2338, 2347, 2355, 2356, 2360, 2378, 2379, 2380, 2381, 2399, 2401, 2404, 2405, 2406, 2408, 2421, 2433, 2434, 2435, 2436, 2437, 2438, 2443, 2446, 2447, 2448, 2454, 2455, 2456, 2467, 2472, 2473, 2480, 2481, 2487, 2488, 2489, 2490, 2495, 2496, 2497, 2506, 2507, 2508, 2513, 2514, 2515, 2516, 2518, 2519, 2520, 2521, 2533, 2541, 2548, 2553, 2555, 2556, 2557, 2558, 2562, 2566, 2577, 2579, 2581, 2583, 2585, 2588, 2590, 2611, 2612, 2613, 2614, 2615, 2616, 2618, 2619, 2620, 2621, 2622, 2623, 2624, 2625, 2626, 2627, 2628, 2655, 2656, 2658, 2659, 2662, 2663, 2664, 2673, 2674, 2675, 2676, 2677, 2680, 2681, 2688, 2689, 2690, 2691, 2692, 2693, 2696, 2697, 2702, 2703, 2722, 2728, 2731, 2733, 2734, 2735, 2736, 2737, 2738, 2739, 2742, 2743, 2762, 2763, 2764, 2823, 2831, 2832, 2836, 2844, 2869, 2870, 2880, 2881, 2882, 2883, 2895, 2896, 2897, 2898], "excluded_lines": [1923, 1924, 1925, 1985, 1986, 1987]}, "": {"executed_lines": [1, 2, 3, 4, 5, 7, 18, 19, 20, 21, 34, 36, 37, 38, 41, 42, 47, 48, 49, 50, 51, 52, 53, 54, 55, 56, 57, 58, 59, 60, 61, 63, 109, 110, 126, 127, 131, 132, 135, 136, 156, 157, 160, 161, 164, 165, 172, 173, 178, 179, 186, 187, 197, 198, 205, 206, 216, 217, 224, 225, 228, 229, 236, 237, 240, 241, 246, 247, 254, 255, 258, 259, 266, 267, 270, 286, 410, 452, 597, 706, 826, 979, 980, 983, 984, 992, 993, 1008, 1009, 1012, 1013, 1017, 1018, 1021, 1022, 1050, 1051, 1054, 1055, 1062, 1063, 1066, 1067, 1074, 1075, 1078, 1079, 1086, 1087, 1090, 1091, 1098, 1099, 1102, 1103, 1110, 1111, 1115, 1116, 1123, 1126, 1130, 1131, 1135, 1136, 1137, 1138, 1139, 1140, 1142, 1175, 1176, 1180, 1181, 1188, 1189, 1196, 1233, 1341, 1443, 1545, 1548, 1552, 1553, 1557, 1558, 1559, 1560, 1561, 1562, 1564, 1565, 1566, 1568, 1611, 1660, 1676, 1677, 1680, 1681, 1684, 1789, 2568, 2630, 2645, 2707, 2749, 2780, 2781, 2850, 2911, 2912, 2915, 2916, 2919, 2920, 2923, 2924], "summary": {"covered_lines": 171, "num_statements": 171, "percent_covered": 100.0, "percent_covered_display": "100.00", "missing_lines": 0, "excluded_lines": 4}, "missing_lines": [], "excluded_lines": [1123, 1126, 1545, 1548]}}}, "src/cync_controller/exporter.py": {"executed_lines": [1, 3, 4, 5, 7, 8, 9, 10, 11, 12, 13, 15, 21, 22, 24, 25, 28, 29, 31, 34, 36, 44, 51, 52, 54, 55, 58, 59, 61, 62, 63, 64, 65, 66, 67, 68, 71, 72, 73, 74, 76, 79, 80, 82, 83, 84, 89, 90, 91, 92, 95, 96, 98, 99, 100, 101, 102, 106, 108, 112, 114, 115, 116, 117, 118, 132, 135, 137, 138, 141, 142, 144, 145, 146, 147, 148, 149, 150, 151, 152, 154, 160, 163, 164, 166, 169, 170, 172, 173, 174, 175, 178, 179, 181, 182, 183, 184, 185, 187, 188, 189, 190, 192, 193, 194, 207, 209, 210, 216, 218, 219, 220, 221, 222, 223, 224, 229, 231, 233, 234, 235, 236, 244, 247, 248, 252], "summary": {"covered_lines": 123, "num_statements": 146, "percent_covered": 84.24657534246575, "percent_covered_display": "84.25", "missing_lines": 23, "excluded_lines": 0}, "missing_lines": [69, 70, 85, 86, 87, 120, 121, 126, 127, 133, 134, 156, 157, 158, 225, 227, 237, 238, 239, 240, 242, 253, 254], "excluded_lines": [], "functions": {"get_index": {"executed_lines": [54, 55], "summary": {"covered_lines": 2, "num_statements": 2, "percent_covered": 100.0, "percent_covered_display": "100.00", "missing_lines": 0, "excluded_lines": 0}, "missing_lines": [], "excluded_lines": []}, "start_export": {"executed_lines": [61, 62, 63, 64, 65, 66, 67, 68, 71, 72, 73, 74, 76], "summary": {"covered_lines": 13, "num_statements": 15, "percent_covered": 86.66666666666667, "percent_covered_display": "86.67", "missing_lines": 2, "excluded_lines": 0}, "missing_lines": [69, 70], "excluded_lines": []}, "request_otp": {"executed_lines": [82, 83, 84, 89, 90, 91, 92], "summary": {"covered_lines": 7, "num_statements": 10, "percent_covered": 70.0, "percent_covered_display": "70.00", "missing_lines": 3, "excluded_lines": 0}, "missing_lines": [85, 86, 87], "excluded_lines": []}, "restart": {"executed_lines": [98, 99, 100, 101, 102, 106, 108, 112, 114, 115, 116, 117, 118, 132, 135, 137, 138], "summary": {"covered_lines": 17, "num_statements": 23, "percent_covered": 73.91304347826087, "percent_covered_display": "73.91", "missing_lines": 6, "excluded_lines": 0}, "missing_lines": [120, 121, 126, 127, 133, 134], "excluded_lines": []}, "submit_otp": {"executed_lines": [144, 145, 146, 147, 148, 149, 150, 151, 152, 154, 160], "summary": {"covered_lines": 11, "num_statements": 14, "percent_covered": 78.57142857142857, "percent_covered_display": "78.57", "missing_lines": 3, "excluded_lines": 0}, "missing_lines": [156, 157, 158], "excluded_lines": []}, "health_check": {"executed_lines": [166], "summary": {"covered_lines": 1, "num_statements": 1, "percent_covered": 100.0, "percent_covered_display": "100.00", "missing_lines": 0, "excluded_lines": 0}, "missing_lines": [], "excluded_lines": []}, "download_config": {"executed_lines": [172, 173, 174, 175], "summary": {"covered_lines": 4, "num_statements": 4, "percent_covered": 100.0, "percent_covered_display": "100.00", "missing_lines": 0, "excluded_lines": 0}, "missing_lines": [], "excluded_lines": []}, "ExportServer.__new__": {"executed_lines": [188, 189, 190], "summary": {"covered_lines": 3, "num_statements": 3, "percent_covered": 100.0, "percent_covered_display": "100.00", "missing_lines": 0, "excluded_lines": 0}, "missing_lines": [], "excluded_lines": []}, "ExportServer.__init__": {"executed_lines": [193, 194], "summary": {"covered_lines": 2, "num_statements": 2, "percent_covered": 100.0, "percent_covered_display": "100.00", "missing_lines": 0, "excluded_lines": 0}, "missing_lines": [], "excluded_lines": []}, "ExportServer.start": {"executed_lines": [209, 210, 216, 218, 219, 220, 221, 222, 223, 224, 229], "summary": {"covered_lines": 11, "num_statements": 13, "percent_covered": 84.61538461538461, "percent_covered_display": "84.62", "missing_lines": 2, "excluded_lines": 0}, "missing_lines": [225, 227], "excluded_lines": []}, "ExportServer.stop": {"executed_lines": [233, 234, 235, 236, 244, 247, 248, 252], "summary": {"covered_lines": 8, "num_statements": 15, "percent_covered": 53.333333333333336, "percent_covered_display": "53.33", "missing_lines": 7, "excluded_lines": 0}, "missing_lines": [237, 238, 239, 240, 242, 253, 254], "excluded_lines": []}, "": {"executed_lines": [1, 3, 4, 5, 7, 8, 9, 10, 11, 12, 13, 15, 21, 22, 24, 25, 28, 29, 31, 34, 36, 44, 51, 52, 58, 59, 79, 80, 95, 96, 141, 142, 163, 164, 169, 170, 178, 179, 181, 182, 183, 184, 185, 187, 192, 207, 231], "summary": {"covered_lines": 44, "num_statements": 44, "percent_covered": 100.0, "percent_covered_display": "100.00", "missing_lines": 0, "excluded_lines": 0}, "missing_lines": [], "excluded_lines": []}}, "classes": {"OTPRequest": {"executed_lines": [], "summary": {"covered_lines": 0, "num_statements": 0, "percent_covered": 100.0, "percent_covered_display": "100.00", "missing_lines": 0, "excluded_lines": 0}, "missing_lines": [], "excluded_lines": []}, "ExportServer": {"executed_lines": [188, 189, 190, 193, 194, 209, 210, 216, 218, 219, 220, 221, 222, 223, 224, 229, 233, 234, 235, 236, 244, 247, 248, 252], "summary": {"covered_lines": 24, "num_statements": 33, "percent_covered": 72.72727272727273, "percent_covered_display": "72.73", "missing_lines": 9, "excluded_lines": 0}, "missing_lines": [225, 227, 237, 238, 239, 240, 242, 253, 254], "excluded_lines": []}, "": {"executed_lines": [1, 3, 4, 5, 7, 8, 9, 10, 11, 12, 13, 15, 21, 22, 24, 25, 28, 29, 31, 34, 36, 44, 51, 52, 54, 55, 58, 59, 61, 62, 63, 64, 65, 66, 67, 68, 71, 72, 73, 74, 76, 79, 80, 82, 83, 84, 89, 90, 91, 92, 95, 96, 98, 99, 100, 101, 102, 106, 108, 112, 114, 115, 116, 117, 118, 132, 135, 137, 138, 141, 142, 144, 145, 146, 147, 148, 149, 150, 151, 152, 154, 160, 163, 164, 166, 169, 170, 172, 173, 174, 175, 178, 179, 181, 182, 183, 184, 185, 187, 192, 207, 231], "summary": {"covered_lines": 99, "num_statements": 113, "percent_covered": 87.61061946902655, "percent_covered_display": "87.61", "missing_lines": 14, "excluded_lines": 0}, "missing_lines": [69, 70, 85, 86, 87, 120, 121, 126, 127, 133, 134, 156, 157, 158], "excluded_lines": []}}}, "src/cync_controller/instrumentation.py": {"executed_lines": [1, 8, 10, 11, 12, 13, 14, 16, 22, 23, 26, 36, 39, 56, 57, 58, 60, 64, 67, 70, 71, 73, 74, 75, 77, 78, 80, 82, 85, 102, 105, 106, 108, 112, 115, 118, 119, 121, 122, 123, 125, 126, 128, 130, 133, 143, 157], "summary": {"covered_lines": 46, "num_statements": 49, "percent_covered": 93.87755102040816, "percent_covered_display": "93.88", "missing_lines": 3, "excluded_lines": 2}, "missing_lines": [68, 116, 144], "excluded_lines": [40, 86], "functions": {"measure_time": {"executed_lines": [36], "summary": {"covered_lines": 1, "num_statements": 1, "percent_covered": 100.0, "percent_covered_display": "100.00", "missing_lines": 0, "excluded_lines": 0}, "missing_lines": [], "excluded_lines": []}, "timed": {"executed_lines": [56, 57, 82], "summary": {"covered_lines": 3, "num_statements": 3, "percent_covered": 100.0, "percent_covered_display": "100.00", "missing_lines": 0, "excluded_lines": 1}, "missing_lines": [], "excluded_lines": [40]}, "timed.decorator": {"executed_lines": [58, 80], "summary": {"covered_lines": 2, "num_statements": 2, "percent_covered": 100.0, "percent_covered_display": "100.00", "missing_lines": 0, "excluded_lines": 0}, "missing_lines": [], "excluded_lines": []}, "timed.decorator.wrapper": {"executed_lines": [60, 64, 67, 70, 71, 73, 74, 75, 77, 78], "summary": {"covered_lines": 10, "num_statements": 11, "percent_covered": 90.9090909090909, "percent_covered_display": "90.91", "missing_lines": 1, "excluded_lines": 0}, "missing_lines": [68], "excluded_lines": []}, "timed_async": {"executed_lines": [102, 105, 130], "summary": {"covered_lines": 3, "num_statements": 3, "percent_covered": 100.0, "percent_covered_display": "100.00", "missing_lines": 0, "excluded_lines": 1}, "missing_lines": [], "excluded_lines": [86]}, "timed_async.decorator": {"executed_lines": [106, 128], "summary": {"covered_lines": 2, "num_statements": 2, "percent_covered": 100.0, "percent_covered_display": "100.00", "missing_lines": 0, "excluded_lines": 0}, "missing_lines": [], "excluded_lines": []}, "timed_async.decorator.wrapper": {"executed_lines": [108, 112, 115, 118, 119, 121, 122, 123, 125, 126], "summary": {"covered_lines": 10, "num_statements": 11, "percent_covered": 90.9090909090909, "percent_covered_display": "90.91", "missing_lines": 1, "excluded_lines": 0}, "missing_lines": [116], "excluded_lines": []}, "_log_timing": {"executed_lines": [143, 157], "summary": {"covered_lines": 2, "num_statements": 3, "percent_covered": 66.66666666666667, "percent_covered_display": "66.67", "missing_lines": 1, "excluded_lines": 0}, "missing_lines": [144], "excluded_lines": []}, "": {"executed_lines": [1, 8, 10, 11, 12, 13, 14, 16, 22, 23, 26, 39, 85, 133], "summary": {"covered_lines": 13, "num_statements": 13, "percent_covered": 100.0, "percent_covered_display": "100.00", "missing_lines": 0, "excluded_lines": 0}, "missing_lines": [], "excluded_lines": []}}, "classes": {"": {"executed_lines": [1, 8, 10, 11, 12, 13, 14, 16, 22, 23, 26, 36, 39, 56, 57, 58, 60, 64, 67, 70, 71, 73, 74, 75, 77, 78, 80, 82, 85, 102, 105, 106, 108, 112, 115, 118, 119, 121, 122, 123, 125, 126, 128, 130, 133, 143, 157], "summary": {"covered_lines": 46, "num_statements": 49, "percent_covered": 93.87755102040816, "percent_covered_display": "93.88", "missing_lines": 3, "excluded_lines": 2}, "missing_lines": [68, 116, 144], "excluded_lines": [40, 86]}}}, "src/cync_controller/logging_abstraction.py": {"executed_lines": [1, 8, 10, 11, 12, 13, 14, 15, 17, 25, 26, 28, 31, 33, 45, 46, 49, 50, 53, 56, 59, 60, 62, 64, 69, 72, 75, 76, 79, 81, 82, 83, 85, 88, 89, 96, 112, 113, 114, 117, 119, 120, 123, 124, 126, 133, 136, 137, 138, 139, 140, 141, 142, 143, 149, 150, 151, 164, 165, 166, 168, 171, 173, 175, 177, 179, 181, 183, 185, 187, 189, 191, 193, 197, 199, 200, 202, 206, 210, 214, 215, 220, 239, 245, 246, 247, 249], "summary": {"covered_lines": 83, "num_statements": 100, "percent_covered": 83.0, "percent_covered_display": "83.00", "missing_lines": 17, "excluded_lines": 0}, "missing_lines": [54, 144, 146, 152, 153, 156, 157, 158, 159, 160, 161, 162, 195, 204, 208, 212, 217], "excluded_lines": [], "functions": {"JSONFormatter.format": {"executed_lines": [31, 33, 45, 46, 49, 50, 53, 56], "summary": {"covered_lines": 8, "num_statements": 9, "percent_covered": 88.88888888888889, "percent_covered_display": "88.89", "missing_lines": 1, "excluded_lines": 0}, "missing_lines": [54], "excluded_lines": []}, "HumanReadableFormatter.__init__": {"executed_lines": [64], "summary": {"covered_lines": 1, "num_statements": 1, "percent_covered": 100.0, "percent_covered_display": "100.00", "missing_lines": 0, "excluded_lines": 0}, "missing_lines": [], "excluded_lines": []}, "HumanReadableFormatter.format": {"executed_lines": [72, 75, 76, 79, 81, 82, 83, 85], "summary": {"covered_lines": 8, "num_statements": 8, "percent_covered": 100.0, "percent_covered_display": "100.00", "missing_lines": 0, "excluded_lines": 0}, "missing_lines": [], "excluded_lines": []}, "CyncLogger.__init__": {"executed_lines": [112, 113, 114, 117, 119, 120, 123, 124], "summary": {"covered_lines": 8, "num_statements": 8, "percent_covered": 100.0, "percent_covered_display": "100.00", "missing_lines": 0, "excluded_lines": 0}, "missing_lines": [], "excluded_lines": []}, "CyncLogger._configure_handlers": {"executed_lines": [133, 136, 137, 138, 139, 140, 141, 142, 143, 149, 150, 151, 164, 165, 166], "summary": {"covered_lines": 15, "num_statements": 26, "percent_covered": 57.69230769230769, "percent_covered_display": "57.69", "missing_lines": 11, "excluded_lines": 0}, "missing_lines": [144, 146, 152, 153, 156, 157, 158, 159, 160, 161, 162], "excluded_lines": []}, "CyncLogger._log": {"executed_lines": [171, 173, 175], "summary": {"covered_lines": 3, "num_statements": 3, "percent_covered": 100.0, "percent_covered_display": "100.00", "missing_lines": 0, "excluded_lines": 0}, "missing_lines": [], "excluded_lines": []}, "CyncLogger.debug": {"executed_lines": [179], "summary": {"covered_lines": 1, "num_statements": 1, "percent_covered": 100.0, "percent_covered_display": "100.00", "missing_lines": 0, "excluded_lines": 0}, "missing_lines": [], "excluded_lines": []}, "CyncLogger.info": {"executed_lines": [183], "summary": {"covered_lines": 1, "num_statements": 1, "percent_covered": 100.0, "percent_covered_display": "100.00", "missing_lines": 0, "excluded_lines": 0}, "missing_lines": [], "excluded_lines": []}, "CyncLogger.warning": {"executed_lines": [187], "summary": {"covered_lines": 1, "num_statements": 1, "percent_covered": 100.0, "percent_covered_display": "100.00", "missing_lines": 0, "excluded_lines": 0}, "missing_lines": [], "excluded_lines": []}, "CyncLogger.error": {"executed_lines": [191], "summary": {"covered_lines": 1, "num_statements": 1, "percent_covered": 100.0, "percent_covered_display": "100.00", "missing_lines": 0, "excluded_lines": 0}, "missing_lines": [], "excluded_lines": []}, "CyncLogger.critical": {"executed_lines": [], "summary": {"covered_lines": 0, "num_statements": 1, "percent_covered": 0.0, "percent_covered_display": "0.00", "missing_lines": 1, "excluded_lines": 0}, "missing_lines": [195], "excluded_lines": []}, "CyncLogger.exception": {"executed_lines": [199, 200], "summary": {"covered_lines": 2, "num_statements": 2, "percent_covered": 100.0, "percent_covered_display": "100.00", "missing_lines": 0, "excluded_lines": 0}, "missing_lines": [], "excluded_lines": []}, "CyncLogger.set_level": {"executed_lines": [], "summary": {"covered_lines": 0, "num_statements": 1, "percent_covered": 0.0, "percent_covered_display": "0.00", "missing_lines": 1, "excluded_lines": 0}, "missing_lines": [204], "excluded_lines": []}, "CyncLogger.add_handler": {"executed_lines": [], "summary": {"covered_lines": 0, "num_statements": 1, "percent_covered": 0.0, "percent_covered_display": "0.00", "missing_lines": 1, "excluded_lines": 0}, "missing_lines": [208], "excluded_lines": []}, "CyncLogger.remove_handler": {"executed_lines": [], "summary": {"covered_lines": 0, "num_statements": 1, "percent_covered": 0.0, "percent_covered_display": "0.00", "missing_lines": 1, "excluded_lines": 0}, "missing_lines": [212], "excluded_lines": []}, "CyncLogger.handlers": {"executed_lines": [], "summary": {"covered_lines": 0, "num_statements": 1, "percent_covered": 0.0, "percent_covered_display": "0.00", "missing_lines": 1, "excluded_lines": 0}, "missing_lines": [217], "excluded_lines": []}, "get_logger": {"executed_lines": [239, 245, 246, 247, 249], "summary": {"covered_lines": 5, "num_statements": 5, "percent_covered": 100.0, "percent_covered_display": "100.00", "missing_lines": 0, "excluded_lines": 0}, "missing_lines": [], "excluded_lines": []}, "": {"executed_lines": [1, 8, 10, 11, 12, 13, 14, 15, 17, 25, 26, 28, 59, 60, 62, 69, 88, 89, 96, 126, 168, 177, 181, 185, 189, 193, 197, 202, 206, 210, 214, 215, 220], "summary": {"covered_lines": 29, "num_statements": 29, "percent_covered": 100.0, "percent_covered_display": "100.00", "missing_lines": 0, "excluded_lines": 0}, "missing_lines": [], "excluded_lines": []}}, "classes": {"JSONFormatter": {"executed_lines": [31, 33, 45, 46, 49, 50, 53, 56], "summary": {"covered_lines": 8, "num_statements": 9, "percent_covered": 88.88888888888889, "percent_covered_display": "88.89", "missing_lines": 1, "excluded_lines": 0}, "missing_lines": [54], "excluded_lines": []}, "HumanReadableFormatter": {"executed_lines": [64, 72, 75, 76, 79, 81, 82, 83, 85], "summary": {"covered_lines": 9, "num_statements": 9, "percent_covered": 100.0, "percent_covered_display": "100.00", "missing_lines": 0, "excluded_lines": 0}, "missing_lines": [], "excluded_lines": []}, "CyncLogger": {"executed_lines": [112, 113, 114, 117, 119, 120, 123, 124, 133, 136, 137, 138, 139, 140, 141, 142, 143, 149, 150, 151, 164, 165, 166, 171, 173, 175, 179, 183, 187, 191, 199, 200], "summary": {"covered_lines": 32, "num_statements": 48, "percent_covered": 66.66666666666667, "percent_covered_display": "66.67", "missing_lines": 16, "excluded_lines": 0}, "missing_lines": [144, 146, 152, 153, 156, 157, 158, 159, 160, 161, 162, 195, 204, 208, 212, 217], "excluded_lines": []}, "": {"executed_lines": [1, 8, 10, 11, 12, 13, 14, 15, 17, 25, 26, 28, 59, 60, 62, 69, 88, 89, 96, 126, 168, 177, 181, 185, 189, 193, 197, 202, 206, 210, 214, 215, 220, 239, 245, 246, 247, 249], "summary": {"covered_lines": 34, "num_statements": 34, "percent_covered": 100.0, "percent_covered_display": "100.00", "missing_lines": 0, "excluded_lines": 0}, "missing_lines": [], "excluded_lines": []}}}, "src/cync_controller/main.py": {"executed_lines": [1, 3, 4, 5, 6, 7, 8, 9, 11, 13, 14, 22, 23, 24, 25, 26, 27, 28, 31, 32, 35, 36, 39, 42, 43, 44, 51, 52, 53, 54, 55, 56, 57, 60, 61, 62, 64, 67, 68, 69, 70, 72, 73, 74, 75, 77, 78, 79, 80, 81, 83, 88, 89, 91, 93, 96, 98, 99, 101, 102, 106, 108, 117, 118, 121, 122, 123, 125, 127, 136, 137, 138, 139, 140, 143, 145, 146, 155, 157, 158, 161, 162, 164, 172, 178, 179, 181, 182, 183, 185, 187, 188, 190, 191, 195, 196, 221], "summary": {"covered_lines": 97, "num_statements": 137, "percent_covered": 70.8029197080292, "percent_covered_display": "70.80", "missing_lines": 40, "excluded_lines": 0}, "missing_lines": [34, 147, 148, 152, 153, 184, 201, 202, 203, 204, 208, 210, 214, 215, 223, 224, 227, 231, 235, 237, 238, 239, 240, 241, 243, 244, 246, 247, 248, 249, 250, 251, 252, 253, 258, 260, 261, 262, 263, 264], "excluded_lines": [], "functions": {"CyncController.__new__": {"executed_lines": [73, 74, 75], "summary": {"covered_lines": 3, "num_statements": 3, "percent_covered": 100.0, "percent_covered_display": "100.00", "missing_lines": 0, "excluded_lines": 0}, "missing_lines": [], "excluded_lines": []}, "CyncController.__init__": {"executed_lines": [78, 79, 80, 81, 83, 88, 89, 91], "summary": {"covered_lines": 8, "num_statements": 8, "percent_covered": 100.0, "percent_covered_display": "100.00", "missing_lines": 0, "excluded_lines": 0}, "missing_lines": [], "excluded_lines": []}, "CyncController.start": {"executed_lines": [96, 98, 99, 101, 102, 106, 108, 117, 118, 121, 122, 123, 125, 127, 136, 137, 138, 139, 140, 143, 145, 146], "summary": {"covered_lines": 22, "num_statements": 26, "percent_covered": 84.61538461538461, "percent_covered_display": "84.62", "missing_lines": 4, "excluded_lines": 0}, "missing_lines": [147, 148, 152, 153], "excluded_lines": []}, "CyncController.stop": {"executed_lines": [157, 158], "summary": {"covered_lines": 2, "num_statements": 2, "percent_covered": 100.0, "percent_covered_display": "100.00", "missing_lines": 0, "excluded_lines": 0}, "missing_lines": [], "excluded_lines": []}, "parse_cli": {"executed_lines": [162, 164, 172, 178, 179, 181, 182, 183, 185, 187, 188, 190, 191, 195, 196], "summary": {"covered_lines": 15, "num_statements": 24, "percent_covered": 62.5, "percent_covered_display": "62.50", "missing_lines": 9, "excluded_lines": 0}, "missing_lines": [184, 201, 202, 203, 204, 208, 210, 214, 215], "excluded_lines": []}, "main": {"executed_lines": [], "summary": {"covered_lines": 0, "num_statements": 26, "percent_covered": 0.0, "percent_covered_display": "0.00", "missing_lines": 26, "excluded_lines": 0}, "missing_lines": [223, 224, 227, 231, 235, 237, 238, 239, 240, 241, 243, 244, 246, 247, 248, 249, 250, 251, 252, 253, 258, 260, 261, 262, 263, 264], "excluded_lines": []}, "": {"executed_lines": [1, 3, 4, 5, 6, 7, 8, 9, 11, 13, 14, 22, 23, 24, 25, 26, 27, 28, 31, 32, 35, 36, 39, 42, 43, 44, 51, 52, 53, 54, 55, 56, 57, 60, 61, 62, 64, 67, 68, 69, 70, 72, 77, 93, 155, 161, 221], "summary": {"covered_lines": 47, "num_statements": 48, "percent_covered": 97.91666666666667, "percent_covered_display": "97.92", "missing_lines": 1, "excluded_lines": 0}, "missing_lines": [34], "excluded_lines": []}}, "classes": {"CyncController": {"executed_lines": [73, 74, 75, 78, 79, 80, 81, 83, 88, 89, 91, 96, 98, 99, 101, 102, 106, 108, 117, 118, 121, 122, 123, 125, 127, 136, 137, 138, 139, 140, 143, 145, 146, 157, 158], "summary": {"covered_lines": 35, "num_statements": 39, "percent_covered": 89.74358974358974, "percent_covered_display": "89.74", "missing_lines": 4, "excluded_lines": 0}, "missing_lines": [147, 148, 152, 153], "excluded_lines": []}, "": {"executed_lines": [1, 3, 4, 5, 6, 7, 8, 9, 11, 13, 14, 22, 23, 24, 25, 26, 27, 28, 31, 32, 35, 36, 39, 42, 43, 44, 51, 52, 53, 54, 55, 56, 57, 60, 61, 62, 64, 67, 68, 69, 70, 72, 77, 93, 155, 161, 162, 164, 172, 178, 179, 181, 182, 183, 185, 187, 188, 190, 191, 195, 196, 221], "summary": {"covered_lines": 62, "num_statements": 98, "percent_covered": 63.265306122448976, "percent_covered_display": "63.27", "missing_lines": 36, "excluded_lines": 0}, "missing_lines": [34, 184, 201, 202, 203, 204, 208, 210, 214, 215, 223, 224, 227, 231, 235, 237, 238, 239, 240, 241, 243, 244, 246, 247, 248, 249, 250, 251, 252, 253, 258, 260, 261, 262, 263, 264], "excluded_lines": []}}}, "src/cync_controller/metadata/__init__.py": {"executed_lines": [1, 3], "summary": {"covered_lines": 2, "num_statements": 2, "percent_covered": 100.0, "percent_covered_display": "100.00", "missing_lines": 0, "excluded_lines": 0}, "missing_lines": [], "excluded_lines": [], "functions": {"": {"executed_lines": [1, 3], "summary": {"covered_lines": 2, "num_statements": 2, "percent_covered": 100.0, "percent_covered_display": "100.00", "missing_lines": 0, "excluded_lines": 0}, "missing_lines": [], "excluded_lines": []}}, "classes": {"": {"executed_lines": [1, 3], "summary": {"covered_lines": 2, "num_statements": 2, "percent_covered": 100.0, "percent_covered_display": "100.00", "missing_lines": 0, "excluded_lines": 0}, "missing_lines": [], "excluded_lines": []}}}, "src/cync_controller/metadata/model_info.py": {"executed_lines": [1, 2, 4, 5, 8, 9, 10, 11, 12, 13, 16, 17, 18, 19, 20, 21, 24, 25, 26, 27, 28, 29, 30, 31, 34, 35, 36, 37, 38, 41, 42, 43, 44, 45, 48, 49, 50, 51, 52, 53, 54, 55, 57, 58, 82, 83], "summary": {"covered_lines": 46, "num_statements": 65, "percent_covered": 70.76923076923077, "percent_covered_display": "70.77", "missing_lines": 19, "excluded_lines": 0}, "missing_lines": [60, 61, 62, 63, 64, 65, 66, 67, 68, 69, 70, 71, 73, 74, 75, 76, 77, 78, 79], "excluded_lines": [], "functions": {"DeviceTypeInfo.model_string": {"executed_lines": [], "summary": {"covered_lines": 0, "num_statements": 19, "percent_covered": 0.0, "percent_covered_display": "0.00", "missing_lines": 19, "excluded_lines": 0}, "missing_lines": [60, 61, 62, 63, 64, 65, 66, 67, 68, 69, 70, 71, 73, 74, 75, 76, 77, 78, 79], "excluded_lines": []}, "": {"executed_lines": [1, 2, 4, 5, 8, 9, 10, 11, 12, 13, 16, 17, 18, 19, 20, 21, 24, 25, 26, 27, 28, 29, 30, 31, 34, 35, 36, 37, 38, 41, 42, 43, 44, 45, 48, 49, 50, 51, 52, 53, 54, 55, 57, 58, 82, 83], "summary": {"covered_lines": 46, "num_statements": 46, "percent_covered": 100.0, "percent_covered_display": "100.00", "missing_lines": 0, "excluded_lines": 0}, "missing_lines": [], "excluded_lines": []}}, "classes": {"DeviceClassification": {"executed_lines": [], "summary": {"covered_lines": 0, "num_statements": 0, "percent_covered": 100.0, "percent_covered_display": "100.00", "missing_lines": 0, "excluded_lines": 0}, "missing_lines": [], "excluded_lines": []}, "SwitchCapabilities": {"executed_lines": [], "summary": {"covered_lines": 0, "num_statements": 0, "percent_covered": 100.0, "percent_covered_display": "100.00", "missing_lines": 0, "excluded_lines": 0}, "missing_lines": [], "excluded_lines": []}, "LightCapabilities": {"executed_lines": [], "summary": {"covered_lines": 0, "num_statements": 0, "percent_covered": 100.0, "percent_covered_display": "100.00", "missing_lines": 0, "excluded_lines": 0}, "missing_lines": [], "excluded_lines": []}, "DeviceProtocol": {"executed_lines": [], "summary": {"covered_lines": 0, "num_statements": 0, "percent_covered": 100.0, "percent_covered_display": "100.00", "missing_lines": 0, "excluded_lines": 0}, "missing_lines": [], "excluded_lines": []}, "LightCharacteristics": {"executed_lines": [], "summary": {"covered_lines": 0, "num_statements": 0, "percent_covered": 100.0, "percent_covered_display": "100.00", "missing_lines": 0, "excluded_lines": 0}, "missing_lines": [], "excluded_lines": []}, "DeviceTypeInfo": {"executed_lines": [], "summary": {"covered_lines": 0, "num_statements": 19, "percent_covered": 0.0, "percent_covered_display": "0.00", "missing_lines": 19, "excluded_lines": 0}, "missing_lines": [60, 61, 62, 63, 64, 65, 66, 67, 68, 69, 70, 71, 73, 74, 75, 76, 77, 78, 79], "excluded_lines": []}, "": {"executed_lines": [1, 2, 4, 5, 8, 9, 10, 11, 12, 13, 16, 17, 18, 19, 20, 21, 24, 25, 26, 27, 28, 29, 30, 31, 34, 35, 36, 37, 38, 41, 42, 43, 44, 45, 48, 49, 50, 51, 52, 53, 54, 55, 57, 58, 82, 83], "summary": {"covered_lines": 46, "num_statements": 46, "percent_covered": 100.0, "percent_covered_display": "100.00", "missing_lines": 0, "excluded_lines": 0}, "missing_lines": [], "excluded_lines": []}}}, "src/cync_controller/mqtt_client.py": {"executed_lines": [1, 2, 3, 4, 5, 6, 7, 8, 9, 10, 11, 13, 15, 16, 17, 18, 19, 20, 22, 23, 24, 29, 30, 32, 41, 42, 43, 44, 46, 48, 50, 52, 54, 55, 58, 59, 61, 63, 64, 65, 66, 68, 70, 71, 72, 73, 74, 76, 83, 84, 85, 86, 87, 89, 91, 92, 94, 95, 96, 98, 100, 102, 103, 106, 107, 111, 112, 113, 115, 116, 118, 120, 121, 124, 126, 127, 130, 131, 133, 141, 142, 143, 145, 147, 149, 152, 155, 156, 157, 158, 159, 160, 162, 166, 168, 171, 172, 174, 182, 183, 184, 186, 188, 190, 193, 195, 197, 200, 206, 208, 210, 212, 213, 215, 218, 219, 220, 221, 222, 224, 226, 227, 228, 229, 231, 232, 233, 234, 235, 236, 237, 239, 241, 242, 243, 245, 247, 248, 249, 250, 251, 252, 253, 263, 264, 266, 268, 270, 391, 392, 393, 394, 395, 396, 397, 398, 399, 400, 401, 410, 411, 412, 415, 416, 417, 422, 424, 425, 431, 432, 433, 438, 439, 441, 443, 444, 446, 447, 448, 449, 455, 458, 465, 466, 467, 469, 470, 471, 472, 473, 474, 509, 510, 511, 513, 514, 515, 608, 610, 621, 675, 677, 678, 680, 689, 702, 753, 782, 783, 784, 785, 792, 793, 794, 796, 797, 802, 803, 805, 811, 812, 813, 815, 816, 825, 826, 827, 828, 833, 834, 835, 838, 839, 840, 842, 856, 859, 860, 866, 868, 869, 875, 878, 879, 890, 896, 899, 900, 901, 903, 917, 919, 920, 921, 923, 924, 926, 935, 936, 937, 938, 946, 947, 949, 955, 956, 958, 972, 974, 975, 976, 978, 979, 981, 990, 991, 992, 993, 1002, 1004, 1005, 1007, 1008, 1016, 1017, 1019, 1025, 1026, 1027, 1028, 1032, 1033, 1045, 1048, 1091, 1093, 1099, 1100, 1105, 1106, 1107, 1108, 1109, 1112, 1119, 1128, 1133, 1134, 1135, 1136, 1137, 1140, 1181, 1237, 1239, 1240, 1241, 1242, 1249, 1250, 1251, 1252, 1257, 1258, 1266, 1267, 1272, 1277, 1278, 1280, 1281, 1283, 1289, 1290, 1293, 1294, 1295, 1305, 1306, 1311, 1312, 1313, 1314, 1315, 1318, 1319, 1321, 1324, 1326, 1331, 1334, 1335, 1337, 1339, 1341, 1342, 1357, 1358, 1359, 1366, 1382, 1384, 1385, 1386, 1387, 1393, 1394, 1405, 1408, 1409, 1410, 1411, 1417, 1418, 1430, 1433, 1435, 1436, 1437, 1439, 1440, 1441, 1443, 1444, 1445, 1446, 1447, 1448, 144
[...]
9, 171, 172, 173, 174, 175, 178, 179, 181, 182, 185, 186, 187, 188, 189, 190, 191, 194, 195, 200, 201, 202, 203, 204, 205, 208, 209, 210, 211, 214, 215, 218, 219, 220, 221, 222, 224, 227, 228, 229, 230, 232, 235, 236, 237, 240, 241, 244, 245, 246, 248, 249, 250, 251, 252, 253, 254, 255, 256, 257, 259, 260, 262, 263, 264, 266, 268, 286, 287, 288, 289, 290, 292, 293, 294, 296, 297, 341, 342, 344, 345, 346, 348, 349, 352, 353, 354, 355, 357, 358, 370, 371, 372, 375, 376, 388, 389, 390, 391, 392, 395, 396, 398, 399, 400, 406, 407, 417, 418, 419, 420, 421, 422], "summary": {"covered_lines": 193, "num_statements": 231, "percent_covered": 83.54978354978356, "percent_covered_display": "83.55", "missing_lines": 38, "excluded_lines": 10}, "missing_lines": [86, 87, 88, 89, 90, 91, 92, 93, 94, 95, 96, 97, 98, 101, 104, 109, 110, 111, 112, 113, 114, 216, 225, 233, 242, 302, 303, 334, 335, 336, 337, 338, 339, 364, 365, 366, 367, 408], "excluded_lines": [19, 20, 21, 22, 23, 24, 159, 160, 162, 163], "functions": {"GlobalObject.__new__": {"executed_lines": [75, 76, 77], "summary": {"covered_lines": 3, "num_statements": 3, "percent_covered": 100.0, "percent_covered_display": "100.00", "missing_lines": 0, "excluded_lines": 0}, "missing_lines": [], "excluded_lines": []}, "GlobalObject.reload_env": {"executed_lines": [], "summary": {"covered_lines": 0, "num_statements": 21, "percent_covered": 0.0, "percent_covered_display": "0.00", "missing_lines": 21, "excluded_lines": 0}, "missing_lines": [86, 87, 88, 89, 90, 91, 92, 93, 94, 95, 96, 97, 98, 101, 104, 109, 110, 111, 112, 113, 114], "excluded_lines": []}, "Tasks.__iter__": {"executed_lines": [125], "summary": {"covered_lines": 1, "num_statements": 1, "percent_covered": 100.0, "percent_covered_display": "100.00", "missing_lines": 0, "excluded_lines": 0}, "missing_lines": [], "excluded_lines": []}, "ControlMessageCallback.__init__": {"executed_lines": [146, 147, 148, 149, 150, 151, 152, 153], "summary": {"covered_lines": 8, "num_statements": 8, "percent_covered": 100.0, "percent_covered_display": "100.00", "missing_lines": 0, "excluded_lines": 0}, "missing_lines": [], "excluded_lines": []}, "ControlMessageCallback.elapsed": {"executed_lines": [157], "summary": {"covered_lines": 1, "num_statements": 1, "percent_covered": 100.0, "percent_covered_display": "100.00", "missing_lines": 0, "excluded_lines": 0}, "missing_lines": [], "excluded_lines": []}, "ControlMessageCallback.__str__": {"executed_lines": [160], "summary": {"covered_lines": 0, "num_statements": 0, "percent_covered": 100.0, "percent_covered_display": "100.00", "missing_lines": 0, "excluded_lines": 1}, "missing_lines": [], "excluded_lines": [160]}, "ControlMessageCallback.__repr__": {"executed_lines": [], "summary": {"covered_lines": 0, "num_statements": 0, "percent_covered": 100.0, "percent_covered_display": "100.00", "missing_lines": 0, "excluded_lines": 1}, "missing_lines": [], "excluded_lines": [163]}, "ControlMessageCallback.__eq__": {"executed_lines": [166], "summary": {"covered_lines": 1, "num_statements": 1, "percent_covered": 100.0, "percent_covered_display": "100.00", "missing_lines": 0, "excluded_lines": 0}, "missing_lines": [], "excluded_lines": []}, "ControlMessageCallback.__hash__": {"executed_lines": [169], "summary": {"covered_lines": 1, "num_statements": 1, "percent_covered": 100.0, "percent_covered_display": "100.00", "missing_lines": 0, "excluded_lines": 0}, "missing_lines": [], "excluded_lines": []}, "ControlMessageCallback.__call__": {"executed_lines": [172, 173, 174, 175], "summary": {"covered_lines": 4, "num_statements": 4, "percent_covered": 100.0, "percent_covered_display": "100.00", "missing_lines": 0, "excluded_lines": 0}, "missing_lines": [], "excluded_lines": []}, "Messages.__init__": {"executed_lines": [182], "summary": {"covered_lines": 1, "num_statements": 1, "percent_covered": 100.0, "percent_covered_display": "100.00", "missing_lines": 0, "excluded_lines": 0}, "missing_lines": [], "excluded_lines": []}, "PhoneAppStructs.__iter__": {"executed_lines": [], "summary": {"covered_lines": 0, "num_statements": 1, "percent_covered": 0.0, "percent_covered_display": "0.00", "missing_lines": 1, "excluded_lines": 0}, "missing_lines": [216], "excluded_lines": []}, "PhoneAppStructs.AppRequests.__iter__": {"executed_lines": [], "summary": {"covered_lines": 0, "num_statements": 1, "percent_covered": 0.0, "percent_covered_display": "0.00", "missing_lines": 1, "excluded_lines": 0}, "missing_lines": [225], "excluded_lines": []}, "PhoneAppStructs.AppResponses.__iter__": {"executed_lines": [], "summary": {"covered_lines": 0, "num_statements": 1, "percent_covered": 0.0, "percent_covered_display": "0.00", "missing_lines": 1, "excluded_lines": 0}, "missing_lines": [233], "excluded_lines": []}, "DeviceStructs.__iter__": {"executed_lines": [], "summary": {"covered_lines": 0, "num_statements": 1, "percent_covered": 0.0, "percent_covered_display": "0.00", "missing_lines": 1, "excluded_lines": 0}, "missing_lines": [242], "excluded_lines": []}, "DeviceStructs.DeviceRequests.__iter__": {"executed_lines": [260], "summary": {"covered_lines": 1, "num_statements": 1, "percent_covered": 100.0, "percent_covered_display": "100.00", "missing_lines": 0, "excluded_lines": 0}, "missing_lines": [], "excluded_lines": []}, "DeviceStructs.xab_generate_ack": {"executed_lines": [], "summary": {"covered_lines": 0, "num_statements": 8, "percent_covered": 0.0, "percent_covered_display": "0.00", "missing_lines": 8, "excluded_lines": 0}, "missing_lines": [302, 303, 334, 335, 336, 337, 338, 339], "excluded_lines": []}, "DeviceStructs.x88_generate_ack": {"executed_lines": [344, 345, 346], "summary": {"covered_lines": 3, "num_statements": 3, "percent_covered": 100.0, "percent_covered_display": "100.00", "missing_lines": 0, "excluded_lines": 0}, "missing_lines": [], "excluded_lines": []}, "DeviceStructs.x48_generate_ack": {"executed_lines": [352, 353, 354, 355], "summary": {"covered_lines": 4, "num_statements": 4, "percent_covered": 100.0, "percent_covered_display": "100.00", "missing_lines": 0, "excluded_lines": 0}, "missing_lines": [], "excluded_lines": []}, "DeviceStructs.x7b_generate_ack": {"executed_lines": [], "summary": {"covered_lines": 0, "num_statements": 4, "percent_covered": 0.0, "percent_covered_display": "0.00", "missing_lines": 4, "excluded_lines": 0}, "missing_lines": [364, 365, 366, 367], "excluded_lines": []}, "ComputedTokenData.expires_at": {"executed_lines": [406, 407], "summary": {"covered_lines": 2, "num_statements": 3, "percent_covered": 66.66666666666667, "percent_covered_display": "66.67", "missing_lines": 1, "excluded_lines": 0}, "missing_lines": [408], "excluded_lines": []}, "": {"executed_lines": [1, 3, 4, 5, 6, 7, 8, 9, 10, 11, 13, 14, 15, 17, 19, 27, 30, 31, 36, 37, 38, 39, 40, 41, 42, 43, 44, 45, 46, 47, 48, 49, 50, 52, 53, 54, 55, 56, 57, 60, 61, 62, 63, 64, 65, 66, 67, 68, 69, 70, 72, 74, 79, 118, 119, 120, 121, 122, 124, 128, 129, 130, 131, 132, 133, 134, 135, 137, 155, 156, 159, 162, 165, 168, 171, 178, 179, 181, 185, 186, 187, 188, 189, 190, 191, 194, 195, 200, 201, 202, 203, 204, 205, 208, 209, 210, 211, 214, 215, 218, 219, 220, 221, 222, 224, 227, 228, 229, 230, 232, 235, 236, 237, 240, 241, 244, 245, 246, 248, 249, 250, 251, 252, 253, 254, 255, 256, 257, 259, 262, 263, 264, 266, 268, 286, 287, 288, 289, 290, 292, 293, 294, 296, 297, 341, 342, 348, 349, 357, 358, 370, 371, 372, 375, 376, 388, 389, 390, 391, 392, 395, 396, 398, 399, 400, 417, 418, 419, 420, 421, 422], "summary": {"covered_lines": 163, "num_statements": 163, "percent_covered": 100.0, "percent_covered_display": "100.00", "missing_lines": 0, "excluded_lines": 8}, "missing_lines": [], "excluded_lines": [19, 20, 21, 22, 23, 24, 159, 162]}}, "classes": {"GlobalObjEnv": {"executed_lines": [], "summary": {"covered_lines": 0, "num_statements": 0, "percent_covered": 100.0, "percent_covered_display": "100.00", "missing_lines": 0, "excluded_lines": 0}, "missing_lines": [], "excluded_lines": []}, "GlobalObject": {"executed_lines": [75, 76, 77], "summary": {"covered_lines": 3, "num_statements": 24, "percent_covered": 12.5, "percent_covered_display": "12.50", "missing_lines": 21, "excluded_lines": 0}, "missing_lines": [86, 87, 88, 89, 90, 91, 92, 93, 94, 95, 96, 97, 98, 101, 104, 109, 110, 111, 112, 113, 114], "excluded_lines": []}, "Tasks": {"executed_lines": [125], "summary": {"covered_lines": 1, "num_statements": 1, "percent_covered": 100.0, "percent_covered_display": "100.00", "missing_lines": 0, "excluded_lines": 0}, "missing_lines": [], "excluded_lines": []}, "ControlMessageCallback": {"executed_lines": [146, 147, 148, 149, 150, 151, 152, 153, 157, 160, 166, 169, 172, 173, 174, 175], "summary": {"covered_lines": 15, "num_statements": 15, "percent_covered": 100.0, "percent_covered_display": "100.00", "missing_lines": 0, "excluded_lines": 2}, "missing_lines": [], "excluded_lines": [160, 163]}, "Messages": {"executed_lines": [182], "summary": {"covered_lines": 1, "num_statements": 1, "percent_covered": 100.0, "percent_covered_display": "100.00", "missing_lines": 0, "excluded_lines": 0}, "missing_lines": [], "excluded_lines": []}, "CacheData": {"executed_lines": [], "summary": {"covered_lines": 0, "num_statements": 0, "percent_covered": 100.0, "percent_covered_display": "100.00", "missing_lines": 0, "excluded_lines": 0}, "missing_lines": [], "excluded_lines": []}, "DeviceStatus": {"executed_lines": [], "summary": {"covered_lines": 0, "num_statements": 0, "percent_covered": 100.0, "percent_covered_display": "100.00", "missing_lines": 0, "excluded_lines": 0}, "missing_lines": [], "excluded_lines": []}, "MeshInfo": {"executed_lines": [], "summary": {"covered_lines": 0, "num_statements": 0, "percent_covered": 100.0, "percent_covered_display": "100.00", "missing_lines": 0, "excluded_lines": 0}, "missing_lines": [], "excluded_lines": []}, "PhoneAppStructs": {"executed_lines": [], "summary": {"covered_lines": 0, "num_statements": 1, "percent_covered": 0.0, "percent_covered_display": "0.00", "missing_lines": 1, "excluded_lines": 0}, "missing_lines": [216], "excluded_lines": []}, "PhoneAppStructs.AppRequests": {"executed_lines": [], "summary": {"covered_lines": 0, "num_statements": 1, "percent_covered": 0.0, "percent_covered_display": "0.00", "missing_lines": 1, "excluded_lines": 0}, "missing_lines": [225], "excluded_lines": []}, "PhoneAppStructs.AppResponses": {"executed_lines": [], "summary": {"covered_lines": 0, "num_statements": 1, "percent_covered": 0.0, "percent_covered_display": "0.00", "missing_lines": 1, "excluded_lines": 0}, "missing_lines": [233], "excluded_lines": []}, "DeviceStructs": {"executed_lines": [344, 345, 346, 352, 353, 354, 355], "summary": {"covered_lines": 7, "num_statements": 20, "percent_covered": 35.0, "percent_covered_display": "35.00", "missing_lines": 13, "excluded_lines": 0}, "missing_lines": [242, 302, 303, 334, 335, 336, 337, 338, 339, 364, 365, 366, 367], "excluded_lines": []}, "DeviceStructs.DeviceRequests": {"executed_lines": [260], "summary": {"covered_lines": 1, "num_statements": 1, "percent_covered": 100.0, "percent_covered_display": "100.00", "missing_lines": 0, "excluded_lines": 0}, "missing_lines": [], "excluded_lines": []}, "DeviceStructs.DeviceResponses": {"executed_lines": [], "summary": {"covered_lines": 0, "num_statements": 0, "percent_covered": 100.0, "percent_covered_display": "100.00", "missing_lines": 0, "excluded_lines": 0}, "missing_lines": [], "excluded_lines": []}, "RawTokenData": {"executed_lines": [], "summary": {"covered_lines": 0, "num_statements": 0, "percent_covered": 100.0, "percent_covered_display": "100.00", "missing_lines": 0, "excluded_lines": 0}, "missing_lines": [], "excluded_lines": []}, "ComputedTokenData": {"executed_lines": [406, 407], "summary": {"covered_lines": 2, "num_statements": 3, "percent_covered": 66.66666666666667, "percent_covered_display": "66.67", "missing_lines": 1, "excluded_lines": 0}, "missing_lines": [408], "excluded_lines": []}, "FanSpeed": {"executed_lines": [], "summary": {"covered_lines": 0, "num_statements": 0, "percent_covered": 100.0, "percent_covered_display": "100.00", "missing_lines": 0, "excluded_lines": 0}, "missing_lines": [], "excluded_lines": []}, "": {"executed_lines": [1, 3, 4, 5, 6, 7, 8, 9, 10, 11, 13, 14, 15, 17, 19, 27, 30, 31, 36, 37, 38, 39, 40, 41, 42, 43, 44, 45, 46, 47, 48, 49, 50, 52, 53, 54, 55, 56, 57, 60, 61, 62, 63, 64, 65, 66, 67, 68, 69, 70, 72, 74, 79, 118, 119, 120, 121, 122, 124, 128, 129, 130, 131, 132, 133, 134, 135, 137, 155, 156, 159, 162, 165, 168, 171, 178, 179, 181, 185, 186, 187, 188, 189, 190, 191, 194, 195, 200, 201, 202, 203, 204, 205, 208, 209, 210, 211, 214, 215, 218, 219, 220, 221, 222, 224, 227, 228, 229, 230, 232, 235, 236, 237, 240, 241, 244, 245, 246, 248, 249, 250, 251, 252, 253, 254, 255, 256, 257, 259, 262, 263, 264, 266, 268, 286, 287, 288, 289, 290, 292, 293, 294, 296, 297, 341, 342, 348, 349, 357, 358, 370, 371, 372, 375, 376, 388, 389, 390, 391, 392, 395, 396, 398, 399, 400, 417, 418, 419, 420, 421, 422], "summary": {"covered_lines": 163, "num_statements": 163, "percent_covered": 100.0, "percent_covered_display": "100.00", "missing_lines": 0, "excluded_lines": 8}, "missing_lines": [], "excluded_lines": [19, 20, 21, 22, 23, 24, 159, 162]}}}, "src/cync_controller/utils.py": {"executed_lines": [1, 3, 4, 5, 6, 7, 8, 9, 10, 12, 14, 20, 21, 23, 24, 27, 34, 35, 36, 37, 38, 41, 46, 49, 54, 57, 58, 59, 60, 61, 62, 63, 64, 65, 66, 67, 68, 69, 72, 75, 76, 77, 78, 79, 82, 85, 86, 89, 91, 92, 95, 97, 100, 102, 105, 109, 110, 111, 113, 114, 115, 117, 118, 119, 120, 121, 122, 123, 124, 129, 130, 131, 134, 135, 138, 139, 141, 144, 147, 149, 150, 151, 155, 159, 160, 161, 163, 164, 166, 167, 168, 169, 170, 172, 174, 175, 176, 177, 178, 179, 180, 183, 184, 185, 186, 187, 188, 189, 190, 192, 193, 194, 195, 202, 203, 204, 205, 212, 221, 225, 226, 227, 228, 229, 230, 232, 239, 240, 244, 247, 248, 251, 253, 255, 256, 257, 258, 259, 263, 264, 265, 266, 267, 268, 269, 270, 271, 273, 274, 275, 276, 278, 279, 282, 283, 287, 288, 289, 290, 291, 292, 295, 298], "summary": {"covered_lines": 163, "num_statements": 170, "percent_covered": 95.88235294117646, "percent_covered_display": "95.88", "missing_lines": 7, "excluded_lines": 0}, "missing_lines": [137, 260, 261, 262, 284, 285, 286], "excluded_lines": [], "functions": {"send_signal": {"executed_lines": [34, 35, 36, 37, 38], "summary": {"covered_lines": 5, "num_statements": 5, "percent_covered": 100.0, "percent_covered_display": "100.00", "missing_lines": 0, "excluded_lines": 0}, "missing_lines": [], "excluded_lines": []}, "send_sigint": {"executed_lines": [46], "summary": {"covered_lines": 1, "num_statements": 1, "percent_covered": 100.0, "percent_covered_display": "100.00", "missing_lines": 0, "excluded_lines": 0}, "missing_lines": [], "excluded_lines": []}, "send_sigterm": {"executed_lines": [54], "summary": {"covered_lines": 1, "num_statements": 1, "percent_covered": 100.0, "percent_covered_display": "100.00", "missing_lines": 0, "excluded_lines": 0}, "missing_lines": [], "excluded_lines": []}, "_async_signal_cleanup": {"executed_lines": [58, 59, 60, 61, 62, 63, 64, 65, 66, 67, 68, 69, 72], "summary": {"covered_lines": 13, "num_statements": 13, "percent_covered": 100.0, "percent_covered_display": "100.00", "missing_lines": 0, "excluded_lines": 0}, "missing_lines": [], "excluded_lines": []}, "signal_handler": {"executed_lines": [76, 77, 78, 79], "summary": {"covered_lines": 4, "num_statements": 4, "percent_covered": 100.0, "percent_covered_display": "100.00", "missing_lines": 0, "excluded_lines": 0}, "missing_lines": [], "excluded_lines": []}, "bytes2list": {"executed_lines": [85, 86], "summary": {"covered_lines": 2, "num_statements": 2, "percent_covered": 100.0, "percent_covered_display": "100.00", "missing_lines": 0, "excluded_lines": 0}, "missing_lines": [], "excluded_lines": []}, "hex2list": {"executed_lines": [91, 92], "summary": {"covered_lines": 2, "num_statements": 2, "percent_covered": 100.0, "percent_covered_display": "100.00", "missing_lines": 0, "excluded_lines": 0}, "missing_lines": [], "excluded_lines": []}, "ints2hex": {"executed_lines": [97], "summary": {"covered_lines": 1, "num_statements": 1, "percent_covered": 100.0, "percent_covered_display": "100.00", "missing_lines": 0, "excluded_lines": 0}, "missing_lines": [], "excluded_lines": []}, "ints2bytes": {"executed_lines": [102], "summary": {"covered_lines": 1, "num_statements": 1, "percent_covered": 100.0, "percent_covered_display": "100.00", "missing_lines": 0, "excluded_lines": 0}, "missing_lines": [], "excluded_lines": []}, "parse_unbound_firmware_version": {"executed_lines": [109, 110, 111, 113, 114, 115, 117, 118, 119, 120, 121, 122, 123, 124, 129, 130, 131, 134, 135, 138, 139, 141], "summary": {"covered_lines": 22, "num_statements": 23, "percent_covered": 95.65217391304348, "percent_covered_display": "95.65", "missing_lines": 1, "excluded_lines": 0}, "missing_lines": [137], "excluded_lines": []}, "parse_config": {"executed_lines": [147, 149, 150, 151, 155, 159, 160, 161, 163, 164, 166, 167, 168, 169, 170, 172, 174, 175, 176, 177, 178, 179, 180, 183, 184, 185, 186, 187, 188, 189, 190, 192, 193, 194, 195, 202, 203, 204, 205, 212, 221, 225, 226, 227, 228, 229, 230, 232, 239, 240, 244], "summary": {"covered_lines": 51, "num_statements": 51, "percent_covered": 100.0, "percent_covered_display": "100.00", "missing_lines": 0, "excluded_lines": 0}, "missing_lines": [], "excluded_lines": []}, "check_python_version": {"executed_lines": [248], "summary": {"covered_lines": 1, "num_statements": 1, "percent_covered": 100.0, "percent_covered_display": "100.00", "missing_lines": 0, "excluded_lines": 0}, "missing_lines": [], "excluded_lines": []}, "check_for_uuid": {"executed_lines": [253, 255, 256, 257, 258, 259, 263, 264, 265, 266, 267, 268, 269, 270, 271, 273, 274, 275, 276, 278, 279, 282, 283, 287, 288, 289, 290, 291, 292], "summary": {"covered_lines": 29, "num_statements": 35, "percent_covered": 82.85714285714286, "percent_covered_display": "82.86", "missing_lines": 6, "excluded_lines": 0}, "missing_lines": [260, 261, 262, 284, 285, 286], "excluded_lines": []}, "utc_to_local": {"executed_lines": [298], "summary": {"covered_lines": 1, "num_statements": 1, "percent_covered": 100.0, "percent_covered_display": "100.00", "missing_lines": 0, "excluded_lines": 0}, "missing_lines": [], "excluded_lines": []}, "": {"executed_lines": [1, 3, 4, 5, 6, 7, 8, 9, 10, 12, 14, 20, 21, 23, 24, 27, 41, 49, 57, 75, 82, 89, 95, 100, 105, 144, 247, 251, 295], "summary": {"covered_lines": 29, "num_statements": 29, "percent_covered": 100.0, "percent_covered_display": "100.00", "missing_lines": 0, "excluded_lines": 0}, "missing_lines": [], "excluded_lines": []}}, "classes": {"": {"executed_lines": [1, 3, 4, 5, 6, 7, 8, 9, 10, 12, 14, 20, 21, 23, 24, 27, 34, 35, 36, 37, 38, 41, 46, 49, 54, 57, 58, 59, 60, 61, 62, 63, 64, 65, 66, 67, 68, 69, 72, 75, 76, 77, 78, 79, 82, 85, 86, 89, 91, 92, 95, 97, 100, 102, 105, 109, 110, 111, 113, 114, 115, 117, 118, 119, 120, 121, 122, 123, 124, 129, 130, 131, 134, 135, 138, 139, 141, 144, 147, 149, 150, 151, 155, 159, 160, 161, 163, 164, 166, 167, 168, 169, 170, 172, 174, 175, 176, 177, 178, 179, 180, 183, 184, 185, 186, 187, 188, 189, 190, 192, 193, 194, 195, 202, 203, 204, 205, 212, 221, 225, 226, 227, 228, 229, 230, 232, 239, 240, 244, 247, 248, 251, 253, 255, 256, 257, 258, 259, 263, 264, 265, 266, 267, 268, 269, 270, 271, 273, 274, 275, 276, 278, 279, 282, 283, 287, 288, 289, 290, 291, 292, 295, 298], "summary": {"covered_lines": 163, "num_statements": 170, "percent_covered": 95.88235294117646, "percent_covered_display": "95.88", "missing_lines": 7, "excluded_lines": 0}, "missing_lines": [137, 260, 261, 262, 284, 285, 286], "excluded_lines": []}}}}, "totals": {"covered_lines": 3039, "num_statements": 4478, "percent_covered": 67.86511835640911, "percent_covered_display": "67.87", "missing_lines": 1439, "excluded_lines": 34}}