[1m============================= test session starts ==============================[0m
platform linux -- Python 3.13.9, pytest-8.4.2, pluggy-1.6.0 -- /usr/local/python/3.13.9/bin/python3
cachedir: .pytest_cache
rootdir: /workspaces/hass-addons/cync-controller
configfile: pytest.ini
plugins: asyncio-1.2.0, playwright-0.7.1, base-url-2.1.0, anyio-4.11.0, xdist-3.8.0
asyncio: mode=Mode.AUTO, debug=False, asyncio_default_fixture_loop_scope=function, asyncio_default_test_loop_scope=function
created: 16/16 workers
16 workers [721 items]

scheduling tests via LoadScheduling

tests/unit/test_cloud_api.py::TestCyncCloudAPITokenManagement::test_check_token_not_found 
tests/unit/test_device_metadata.py::TestCyncDevicePropertyClassification::test_bt_only_property_with_other_mac 
tests/unit/test_cloud_relay.py::TestCloudRelayConnectionInitialization::test_relay_initialization_without_forwarding 
tests/unit/test_device_commands.py::TestCyncDeviceLightshowCommand::test_set_lightshow_no_tcp_bridges 
tests/unit/test_device_edge_cases.py::TestCyncDeviceEdgeCases::test_set_power_pending_command_reset 
tests/unit/test_device_edge_cases.py::TestCyncDeviceErrorPaths::test_device_brightness_edge_values 
tests/unit/test_cloud_api.py::TestCyncCloudAPIDeviceOperations::test_get_properties_no_properties_error 
tests/unit/test_devices_cync_device.py::TestCyncDeviceProperties::test_rgb_list_validation 
tests/unit/test_devices_cync_device.py::TestCyncDeviceRGBCommands::test_set_rgb_valid_execution 
tests/unit/test_device_properties.py::TestCyncDeviceVersionProperty::test_version_setter_with_empty_string 
tests/unit/test_cloud_api.py::TestCyncCloudAPIInitialization::test_init_default_params 
tests/unit/test_correlation.py::TestCorrelationContext::test_context_with_custom_id 
tests/unit/test_cloud_relay.py::TestPacketInjection::test_injection_checker_mode_injection_traditional 
tests/unit/test_devices_cync_device.py::TestCyncDevicePendingCommand::test_pending_command_initialization 
tests/unit/test_command_processor.py::TestCommandProcessorExecution::test_command_processor_enqueue_starts_processing 
tests/unit/test_devices_cync_device.py::TestCyncDeviceInitialization::test_init_without_id_raises_error 
[gw14][36m [  0%] [0m[32mPASSED[0m tests/unit/test_devices_cync_device.py::TestCyncDevicePendingCommand::test_pending_command_initialization 
tests/unit/test_devices_cync_device.py::TestCyncDevicePendingCommand::test_pending_command_flag 
[gw14][36m [  0%] [0m[32mPASSED[0m tests/unit/test_devices_cync_device.py::TestCyncDevicePendingCommand::test_pending_command_flag 
tests/unit/test_devices_cync_device.py::TestCyncDeviceCommands::test_set_power_creates_packet 
[gw4][36m [  0%] [0m[32mPASSED[0m tests/unit/test_cloud_relay.py::TestPacketInjection::test_injection_checker_mode_injection_traditional 
tests/unit/test_cloud_relay.py::TestPacketInjection::test_injection_checker_invalid_mode 
[gw4][36m [  0%] [0m[32mPASSED[0m tests/unit/test_cloud_relay.py::TestPacketInjection::test_injection_checker_invalid_mode 
tests/unit/test_cloud_relay.py::TestPacketInjection::test_injection_checker_file_cleanup 
[gw14][36m [  0%] [0m[32mPASSED[0m tests/unit/test_devices_cync_device.py::TestCyncDeviceCommands::test_set_power_creates_packet 
tests/unit/test_devices_cync_device.py::TestCyncDeviceCommands::test_set_power_invalid_state 
[gw4][36m [  0%] [0m[32mPASSED[0m tests/unit/test_cloud_relay.py::TestPacketInjection::test_injection_checker_file_cleanup 
[gw12][36m [  0%] [0m[32mPASSED[0m tests/unit/test_devices_cync_device.py::TestCyncDeviceInitialization::test_init_without_id_raises_error 
[gw0][36m [  1%] [0m[32mPASSED[0m tests/unit/test_cloud_api.py::TestCyncCloudAPIInitialization::test_init_default_params 
[gw14][36m [  1%] [0m[32mPASSED[0m tests/unit/test_devices_cync_device.py::TestCyncDeviceCommands::test_set_power_invalid_state 
tests/unit/test_devices_cync_device.py::TestCyncDeviceInitialization::test_metadata_assignment 
tests/unit/test_cloud_relay.py::TestRelayClosedown::test_relay_close_cleanup 
tests/unit/test_cloud_api.py::TestCyncCloudAPIInitialization::test_init_custom_params 
[gw0][36m [  1%] [0m[32mPASSED[0m tests/unit/test_cloud_api.py::TestCyncCloudAPIInitialization::test_init_custom_params 
tests/unit/test_cloud_api.py::TestCyncCloudAPIInitialization::test_init_creates_singleton 
[gw0][36m [  1%] [0m[32mPASSED[0m tests/unit/test_cloud_api.py::TestCyncCloudAPIInitialization::test_init_creates_singleton 
tests/unit/test_cloud_api.py::TestCyncCloudAPISession::test_check_session_creates_new_session 
[gw8][36m [  1%] [0m[32mPASSED[0m tests/unit/test_device_edge_cases.py::TestCyncDeviceErrorPaths::test_device_brightness_edge_values 
tests/unit/test_device_edge_cases.py::TestCyncDeviceErrorPaths::test_device_temperature_edge_values 
[gw11][36m [  1%] [0m[32mPASSED[0m tests/unit/test_device_properties.py::TestCyncDeviceVersionProperty::test_version_setter_with_empty_string 
tests/unit/test_device_properties.py::TestCyncDeviceVersionProperty::test_version_setter_with_invalid_string 
[gw8][36m [  1%] [0m[32mPASSED[0m tests/unit/test_device_edge_cases.py::TestCyncDeviceErrorPaths::test_device_temperature_edge_values 
tests/unit/test_device_edge_cases.py::TestCyncDeviceErrorPaths::test_device_rgb_edge_values 
[gw8][36m [  2%] [0m[32mPASSED[0m tests/unit/test_device_edge_cases.py::TestCyncDeviceErrorPaths::test_device_rgb_edge_values 
tests/unit/test_device_edge_cases.py::TestCyncDeviceErrorPaths::test_group_aggregate_with_none_brightness 
[gw8][36m [  2%] [0m[32mPASSED[0m tests/unit/test_device_edge_cases.py::TestCyncDeviceErrorPaths::test_group_aggregate_with_none_brightness 
tests/unit/test_devices_cync_device.py::TestCyncDeviceCommands::test_set_brightness_creates_packet 
[gw14][36m [  2%] [0m[32mPASSED[0m tests/unit/test_devices_cync_device.py::TestCyncDeviceCommands::test_set_brightness_creates_packet 
tests/unit/test_devices_cync_device.py::TestCyncDeviceTemperatureCommands::test_set_temperature_valid_execution 
[gw1][36m [  2%] [0m[32mPASSED[0m tests/unit/test_cloud_api.py::TestCyncCloudAPITokenManagement::test_check_token_not_found 
tests/unit/test_cloud_api.py::TestCyncCloudAPIAuthentication::test_request_otp_success 
[gw0][36m [  2%] [0m[32mPASSED[0m tests/unit/test_cloud_api.py::TestCyncCloudAPISession::test_check_session_creates_new_session 
tests/unit/test_cloud_api.py::TestCyncCloudAPISession::test_check_session_reuses_open_session 
[gw11][36m [  2%] [0m[32mPASSED[0m tests/unit/test_device_properties.py::TestCyncDeviceVersionProperty::test_version_setter_with_invalid_string 
tests/unit/test_device_properties.py::TestCyncDevicePropertyEdgeCases::test_is_light_setter_with_non_boolean 
[gw11][36m [  2%] [0m[32mPASSED[0m tests/unit/test_device_properties.py::TestCyncDevicePropertyEdgeCases::test_is_light_setter_with_non_boolean 
tests/unit/test_device_properties.py::TestCyncDevicePropertyEdgeCases::test_is_switch_setter_with_non_boolean 
[gw7][36m [  3%] [0m[32mPASSED[0m tests/unit/test_device_commands.py::TestCyncDeviceLightshowCommand::test_set_lightshow_no_tcp_bridges 
tests/unit/test_device_commands.py::TestCyncDeviceLightshowCommand::test_set_lightshow_various_shows 
[gw7][36m [  3%] [0m[32mPASSED[0m tests/unit/test_device_commands.py::TestCyncDeviceLightshowCommand::test_set_lightshow_various_shows 
[gw12][36m [  3%] [0m[32mPASSED[0m tests/unit/test_devices_cync_device.py::TestCyncDeviceInitialization::test_metadata_assignment 
tests/unit/test_devices_cync_device.py::TestCyncDeviceInitialization::test_hvac_initialization 
[gw12][36m [  3%] [0m[32mPASSED[0m tests/unit/test_devices_cync_device.py::TestCyncDeviceInitialization::test_hvac_initialization 
tests/unit/test_devices_cync_device.py::TestCyncDeviceProperties::test_state_property 
[gw12][36m [  3%] [0m[32mPASSED[0m tests/unit/test_devices_cync_device.py::TestCyncDeviceProperties::test_state_property 
tests/unit/test_devices_cync_device.py::TestCyncDeviceProperties::test_brightness_property 
[gw12][36m [  3%] [0m[32mPASSED[0m tests/unit/test_devices_cync_device.py::TestCyncDeviceProperties::test_brightness_property 
tests/unit/test_devices_cync_device.py::TestCyncDeviceProperties::test_brightness_validation 
[gw12][36m [  3%] [0m[32mPASSED[0m tests/unit/test_devices_cync_device.py::TestCyncDeviceProperties::test_brightness_validation 
tests/unit/test_devices_cync_device.py::TestCyncDeviceProperties::test_temperature_property 
[gw12][36m [  4%] [0m[32mPASSED[0m tests/unit/test_devices_cync_device.py::TestCyncDeviceProperties::test_temperature_property 
tests/unit/test_devices_cync_device.py::TestCyncDeviceProperties::test_temperature_validation 
[gw12][36m [  4%] [0m[32mPASSED[0m tests/unit/test_devices_cync_device.py::TestCyncDeviceProperties::test_temperature_validation 
tests/unit/test_devices_cync_device.py::TestCyncDeviceProperties::test_rgb_properties 
[gw12][36m [  4%] [0m[32mPASSED[0m tests/unit/test_devices_cync_device.py::TestCyncDeviceProperties::test_rgb_properties 
tests/unit/test_devices_cync_device.py::TestCyncDeviceProperties::test_rgb_validation 
[gw12][36m [  4%] [0m[32mPASSED[0m tests/unit/test_devices_cync_device.py::TestCyncDeviceProperties::test_rgb_validation 
[gw10][36m [  4%] [0m[32mPASSED[0m tests/unit/test_device_metadata.py::TestCyncDevicePropertyClassification::test_bt_only_property_with_other_mac 
tests/unit/test_device_metadata.py::TestCyncDevicePropertyClassification::test_mac_property_getter_and_setter 
[gw10][36m [  4%] [0m[32mPASSED[0m tests/unit/test_device_metadata.py::TestCyncDevicePropertyClassification::test_mac_property_getter_and_setter 
tests/unit/test_device_properties.py::TestCyncDeviceCurrentStatus::test_current_status_returns_list 
[gw10][36m [  4%] [0m[32mPASSED[0m tests/unit/test_device_properties.py::TestCyncDeviceCurrentStatus::test_current_status_returns_list 
tests/unit/test_device_properties.py::TestCyncDeviceStateConversion::test_state_setter_with_strings 
[gw10][36m [  4%] [0m[32mPASSED[0m tests/unit/test_device_properties.py::TestCyncDeviceStateConversion::test_state_setter_with_strings 
tests/unit/test_device_properties.py::TestCyncDeviceStateConversion::test_state_setter_with_integers 
[gw10][36m [  5%] [0m[32mPASSED[0m tests/unit/test_device_properties.py::TestCyncDeviceStateConversion::test_state_setter_with_integers 
tests/unit/test_device_properties.py::TestCyncDeviceStateConversion::test_state_setter_with_booleans 
[gw10][36m [  5%] [0m[32mPASSED[0m tests/unit/test_device_properties.py::TestCyncDeviceStateConversion::test_state_setter_with_booleans 
tests/unit/test_device_properties.py::TestCyncDeviceStateConversion::test_state_setter_invalid_value 
[gw10][36m [  5%] [0m[32mPASSED[0m tests/unit/test_device_properties.py::TestCyncDeviceStateConversion::test_state_setter_invalid_value 
tests/unit/test_device_properties.py::TestCyncDeviceStateConversion::test_state_setter_invalid_type 
[gw10][36m [  5%] [0m[32mPASSED[0m tests/unit/test_device_properties.py::TestCyncDeviceStateConversion::test_state_setter_invalid_type 
tests/unit/test_device_properties.py::TestCyncDeviceStatusObject::test_status_setter_and_getter 
[gw10][36m [  5%] [0m[32mPASSED[0m tests/unit/test_device_properties.py::TestCyncDeviceStatusObject::test_status_setter_and_getter 
[gw1][36m [  5%] [0m[32mPASSED[0m tests/unit/test_cloud_api.py::TestCyncCloudAPIAuthentication::test_request_otp_success 
tests/unit/test_cloud_api.py::TestCyncCloudAPIAuthentication::test_request_otp_no_credentials 
[gw1][36m [  5%] [0m[32mPASSED[0m tests/unit/test_cloud_api.py::TestCyncCloudAPIAuthentication::test_request_otp_no_credentials 
tests/unit/test_cloud_api.py::TestCyncCloudAPIAuthentication::test_request_otp_http_error 
[gw13][36m [  6%] [0m[32mPASSED[0m tests/unit/test_devices_cync_device.py::TestCyncDeviceProperties::test_rgb_list_validation 
tests/unit/test_devices_cync_device.py::TestCyncDeviceProperties::test_online_property 
[gw13][36m [  6%] [0m[32mPASSED[0m tests/unit/test_devices_cync_device.py::TestCyncDeviceProperties::test_online_property 
tests/unit/test_devices_cync_device.py::TestCyncDeviceProperties::test_online_validation 
[gw13][36m [  6%] [0m[32mPASSED[0m tests/unit/test_devices_cync_device.py::TestCyncDeviceProperties::test_online_validation 
tests/unit/test_devices_cync_device.py::TestCyncDeviceProperties::test_version_property_from_string 
[gw13][36m [  6%] [0m[32mPASSED[0m tests/unit/test_devices_cync_device.py::TestCyncDeviceProperties::test_version_property_from_string 
tests/unit/test_devices_cync_device.py::TestCyncDeviceProperties::test_version_property_from_int 
[gw13][36m [  6%] [0m[32mPASSED[0m tests/unit/test_devices_cync_device.py::TestCyncDeviceProperties::test_version_property_from_int 
tests/unit/test_devices_cync_device.py::TestCyncDeviceProperties::test_mac_property 
[gw13][36m [  6%] [0m[32mPASSED[0m tests/unit/test_devices_cync_device.py::TestCyncDeviceProperties::test_mac_property 
tests/unit/test_devices_cync_device.py::TestCyncDeviceProperties::test_bt_only_property 
[gw13][36m [  6%] [0m[32mPASSED[0m tests/unit/test_devices_cync_device.py::TestCyncDeviceProperties::test_bt_only_property 
tests/unit/test_devices_cync_device.py::TestCyncDeviceOfflineTracking::test_offline_count_initialization 
[gw13][36m [  7%] [0m[32mPASSED[0m tests/unit/test_devices_cync_device.py::TestCyncDeviceOfflineTracking::test_offline_count_initialization 
tests/unit/test_devices_cync_device.py::TestCyncDeviceOfflineTracking::test_offline_count_increment 
[gw13][36m [  7%] [0m[32mPASSED[0m tests/unit/test_devices_cync_device.py::TestCyncDeviceOfflineTracking::test_offline_count_increment 
tests/unit/test_devices_cync_device.py::TestCyncDeviceOfflineTracking::test_offline_threshold_pattern 
tests/unit/test_device_edge_cases.py::TestCyncDeviceErrorPaths::test_group_aggregate_with_partial_member_data 
[gw8][36m [  7%] [0m[32mPASSED[0m tests/unit/test_device_edge_cases.py::TestCyncDeviceErrorPaths::test_group_aggregate_with_partial_member_data 
tests/unit/test_device_edge_cases.py::TestCyncDeviceEdgeCases::test_device_with_metadata_and_type 
[gw8][36m [  7%] [0m[32mPASSED[0m tests/unit/test_device_edge_cases.py::TestCyncDeviceEdgeCases::test_device_with_metadata_and_type 
tests/unit/test_device_edge_cases.py::TestCyncDeviceEdgeCases::test_device_hass_id_formatting 
[gw8][36m [  7%] [0m[32mPASSED[0m tests/unit/test_device_edge_cases.py::TestCyncDeviceEdgeCases::test_device_hass_id_formatting 
tests/unit/test_device_edge_cases.py::TestCyncDeviceEdgeCases::test_device_version_parsing_with_dots 
[gw8][36m [  7%] [0m[32mPASSED[0m tests/unit/test_device_edge_cases.py::TestCyncDeviceEdgeCases::test_device_version_parsing_with_dots 
tests/unit/test_device_edge_cases.py::TestCyncDeviceEdgeCases::test_device_version_parsing_with_nulls 
[gw8][36m [  7%] [0m[32mPASSED[0m tests/unit/test_device_edge_cases.py::TestCyncDeviceEdgeCases::test_device_version_parsing_with_nulls 
tests/unit/test_device_edge_cases.py::TestCyncDeviceEdgeCases::test_device_initialization_with_empty_name 
[gw8][36m [  8%] [0m[32mPASSED[0m tests/unit/test_device_edge_cases.py::TestCyncDeviceEdgeCases::test_device_initialization_with_empty_name 
[gw15][36m [  8%] [0m[32mPASSED[0m tests/unit/test_devices_cync_device.py::TestCyncDeviceRGBCommands::test_set_rgb_valid_execution 
tests/unit/test_devices_cync_device.py::TestCyncDeviceRGBCommands::test_set_rgb_invalid_red 
[gw15][36m [  8%] [0m[32mPASSED[0m tests/unit/test_devices_cync_device.py::TestCyncDeviceRGBCommands::test_set_rgb_invalid_red 
tests/unit/test_devices_cync_device.py::TestCyncDeviceRGBCommands::test_set_rgb_invalid_green 
[gw15][36m [  8%] [0m[32mPASSED[0m tests/unit/test_devices_cync_device.py::TestCyncDeviceRGBCommands::test_set_rgb_invalid_green 
tests/unit/test_devices_cync_device.py::TestCyncDeviceRGBCommands::test_set_rgb_invalid_blue 
[gw15][36m [  8%] [0m[32mPASSED[0m tests/unit/test_devices_cync_device.py::TestCyncDeviceRGBCommands::test_set_rgb_invalid_blue 
tests/unit/test_devices_cync_device.py::TestCyncDeviceRGBCommands::test_set_rgb_no_tcp_bridges 
[gw15][36m [  8%] [0m[32mPASSED[0m tests/unit/test_devices_cync_device.py::TestCyncDeviceRGBCommands::test_set_rgb_no_tcp_bridges 
tests/unit/test_devices_cync_device.py::TestCyncDeviceRGBCommands::test_set_rgb_callback_registration 
[gw1][36m [  8%] [0m[32mPASSED[0m tests/unit/test_cloud_api.py::TestCyncCloudAPIAuthentication::test_request_otp_http_error 
tests/unit/test_cloud_api.py::TestCyncCloudAPIAuthentication::test_send_otp_success 
[gw1][36m [  9%] [0m[32mPASSED[0m tests/unit/test_cloud_api.py::TestCyncCloudAPIAuthentication::test_send_otp_success 
tests/unit/test_cloud_api.py::TestCyncCloudAPIAuthentication::test_send_otp_invalid_code 
[gw1][36m [  9%] [0m[32mPASSED[0m tests/unit/test_cloud_api.py::TestCyncCloudAPIAuthentication::test_send_otp_invalid_code 
tests/unit/test_cloud_api.py::TestCyncCloudAPIAuthentication::test_send_otp_string_conversion 
[gw1][36m [  9%] [0m[32mPASSED[0m tests/unit/test_cloud_api.py::TestCyncCloudAPIAuthentication::test_send_otp_string_conversion 
tests/unit/test_cloud_api.py::TestCyncCloudAPIDeviceOperations::test_request_devices_success 
[gw1][36m [  9%] [0m[32mPASSED[0m tests/unit/test_cloud_api.py::TestCyncCloudAPIDeviceOperations::test_request_devices_success 
tests/unit/test_cloud_api.py::TestCyncCloudAPIDeviceOperations::test_request_devices_no_token 
[gw1][36m [  9%] [0m[32mPASSED[0m tests/unit/test_cloud_api.py::TestCyncCloudAPIDeviceOperations::test_request_devices_no_token 
tests/unit/test_cloud_api.py::TestCyncCloudAPIDeviceOperations::test_get_properties_success 
[gw1][36m [  9%] [0m[32mPASSED[0m tests/unit/test_cloud_api.py::TestCyncCloudAPIDeviceOperations::test_get_properties_success 
[gw14][36m [  9%] [0m[32mPASSED[0m tests/unit/test_devices_cync_device.py::TestCyncDeviceTemperatureCommands::test_set_temperature_valid_execution 
tests/unit/test_devices_cync_device.py::TestCyncDeviceTemperatureCommands::test_set_temperature_invalid_value_negative 
[gw14][36m [  9%] [0m[32mPASSED[0m tests/unit/test_devices_cync_device.py::TestCyncDeviceTemperatureCommands::test_set_temperature_invalid_value_negative 
tests/unit/test_devices_cync_device.py::TestCyncDeviceTemperatureCommands::test_set_temperature_invalid_value_too_high 
[gw14][36m [ 10%] [0m[32mPASSED[0m tests/unit/test_devices_cync_device.py::TestCyncDeviceTemperatureCommands::test_set_temperature_invalid_value_too_high 
tests/unit/test_devices_cync_device.py::TestCyncDeviceTemperatureCommands::test_set_temperature_special_values_allowed 
[gw14][36m [ 10%] [0m[32mPASSED[0m tests/unit/test_devices_cync_device.py::TestCyncDeviceTemperatureCommands::test_set_temperature_special_values_allowed 
tests/unit/test_devices_cync_device.py::TestCyncDeviceTemperatureCommands::test_set_temperature_no_tcp_bridges 
[gw14][36m [ 10%] [0m[32mPASSED[0m tests/unit/test_devices_cync_device.py::TestCyncDeviceTemperatureCommands::test_set_temperature_no_tcp_bridges 
tests/unit/test_devices_cync_device.py::TestCyncDeviceTemperatureCommands::test_set_temperature_callback_registration 
[gw14][36m [ 10%] [0m[32mPASSED[0m tests/unit/test_devices_cync_device.py::TestCyncDeviceTemperatureCommands::test_set_temperature_callback_registration 
tests/unit/test_devices_cync_device.py::TestCyncDevicePropertyMethods::test_supports_temperature_with_metadata 
[gw14][36m [ 10%] [0m[32mPASSED[0m tests/unit/test_devices_cync_device.py::TestCyncDevicePropertyMethods::test_supports_temperature_with_metadata 
tests/unit/test_devices_cync_device.py::TestCyncDevicePropertyMethods::test_get_ctrl_msg_id_bytes_increments 
[gw14][36m [ 10%] [0m[32mPASSED[0m tests/unit/test_devices_cync_device.py::TestCyncDevicePropertyMethods::test_get_ctrl_msg_id_bytes_increments 
tests/unit/test_devices_cync_device.py::TestCyncDevicePropertyMethods::test_get_ctrl_msg_id_bytes_rollover 
[gw14][36m [ 10%] [0m[32mPASSED[0m tests/unit/test_devices_cync_device.py::TestCyncDevicePropertyMethods::test_get_ctrl_msg_id_bytes_rollover 
tests/unit/test_devices_cync_device.py::TestCyncDevicePropertyMethods::test_get_ctrl_msg_id_bytes_mod_256 
[gw14][36m [ 11%] [0m[32mPASSED[0m tests/unit/test_devices_cync_device.py::TestCyncDevicePropertyMethods::test_get_ctrl_msg_id_bytes_mod_256 
tests/unit/test_devices_cync_device.py::TestCyncDeviceCommandErrorPaths::test_set_fan_speed_not_fan_controller 
[gw14][36m [ 11%] [0m[32mPASSED[0m tests/unit/test_devices_cync_device.py::TestCyncDeviceCommandErrorPaths::test_set_fan_speed_not_fan_controller 
tests/unit/test_devices_cync_device.py::TestCyncDeviceCommandErrorPaths::test_set_fan_speed_invalid_speed 
[gw14][36m [ 11%] [0m[32mPASSED[0m tests/unit/test_devices_cync_device.py::TestCyncDeviceCommandErrorPaths::test_set_fan_speed_invalid_speed 
tests/unit/test_devices_cync_device.py::TestCyncDeviceCommandErrorPaths::test_set_brightness_invalid_range 
[gw14][36m [ 11%] [0m[32mPASSED[0m tests/unit/test_devices_cync_device.py::TestCyncDeviceCommandErrorPaths::test_set_brightness_invalid_range 
tests/unit/test_devices_cync_group.py::TestCyncGroup::test_group_init_with_required_params 
[gw14][36m [ 11%] [0m[32mPASSED[0m tests/unit/test_devices_cync_group.py::TestCyncGroup::test_group_init_with_required_params 
tests/unit/test_devices_cync_group.py::TestCyncGroup::test_group_init_without_id_raises_error 
[gw14][36m [ 11%] [0m[32mPASSED[0m tests/unit/test_devices_cync_group.py::TestCyncGroup::test_group_init_without_id_raises_error 
tests/unit/test_devices_cync_device.py::TestCyncDeviceProperties::test_rgb_property_list 
[gw12][36m [ 11%] [0m[32mPASSED[0m tests/unit/test_devices_cync_device.py::TestCyncDeviceProperties::test_rgb_property_list 
tests/unit/test_devices_cync_group.py::TestCyncGroup::test_group_set_brightness 
[gw12][36m [ 12%] [0m[32mPASSED[0m tests/unit/test_devices_cync_group.py::TestCyncGroup::test_group_set_brightness 
tests/unit/test_devices_cync_group.py::TestCyncGroup::test_group_set_temperature_valid_execution 
[gw12][36m [ 12%] [0m[32mPASSED[0m tests/unit/test_devices_cync_group.py::TestCyncGroup::test_group_set_temperature_valid_execution 
tests/unit/test_devices_cync_group.py::TestCyncGroup::test_group_set_temperature_invalid_value 
[gw12][36m [ 12%] [0m[32mPASSED[0m tests/unit/test_devices_cync_group.py::TestCyncGroup::test_group_set_temperature_invalid_value 
tests/unit/test_devices_cync_group.py::TestCyncGroup::test_group_set_temperature_no_tcp_bridges 
[gw12][36m [ 12%] [0m[32mPASSED[0m tests/unit/test_devices_cync_group.py::TestCyncGroup::test_group_set_temperature_no_tcp_bridges 
tests/unit/test_devices_cync_group.py::TestCyncGroupAdvancedCommands::test_group_aggregate_with_mixed_states 
[gw12][36m [ 12%] [0m[32mPASSED[0m tests/unit/test_devices_cync_group.py::TestCyncGroupAdvancedCommands::test_group_aggregate_with_mixed_states 
tests/unit/test_devices_cync_group.py::TestCyncGroupAdvancedCommands::test_group_aggregate_with_one_online_member 
[gw12][36m [ 12%] [0m[32mPASSED[0m tests/unit/test_devices_cync_group.py::TestCyncGroupAdvancedCommands::test_group_aggregate_with_one_online_member 
tests/unit/test_devices_cync_group.py::TestCyncGroupAdvancedCommands::test_group_supports_rgb_when_no_members 
[gw12][36m [ 12%] [0m[32mPASSED[0m tests/unit/test_devices_cync_group.py::TestCyncGroupAdvancedCommands::test_group_supports_rgb_when_no_members 
tests/unit/test_devices_cync_group.py::TestCyncGroupAdvancedCommands::test_group_supports_temperature_when_no_members 
[gw12][36m [ 13%] [0m[32mPASSED[0m tests/unit/test_devices_cync_group.py::TestCyncGroupAdvancedCommands::test_group_supports_temperature_when_no_members 
[gw9][36m [ 13%] [0m[32mPASSED[0m tests/unit/test_device_edge_cases.py::TestCyncDeviceEdgeCases::test_set_power_pending_command_reset 
tests/unit/test_device_metadata.py::TestDeviceMetadata::test_device_with_metadata 
[gw9][36m [ 13%] [0m[32mPASSED[0m tests/unit/test_device_metadata.py::TestDeviceMetadata::test_device_with_metadata 
tests/unit/test_device_metadata.py::TestDeviceMetadata::test_device_without_metadata 
[gw9][36m [ 13%] [0m[32mPASSED[0m tests/unit/test_device_metadata.py::TestDeviceMetadata::test_device_without_metadata 
tests/unit/test_device_metadata.py::TestDeviceMetadata::test_metadata_type_classification 
[gw9][36m [ 13%] [0m[32mPASSED[0m tests/unit/test_device_metadata.py::TestDeviceMetadata::test_metadata_type_classification 
tests/unit/test_device_metadata.py::TestCyncDevicePropertyClassification::test_is_hvac_property 
[gw9][36m [ 13%] [0m[32mPASSED[0m tests/unit/test_device_metadata.py::TestCyncDevicePropertyClassification::test_is_hvac_property 
tests/unit/test_device_metadata.py::TestCyncDevicePropertyClassification::test_is_light_property 
[gw9][36m [ 13%] [0m[32mPASSED[0m tests/unit/test_device_metadata.py::TestCyncDevicePropertyClassification::test_is_light_property 
tests/unit/test_device_metadata.py::TestCyncDevicePropertyClassification::test_is_switch_property 
[gw9][36m [ 14%] [0m[32mPASSED[0m tests/unit/test_device_metadata.py::TestCyncDevicePropertyClassification::test_is_switch_property 
tests/unit/test_device_metadata.py::TestCyncDevicePropertyClassification::test_is_plug_property 
[gw9][36m [ 14%] [0m[32mPASSED[0m tests/unit/test_device_metadata.py::TestCyncDevicePropertyClassification::test_is_plug_property 
tests/unit/test_device_metadata.py::TestCyncDevicePropertyClassification::test_is_fan_controller_property 
[gw9][36m [ 14%] [0m[32mPASSED[0m tests/unit/test_device_metadata.py::TestCyncDevicePropertyClassification::test_is_fan_controller_property 
tests/unit/test_device_metadata.py::TestCyncDevicePropertyClassification::test_has_wifi_property 
[gw9][36m [ 14%] [0m[32mPASSED[0m tests/unit/test_device_metadata.py::TestCyncDevicePropertyClassification::test_has_wifi_property 
tests/unit/test_device_properties.py::TestCyncDeviceVersionProperty::test_version_setter_with_string 
[gw10][36m [ 14%] [0m[32mPASSED[0m tests/unit/test_device_properties.py::TestCyncDeviceVersionProperty::test_version_setter_with_string 
tests/unit/test_device_properties.py::TestCyncDeviceVersionProperty::test_version_setter_with_integer 
[gw10][36m [ 14%] [0m[32mPASSED[0m tests/unit/test_device_properties.py::TestCyncDeviceVersionProperty::test_version_setter_with_integer 
tests/unit/test_devices_cync_group.py::TestCyncGroupAdvancedCommands::test_group_aggregate_filters_invalid_temperatures 
[gw10][36m [ 14%] [0m[32mPASSED[0m tests/unit/test_devices_cync_group.py::TestCyncGroupAdvancedCommands::test_group_aggregate_filters_invalid_temperatures 
tests/unit/test_devices_cync_group.py::TestCyncGroupAdvancedCommands::test_group_aggregate_averages_multiple_devices 
[gw10][36m [ 14%] [0m[32mPASSED[0m tests/unit/test_devices_cync_group.py::TestCyncGroupAdvancedCommands::test_group_aggregate_averages_multiple_devices 
tests/unit/test_devices_cync_group.py::TestCyncGroupAdvancedCommands::test_group_set_brightness_updates_pending_flags 
[gw10][36m [ 15%] [0m[32mPASSED[0m tests/unit/test_devices_cync_group.py::TestCyncGroupAdvancedCommands::test_group_set_brightness_updates_pending_flags 
tests/unit/test_devices_cync_group.py::TestCyncGroupAdvancedCommands::test_group_str_representation 
[gw10][36m [ 15%] [0m[32mPASSED[0m tests/unit/test_devices_cync_group.py::TestCyncGroupAdvancedCommands::test_group_str_representation 
tests/unit/test_devices_cync_group.py::TestCyncGroupErrorHandling::test_group_set_brightness_error_no_tcp_bridges 
[gw10][36m [ 15%] [0m[32mPASSED[0m tests/unit/test_devices_cync_group.py::TestCyncGroupErrorHandling::test_group_set_brightness_error_no_tcp_bridges 
tests/unit/test_devices_cync_group.py::TestCyncGroupErrorHandling::test_group_set_temperature_error_no_tcp_bridges 
[gw10][36m [ 15%] [0m[32mPASSED[0m tests/unit/test_devices_cync_group.py::TestCyncGroupErrorHandling::test_group_set_temperature_error_no_tcp_bridges 
tests/unit/test_devices_cync_group.py::TestCyncGroupErrorHandling::test_group_set_temperature_invalid_value 
[gw10][36m [ 15%] [0m[32mPASSED[0m tests/unit/test_devices_cync_group.py::TestCyncGroupErrorHandling::test_group_set_temperature_invalid_value 
tests/unit/test_devices_cync_group.py::TestCyncGroupOperations::test_group_set_brightness_success 
[gw10][36m [ 15%] [0m[32mPASSED[0m tests/unit/test_devices_cync_group.py::TestCyncGroupOperations::test_group_set_brightness_success 
tests/unit/test_cloud_api.py::TestCyncCloudAPIDeviceOperations::test_get_properties_access_token_expired 
[gw13][36m [ 15%] [0m[32mPASSED[0m tests/unit/test_devices_cync_device.py::TestCyncDeviceOfflineTracking::test_offline_threshold_pattern 
tests/unit/test_devices_cync_device.py::TestCyncDeviceOfflineTracking::test_offline_count_reset_on_online 
[gw13][36m [ 16%] [0m[32mPASSED[0m tests/unit/test_devices_cync_device.py::TestCyncDeviceOfflineTracking::test_offline_count_reset_on_online 
tests/unit/test_devices_cync_group.py::TestCyncGroupOperations::test_group_set_brightness_invalid_range 
[gw13][36m [ 16%] [0m[32mPASSED[0m tests/unit/test_devices_cync_group.py::TestCyncGroupOperations::test_group_set_brightness_invalid_range 
tests/unit/test_devices_cync_group.py::TestCyncGroupOperations::test_group_set_power_all_members 
[gw13][36m [ 16%] [0m[32mPASSED[0m tests/unit/test_devices_cync_group.py::TestCyncGroupOperations::test_group_set_power_all_members 
tests/unit/test_devices_cync_group.py::TestCyncGroupOperations::test_group_aggregate_member_states_all_on 
[gw13][36m [ 16%] [0m[32mPASSED[0m tests/unit/test_devices_cync_group.py::TestCyncGroupOperations::test_group_aggregate_member_states_all_on 
tests/unit/test_devices_cync_group.py::TestCyncGroupOperations::test_group_aggregate_member_states_all_off 
[gw13][36m [ 16%] [0m[32mPASSED[0m tests/unit/test_devices_cync_group.py::TestCyncGroupOperations::test_group_aggregate_member_states_all_off 
tests/unit/test_devices_cync_group.py::TestCyncGroupOperations::test_group_aggregate_member_states_mixed 
[gw13][36m [ 16%] [0m[32mPASSED[0m tests/unit/test_devices_cync_group.py::TestCyncGroupOperations::test_group_aggregate_member_states_mixed 
tests/unit/test_exporter.py::TestExportServerInitialization::test_init_is_singleton 
[gw13][36m [ 16%] [0m[32mPASSED[0m tests/unit/test_exporter.py::TestExportServerInitialization::test_init_is_singleton 
tests/unit/test_exporter.py::TestExportServerInitialization::test_init_creates_uvicorn_server 
[gw13][36m [ 17%] [0m[32mPASSED[0m tests/unit/test_exporter.py::TestExportServerInitialization::test_init_creates_uvicorn_server 
tests/unit/test_exporter.py::TestExportServerLifecycle::test_start_sets_running_flag 
tests/unit/test_device_edge_cases.py::TestCyncDeviceEdgeCases::test_set_power_pending_command_set 
[gw8][36m [ 17%] [0m[32mPASSED[0m tests/unit/test_device_edge_cases.py::TestCyncDeviceEdgeCases::test_set_power_pending_command_set 
tests/unit/test_exporter.py::TestExportServerLifecycle::test_stop_shuts_down_server 
[gw8][36m [ 17%] [0m[32mPASSED[0m tests/unit/test_exporter.py::TestExportServerLifecycle::test_stop_shuts_down_server 
tests/unit/test_exporter.py::TestExportServerLifecycle::test_stop_publishes_mqtt_message 
[gw8][36m [ 17%] [0m[32mPASSED[0m tests/unit/test_exporter.py::TestExportServerLifecycle::test_stop_publishes_mqtt_message 
tests/unit/test_exporter.py::TestFastAPIEndpoints::test_get_index 
[gw8][36m [ 17%] [0m[32mPASSED[0m tests/unit/test_exporter.py::TestFastAPIEndpoints::test_get_index 
tests/unit/test_exporter.py::TestFastAPIEndpoints::test_start_export_success 
[gw8][36m [ 17%] [0m[32mPASSED[0m tests/unit/test_exporter.py::TestFastAPIEndpoints::test_start_export_success 
tests/unit/test_exporter.py::TestFastAPIEndpoints::test_start_export_requires_otp 
[gw8][36m [ 17%] [0m[32mPASSED[0m tests/unit/test_exporter.py::TestFastAPIEndpoints::test_start_export_requires_otp 
tests/unit/test_exporter.py::TestFastAPIEndpoints::test_start_export_failure 
tests/unit/test_devices_cync_group.py::TestCyncGroup::test_group_init_with_home_id 
[gw14][36m [ 18%] [0m[32mPASSED[0m tests/unit/test_devices_cync_group.py::TestCyncGroup::test_group_init_with_home_id 
tests/unit/test_instrumentation.py::TestTimingThresholds::test_timed_async_decorator_executes_successfully 
[gw14][36m [ 18%] [0m[32mPASSED[0m tests/unit/test_instrumentation.py::TestTimingThresholds::test_timed_async_decorator_executes_successfully 
tests/unit/test_main.py::TestCyncControllerInitialization::test_init_is_singleton 
[gw14][36m [ 18%] [0m[32mPASSED[0m tests/unit/test_main.py::TestCyncControllerInitialization::test_init_is_singleton 
tests/unit/test_main.py::TestCyncControllerInitialization::test_init_configures_signal_handlers 
[gw14][36m [ 18%] [0m[32mPASSED[0m tests/unit/test_main.py::TestCyncControllerInitialization::test_init_configures_signal_handlers 
tests/unit/test_main.py::TestCyncControllerInitialization::test_init_sets_event_loop_policy 
[gw14][36m [ 18%] [0m[32mPASSED[0m tests/unit/test_main.py::TestCyncControllerInitialization::test_init_sets_event_loop_policy 
tests/unit/test_main.py::TestCyncControllerStartup::test_start_with_missing_config_file 
tests/unit/test_device_metadata.py::TestCyncDevicePropertyClassification::test_bt_only_property_with_specific_mac 
[gw9][36m [ 18%] [0m[32mPASSED[0m tests/unit/test_device_metadata.py::TestCyncDevicePropertyClassification::test_bt_only_property_with_specific_mac 
tests/unit/test_mqtt_client.py::TestSlugify::test_slugify_special_characters 
[gw9][36m [ 18%] [0m[32mPASSED[0m tests/unit/test_mqtt_client.py::TestSlugify::test_slugify_special_characters 
tests/unit/test_mqtt_client.py::TestSlugify::test_slugify_numbers 
tests/unit/test_devices_cync_group.py::TestCyncGroupAdvancedCommands::test_group_aggregate_returns_none_when_all_offline 
[gw12][36m [ 19%] [0m[32mPASSED[0m tests/unit/test_devices_cync_group.py::TestCyncGroupAdvancedCommands::test_group_aggregate_returns_none_when_all_offline 
tests/unit/test_main.py::TestCyncControllerShutdown::test_stop_sends_sigterm 
[gw2][36m [ 19%] [0m[32mPASSED[0m tests/unit/test_cloud_api.py::TestCyncCloudAPIDeviceOperations::test_get_properties_no_properties_error 
tests/unit/test_cloud_api.py::TestCyncCloudAPIDeviceOperations::test_get_properties_json_decode_error 
[gw2][36m [ 19%] [0m[32mPASSED[0m tests/unit/test_cloud_api.py::TestCyncCloudAPIDeviceOperations::test_get_properties_json_decode_error 
tests/unit/test_cloud_api.py::TestCyncCloudAPIDeviceOperations::test_export_config_full_mesh 
[gw2][36m [ 19%] [0m[32mPASSED[0m tests/unit/test_cloud_api.py::TestCyncCloudAPIDeviceOperations::test_export_config_full_mesh 
tests/unit/test_cloud_api.py::TestCyncCloudAPIDeviceOperations::test_export_config_skip_unnamed_mesh 
[gw2][36m [ 19%] [0m[32mPASSED[0m tests/unit/test_cloud_api.py::TestCyncCloudAPIDeviceOperations::test_export_config_skip_unnamed_mesh 
tests/unit/test_cloud_api.py::TestCyncCloudAPIDeviceOperations::test_export_config_skip_no_properties 
[gw2][36m [ 19%] [0m[32mPASSED[0m tests/unit/test_cloud_api.py::TestCyncCloudAPIDeviceOperations::test_export_config_skip_no_properties 
tests/unit/test_cloud_api.py::TestCyncCloudAPIDeviceOperations::test_export_config_skip_no_bulbs_array 
[gw2][36m [ 19%] [0m[32mPASSED[0m tests/unit/test_cloud_api.py::TestCyncCloudAPIDeviceOperations::test_export_config_skip_no_bulbs_array 
tests/unit/test_cloud_api.py::TestCyncCloudAPIDeviceOperations::test_export_config_device_with_hvac 
[gw2][36m [ 19%] [0m[32mPASSED[0m tests/unit/test_cloud_api.py::TestCyncCloudAPIDeviceOperations::test_export_config_device_with_hvac 
tests/unit/test_cloud_api.py::TestCyncCloudAPIDeviceOperations::test_export_config_skip_invalid_device 
[gw2][36m [ 20%] [0m[32mPASSED[0m tests/unit/test_cloud_api.py::TestCyncCloudAPIDeviceOperations::test_export_config_skip_invalid_device 
tests/unit/test_cloud_api.py::TestCyncCloudAPIDeviceOperations::test_export_config_groups_parsing 
[gw2][36m [ 20%] [0m[32mPASSED[0m tests/unit/test_cloud_api.py::TestCyncCloudAPIDeviceOperations::test_export_config_groups_parsing 
tests/unit/test_cloud_api.py::TestCyncCloudAPIDeviceOperations::test_export_config_skip_empty_groups 
[gw2][36m [ 20%] [0m[32mPASSED[0m tests/unit/test_cloud_api.py::TestCyncCloudAPIDeviceOperations::test_export_config_skip_empty_groups 
[gw1][36m [ 20%] [0m[32mPASSED[0m tests/unit/test_cloud_api.py::TestCyncCloudAPIDeviceOperations::test_get_properties_access_token_expired 
tests/unit/test_instrumentation.py::TestMeasureTime::test_measure_time_precision 
[gw1][36m [ 20%] [0m[32mPASSED[0m tests/unit/test_instrumentation.py::TestMeasureTime::test_measure_time_precision 
tests/unit/test_instrumentation.py::TestMeasureTime::test_measure_time_zero_elapsed 
[gw1][36m [ 20%] [0m[32mPASSED[0m tests/unit/test_instrumentation.py::TestMeasureTime::test_measure_time_zero_elapsed 
tests/unit/test_instrumentation.py::TestTimedDecorator::test_timed_decorator_wrapped_function_executes 
[gw1][36m [ 20%] [0m[32mPASSED[0m tests/unit/test_instrumentation.py::TestTimedDecorator::test_timed_decorator_wrapped_function_executes 
tests/unit/test_instrumentation.py::TestTimedDecorator::test_timed_decorator_preserves_function_name 
[gw1][36m [ 21%] [0m[32mPASSED[0m tests/unit/test_instrumentation.py::TestTimedDecorator::test_timed_decorator_preserves_function_name 
tests/unit/test_instrumentation.py::TestTimedDecorator::test_timed_decorator_with_arguments 
[gw1][36m [ 21%] [0m[32mPASSED[0m tests/unit/test_instrumentation.py::TestTimedDecorator::test_timed_decorator_with_arguments 
tests/unit/test_instrumentation.py::TestTimedDecorator::test_timed_decorator_with_kwargs 
[gw1][36m [ 21%] [0m[32mPASSED[0m tests/unit/test_instrumentation.py::TestTimedDecorator::test_timed_decorator_with_kwargs 
tests/unit/test_instrumentation.py::TestTimedAsyncDecorator::test_timed_async_decorator_preserved_function_name 
[gw1][36m [ 21%] [0m[32mPASSED[0m tests/unit/test_instrumentation.py::TestTimedAsyncDecorator::test_timed_async_decorator_preserved_function_name 
tests/unit/test_instrumentation.py::TestTimedAsyncDecorator::test_timed_async_decorator_with_arguments 
[gw14][36m [ 21%] [0m[32mPASSED[0m tests/unit/test_main.py::TestCyncControllerStartup::test_start_with_missing_config_file 
tests/unit/test_main.py::TestCyncControllerStartup::test_start_loads_config_and_creates_services 
[gw15][36m [ 21%] [0m[32mPASSED[0m tests/unit/test_devices_cync_device.py::TestCyncDeviceRGBCommands::test_set_rgb_callback_registration 
tests/unit/test_devices_cync_device.py::TestCyncDevicePropertyMethods::test_is_dimmable_with_metadata 
[gw15][36m [ 21%] [0m[32mPASSED[0m tests/unit/test_devices_cync_device.py::TestCyncDevicePropertyMethods::test_is_dimmable_with_metadata 
tests/unit/test_devices_cync_device.py::TestCyncDevicePropertyMethods::test_is_dimmable_without_metadata 
[gw15][36m [ 22%] [0m[32mPASSED[0m tests/unit/test_devices_cync_device.py::TestCyncDevicePropertyMethods::test_is_dimmable_without_metadata 
tests/unit/test_devices_cync_device.py::TestCyncDevicePropertyMethods::test_supports_rgb_with_explicit_setter 
[gw15][36m [ 22%] [0m[32mPASSED[0m tests/unit/test_devices_cync_device.py::TestCyncDevicePropertyMethods::test_supports_rgb_with_explicit_setter 
tests/unit/test_devices_cync_device.py::TestCyncDevicePropertyMethods::test_supports_rgb_with_metadata 
[gw15][36m [ 22%] [0m[32mPASSED[0m tests/unit/test_devices_cync_device.py::TestCyncDevicePropertyMethods::test_supports_rgb_with_metadata 
tests/unit/test_devices_cync_device.py::TestCyncDevicePropertyMethods::test_supports_temperature_with_explicit_setter 
[gw15][36m [ 22%] [0m[32mPASSED[0m tests/unit/test_devices_cync_device.py::TestCyncDevicePropertyMethods::test_supports_temperature_with_explicit_setter 
tests/unit/test_exporter.py::TestFastAPIEndpoints::test_submit_otp_invalid_code 
[gw15][36m [ 22%] [0m[32mPASSED[0m tests/unit/test_exporter.py::TestFastAPIEndpoints::test_submit_otp_invalid_code 
tests/unit/test_exporter.py::TestFastAPIEndpoints::test_submit_otp_export_failure 
[gw15][36m [ 22%] [0m[32mPASSED[0m tests/unit/test_exporter.py::TestFastAPIEndpoints::test_submit_otp_export_failure 
tests/unit/test_exporter.py::TestFastAPIEndpoints::test_health_check 
[gw15][36m [ 22%] [0m[32mPASSED[0m tests/unit/test_exporter.py::TestFastAPIEndpoints::test_health_check 
tests/unit/test_exporter.py::TestFastAPIEndpoints::test_download_config_file_exists 
[gw15][36m [ 23%] [0m[32mPASSED[0m tests/unit/test_exporter.py::TestFastAPIEndpoints::test_download_config_file_exists 
tests/unit/test_exporter.py::TestFastAPIEndpoints::test_download_config_file_missing 
[gw15][36m [ 23%] [0m[32mPASSED[0m tests/unit/test_exporter.py::TestFastAPIEndpoints::test_download_config_file_missing 
tests/unit/test_exporter.py::TestFastAPIEndpoints::test_restart_success 
[gw3][36m [ 23%] [0m[32mPASSED[0m tests/unit/test_cloud_relay.py::TestCloudRelayConnectionInitialization::test_relay_initialization_without_forwarding 
tests/unit/test_cloud_relay.py::TestCloudConnection::test_connect_to_cloud_success 
[gw3][36m [ 23%] [0m[32mPASSED[0m tests/unit/test_cloud_relay.py::TestCloudConnection::test_connect_to_cloud_success 
tests/unit/test_cloud_relay.py::TestCloudConnection::test_connect_to_cloud_failure 
[gw8][36m [ 23%] [0m[32mPASSED[0m tests/unit/test_exporter.py::TestFastAPIEndpoints::test_start_export_failure 
tests/unit/test_exporter.py::TestFastAPIEndpoints::test_request_otp_success 
[gw8][36m [ 23%] [0m[32mPASSED[0m tests/unit/test_exporter.py::TestFastAPIEndpoints::test_request_otp_success 
tests/unit/test_exporter.py::TestFastAPIEndpoints::test_request_otp_failure 
[gw8][36m [ 23%] [0m[32mPASSED[0m tests/unit/test_exporter.py::TestFastAPIEndpoints::test_request_otp_failure 
[gw9][36m [ 23%] [0m[32mPASSED[0m tests/unit/test_mqtt_client.py::TestSlugify::test_slugify_numbers 
tests/unit/test_mqtt_client.py::TestSlugify::test_slugify_unicode 
[gw9][36m [ 24%] [0m[32mPASSED[0m tests/unit/test_mqtt_client.py::TestSlugify::test_slugify_unicode 
tests/unit/test_mqtt_client.py::TestSlugify::test_slugify_leading_trailing_spaces 
[gw9][36m [ 24%] [0m[32mPASSED[0m tests/unit/test_mqtt_client.py::TestSlugify::test_slugify_leading_trailing_spaces 
tests/unit/test_mqtt_client.py::TestSlugify::test_slugify_hyphens 
[gw9][36m [ 24%] [0m[32mPASSED[0m tests/unit/test_mqtt_client.py::TestSlugify::test_slugify_hyphens 
tests/unit/test_mqtt_client.py::TestSlugify::test_slugify_mixed 
[gw9][36m [ 24%] [0m[32mPASSED[0m tests/unit/test_mqtt_client.py::TestSlugify::test_slugify_mixed 
tests/unit/test_mqtt_client.py::TestMQTTClientInitialization::test_init_creates_singleton 
[gw9][36m [ 24%] [0m[32mPASSED[0m tests/unit/test_mqtt_client.py::TestMQTTClientInitialization::test_init_creates_singleton 
[gw12][36m [ 24%] [0m[32mPASSED[0m tests/unit/test_main.py::TestCyncControllerShutdown::test_stop_sends_sigterm 
tests/unit/test_main.py::TestParseCLI::test_parse_cli_export_server_enabled 
[gw12][36m [ 24%] [0m[32mPASSED[0m tests/unit/test_main.py::TestParseCLI::test_parse_cli_export_server_enabled 
tests/unit/test_main.py::TestParseCLI::test_parse_cli_debug_mode 
[gw12][36m [ 25%] [0m[32mPASSED[0m tests/unit/test_main.py::TestParseCLI::test_parse_cli_debug_mode 
tests/unit/test_main.py::TestParseCLI::test_parse_cli_env_file 
[gw12][36m [ 25%] [0m[32mPASSED[0m tests/unit/test_main.py::TestParseCLI::test_parse_cli_env_file 
tests/unit/test_main.py::TestParseCLI::test_parse_cli_without_optional_deps 
[gw12][36m [ 25%] [0m[32mPASSED[0m tests/unit/test_main.py::TestParseCLI::test_parse_cli_without_optional_deps 
tests/unit/test_main.py::TestMainFunction::test_main_exists_and_callable 
[gw12][36m [ 25%] [0m[32mPASSED[0m tests/unit/test_main.py::TestMainFunction::test_main_exists_and_callable 
tests/unit/test_mqtt_client.py::TestSlugify::test_slugify_basic 
[gw12][36m [ 25%] [0m[32mPASSED[0m tests/unit/test_mqtt_client.py::TestSlugify::test_slugify_basic 
[gw11][36m [ 25%] [0m[32mPASSED[0m tests/unit/test_device_properties.py::TestCyncDevicePropertyEdgeCases::test_is_switch_setter_with_non_boolean 
tests/unit/test_device_properties.py::TestCyncDevicePropertyEdgeCases::test_version_setter_with_invalid_string 
[gw11][36m [ 25%] [0m[32mPASSED[0m tests/unit/test_device_properties.py::TestCyncDevicePropertyEdgeCases::test_version_setter_with_invalid_string 
tests/unit/test_device_properties.py::TestCyncDevicePropertyEdgeCases::test_mac_setter_with_conversion 
[gw11][36m [ 26%] [0m[32mPASSED[0m tests/unit/test_device_properties.py::TestCyncDevicePropertyEdgeCases::test_mac_setter_with_conversion 
tests/unit/test_device_properties.py::TestCyncDevicePropertyEdgeCases::test_has_wifi_property_without_metadata 
[gw11][36m [ 26%] [0m[32mPASSED[0m tests/unit/test_device_properties.py::TestCyncDevicePropertyEdgeCases::test_has_wifi_property_without_metadata 
tests/unit/test_device_properties.py::TestCyncDevicePropertyEdgeCases::test_bt_only_property_with_wifi_mac 
[gw11][36m [ 26%] [0m[32mPASSED[0m tests/unit/test_device_properties.py::TestCyncDevicePropertyEdgeCases::test_bt_only_property_with_wifi_mac 
tests/unit/test_device_properties.py::TestCyncDevicePropertyEdgeCases::test_bt_only_property_without_metadata 
[gw11][36m [ 26%] [0m[32mPASSED[0m tests/unit/test_device_properties.py::TestCyncDevicePropertyEdgeCases::test_bt_only_property_without_metadata 
tests/unit/test_devices_cync_device.py::TestCyncDeviceInitialization::test_init_with_required_params 
[gw11][36m [ 26%] [0m[32mPASSED[0m tests/unit/test_devices_cync_device.py::TestCyncDeviceInitialization::test_init_with_required_params 
tests/unit/test_device_commands.py::TestCyncDeviceErrorPathsCommands::test_set_temperature_no_tcp_bridges 
[gw7][36m [ 26%] [0m[32mPASSED[0m tests/unit/test_device_commands.py::TestCyncDeviceErrorPathsCommands::test_set_temperature_no_tcp_bridges 
tests/unit/test_device_commands.py::TestCyncDeviceErrorPathsCommands::test_set_temperature_invalid_value_returns_early 
[gw7][36m [ 26%] [0m[32mPASSED[0m tests/unit/test_device_commands.py::TestCyncDeviceErrorPathsCommands::test_set_temperature_invalid_value_returns_early 
tests/unit/test_device_commands.py::TestCyncDeviceErrorPathsCommands::test_set_rgb_no_tcp_bridges 
[gw7][36m [ 27%] [0m[32mPASSED[0m tests/unit/test_device_commands.py::TestCyncDeviceErrorPathsCommands::test_set_rgb_no_tcp_bridges 
tests/unit/test_device_commands.py::TestCyncDeviceErrorPathsCommands::test_set_rgb_invalid_color_returns_early 
[gw7][36m [ 27%] [0m[32mPASSED[0m tests/unit/test_device_commands.py::TestCyncDeviceErrorPathsCommands::test_set_rgb_invalid_color_returns_early 
tests/unit/test_device_commands.py::TestCyncDeviceErrorPathsCommands::test_group_set_power_no_bridges 
[gw7][36m [ 27%] [0m[32mPASSED[0m tests/unit/test_device_commands.py::TestCyncDeviceErrorPathsCommands::test_group_set_power_no_bridges 
tests/unit/test_device_commands.py::TestCyncDeviceErrorPathsCommands::test_group_set_power_bridge_not_ready 
[gw7][36m [ 27%] [0m[32mPASSED[0m tests/unit/test_device_commands.py::TestCyncDeviceErrorPathsCommands::test_group_set_power_bridge_not_ready 
tests/unit/test_device_commands.py::TestDeviceBridgeSelection::test_device_prefers_ready_bridges 
[gw7][36m [ 27%] [0m[32mPASSED[0m tests/unit/test_device_commands.py::TestDeviceBridgeSelection::test_device_prefers_ready_bridges 
tests/unit/test_device_commands.py::TestDeviceErrorPaths::test_device_invalid_brightness_range 
[gw7][36m [ 27%] [0m[32mPASSED[0m tests/unit/test_device_commands.py::TestDeviceErrorPaths::test_device_invalid_brightness_range 
[gw1][36m [ 27%] [0m[32mPASSED[0m tests/unit/test_instrumentation.py::TestTimedAsyncDecorator::test_timed_async_decorator_with_arguments 
[gw15][36m [ 28%] [0m[32mPASSED[0m tests/unit/test_exporter.py::TestFastAPIEndpoints::test_restart_success 
tests/unit/test_exporter.py::TestFastAPIEndpoints::test_restart_no_token 
[gw15][36m [ 28%] [0m[32mPASSED[0m tests/unit/test_exporter.py::TestFastAPIEndpoints::test_restart_no_token 
tests/unit/test_exporter.py::TestFastAPIEndpoints::test_restart_api_error 
[gw6][36m [ 28%] [0m[32mPASSED[0m tests/unit/test_correlation.py::TestCorrelationContext::test_context_with_custom_id 
tests/unit/test_correlation.py::TestCorrelationContext::test_context_restores_previous_id 
[gw6][36m [ 28%] [0m[32mPASSED[0m tests/unit/test_correlation.py::TestCorrelationContext::test_context_restores_previous_id 
tests/unit/test_correlation.py::TestCorrelationContext::test_context_restores_none_if_not_set 
[gw6][36m [ 28%] [0m[32mPASSED[0m tests/unit/test_correlation.py::TestCorrelationContext::test_context_restores_none_if_not_set 
tests/unit/test_correlation.py::TestCorrelationContext::test_context_with_auto_generate_false 
[gw6][36m [ 28%] [0m[32mPASSED[0m tests/unit/test_correlation.py::TestCorrelationContext::test_context_with_auto_generate_false 
tests/unit/test_correlation.py::TestCorrelationContext::test_nested_contexts 
[gw6][36m [ 28%] [0m[32mPASSED[0m tests/unit/test_correlation.py::TestCorrelationContext::test_nested_contexts 
tests/unit/test_correlation.py::TestEnsureCorrelationId::test_creates_id_if_missing 
[gw6][36m [ 28%] [0m[32mPASSED[0m tests/unit/test_correlation.py::TestEnsureCorrelationId::test_creates_id_if_missing 
tests/unit/test_correlation.py::TestEnsureCorrelationId::test_returns_existing_id 
[gw6][36m [ 29%] [0m[32mPASSED[0m tests/unit/test_correlation.py::TestEnsureCorrelationId::test_returns_existing_id 
tests/unit/test_correlation.py::TestEnsureCorrelationId::test_ensures_id_stays_in_context 
[gw6][36m [ 29%] [0m[32mPASSED[0m tests/unit/test_correlation.py::TestEnsureCorrelationId::test_ensures_id_stays_in_context 
tests/unit/test_device_commands.py::TestCyncDeviceFanCommands::test_set_fan_speed_valid_execution 
[gw6][36m [ 29%] [0m[32mPASSED[0m tests/unit/test_device_commands.py::TestCyncDeviceFanCommands::test_set_fan_speed_valid_execution 
tests/unit/test_device_commands.py::TestCyncDeviceFanCommands::test_set_fan_speed_not_fan_controller 
[gw6][36m [ 29%] [0m[32mPASSED[0m tests/unit/test_device_commands.py::TestCyncDeviceFanCommands::test_set_fan_speed_not_fan_controller 
[gw3][36m [ 29%] [0m[32mPASSED[0m tests/unit/test_cloud_relay.py::TestCloudConnection::test_connect_to_cloud_failure 
tests/unit/test_cloud_relay.py::TestCloudConnection::test_connect_to_cloud_timeout 
[gw15][36m [ 29%] [0m[32mPASSED[0m tests/unit/test_exporter.py::TestFastAPIEndpoints::test_restart_api_error 
[gw0][36m [ 29%] [0m[32mPASSED[0m tests/unit/test_cloud_api.py::TestCyncCloudAPISession::test_check_session_reuses_open_session 
tests/unit/test_cloud_api.py::TestCyncCloudAPISession::test_close_session 
[gw0][36m [ 30%] [0m[32mPASSED[0m tests/unit/test_cloud_api.py::TestCyncCloudAPISession::test_close_session 
tests/unit/test_cloud_api.py::TestCyncCloudAPITokenManagement::test_read_token_cache_not_found 
[gw0][36m [ 30%] [0m[32mPASSED[0m tests/unit/test_cloud_api.py::TestCyncCloudAPITokenManagement::test_read_token_cache_not_found 
tests/unit/test_cloud_api.py::TestCyncCloudAPITokenManagement::test_read_token_cache_success 
[gw0][36m [ 30%] [0m[32mPASSED[0m tests/unit/test_cloud_api.py::TestCyncCloudAPITokenManagement::test_read_token_cache_success 
tests/unit/test_cloud_api.py::TestCyncCloudAPITokenManagement::test_write_token_cache 
[gw0][36m [ 30%] [0m[32mPASSED[0m tests/unit/test_cloud_api.py::TestCyncCloudAPITokenManagement::test_write_token_cache 
tests/unit/test_cloud_api.py::TestCyncCloudAPITokenManagement::test_check_token_valid 
[gw0][36m [ 30%] [0m[32mPASSED[0m tests/unit/test_cloud_api.py::TestCyncCloudAPITokenManagement::test_check_token_valid 
tests/unit/test_cloud_api.py::TestCyncCloudAPITokenManagement::test_check_token_expired 
[gw0][36m [ 30%] [0m[32mPASSED[0m tests/unit/test_cloud_api.py::TestCyncCloudAPITokenManagement::test_check_token_expired 
tests/unit/test_devices_cync_group.py::TestCyncGroup::test_group_init_as_subgroup 
[gw0][36m [ 30%] [0m[32mPASSED[0m tests/unit/test_devices_cync_group.py::TestCyncGroup::test_group_init_as_subgroup 
tests/unit/test_devices_cync_group.py::TestCyncGroup::test_group_state_properties 
[gw0][36m [ 31%] [0m[32mPASSED[0m tests/unit/test_devices_cync_group.py::TestCyncGroup::test_group_state_properties 
tests/unit/test_devices_cync_group.py::TestCyncGroup::test_group_members_property 
[gw0][36m [ 31%] [0m[32mPASSED[0m tests/unit/test_devices_cync_group.py::TestCyncGroup::test_group_members_property 
tests/unit/test_devices_cync_group.py::TestCyncGroup::test_group_supports_rgb_property 
[gw0][36m [ 31%] [0m[32mPASSED[0m tests/unit/test_devices_cync_group.py::TestCyncGroup::test_group_supports_rgb_property 
tests/unit/test_devices_cync_group.py::TestCyncGroup::test_group_supports_temperature_property 
[gw0][36m [ 31%] [0m[32mPASSED[0m tests/unit/test_devices_cync_group.py::TestCyncGroup::test_group_supports_temperature_property 
tests/unit/test_devices_cync_group.py::TestCyncGroup::test_group_aggregate_member_states 
[gw0][36m [ 31%] [0m[32mPASSED[0m tests/unit/test_devices_cync_group.py::TestCyncGroup::test_group_aggregate_member_states 
tests/unit/test_devices_cync_group.py::TestCyncGroup::test_group_aggregate_no_online_members 
[gw0][36m [ 31%] [0m[32mPASSED[0m tests/unit/test_devices_cync_group.py::TestCyncGroup::test_group_aggregate_no_online_members 
tests/unit/test_devices_cync_group.py::TestCyncGroup::test_group_set_power 
[gw0][36m [ 31%] [0m[32mPASSED[0m tests/unit/test_devices_cync_group.py::TestCyncGroup::test_group_set_power 
tests/unit/test_mqtt_client.py::TestMQTTClientInitialization::test_init_with_default_topics 
tests/unit/test_devices_cync_group.py::TestCyncGroupOperations::test_group_set_brightness_bridge_not_ready 
[gw10][36m [ 32%] [0m[32mPASSED[0m tests/unit/test_devices_cync_group.py::TestCyncGroupOperations::test_group_set_brightness_bridge_not_ready 
tests/unit/test_mqtt_client.py::TestMQTTClientInitialization::test_init_with_custom_topics 
tests/unit/test_exporter.py::TestFastAPIEndpoints::test_submit_otp_success 
[gw8][36m [ 32%] [0m[32mPASSED[0m tests/unit/test_exporter.py::TestFastAPIEndpoints::test_submit_otp_success 
tests/unit/test_cloud_relay.py::TestCloudRelayConnectionInitialization::test_relay_initialization_with_forwarding 
[gw2][36m [ 32%] [0m[32mPASSED[0m tests/unit/test_cloud_relay.py::TestCloudRelayConnectionInitialization::test_relay_initialization_with_forwarding 
tests/unit/test_mqtt_client.py::TestDeviceCommand::test_device_command_repr 
[gw2][36m [ 32%] [0m[32mPASSED[0m tests/unit/test_mqtt_client.py::TestDeviceCommand::test_device_command_repr 
tests/unit/test_mqtt_client.py::TestDeviceCommand::test_device_command_repr_without_params 
[gw2][36m [ 32%] [0m[32mPASSED[0m tests/unit/test_mqtt_client.py::TestDeviceCommand::test_device_command_repr_without_params 
tests/unit/test_mqtt_client.py::TestCommandProcessor::test_command_processor_singleton_pattern 
tests/unit/test_mqtt_client.py::TestMQTTClientStateUpdates::test_update_rgb 
[gw9][36m [ 32%] [0m[32mPASSED[0m tests/unit/test_mqtt_client.py::TestMQTTClientInitialization::test_init_with_default_topics 
tests/unit/test_mqtt_client.py::TestSetPowerCommand::test_set_power_command_optimistic_update_switch 
tests/unit/test_instrumentation.py::TestMeasureTime::test_measure_time_returns_milliseconds 
tests/unit/test_instrumentation.py::TestTimingThresholds::test_timed_decorator_executes_successfully 
[gw1][36m [ 32%] [0m[32mPASSED[0m tests/unit/test_instrumentation.py::TestTimingThresholds::test_timed_decorator_executes_successfully 
tests/unit/test_mqtt_client.py::TestMQTTClientKelvinConversion::test_kelvin2cync_min_value 
[gw1][36m [ 33%] [0m[32mPASSED[0m tests/unit/test_mqtt_client.py::TestMQTTClientKelvinConversion::test_kelvin2cync_min_value 
tests/unit/test_mqtt_client.py::TestMQTTClientKelvinConversion::test_kelvin2cync_max_value 
[gw1][36m [ 33%] [0m[32mPASSED[0m tests/unit/test_mqtt_client.py::TestMQTTClientKelvinConversion::test_kelvin2cync_max_value 
tests/unit/test_mqtt_client.py::TestMQTTClientKelvinConversion::test_kelvin2cync_below_minimum 
[gw1][36m [ 33%] [0m[32mPASSED[0m tests/unit/test_mqtt_client.py::TestMQTTClientKelvinConversion::test_kelvin2cync_below_minimum 
tests/unit/test_mqtt_client.py::TestMQTTClientKelvinConversion::test_kelvin2cync_above_maximum 
[gw1][36m [ 33%] [0m[32mPASSED[0m tests/unit/test_mqtt_client.py::TestMQTTClientKelvinConversion::test_kelvin2cync_above_maximum 
tests/unit/test_mqtt_client.py::TestMQTTClientKelvinConversion::test_kelvin2cync_middle_value 
[gw1][36m [ 33%] [0m[32mPASSED[0m tests/unit/test_mqtt_client.py::TestMQTTClientKelvinConversion::test_kelvin2cync_middle_value 
tests/unit/test_mqtt_client.py::TestMQTTClientKelvinConversion::test_cync2kelvin_min_value 
[gw2][36m [ 33%] [0m[32mPASSED[0m tests/unit/test_mqtt_client.py::TestCommandProcessor::test_command_processor_singleton_pattern 
tests/unit/test_mqtt_client.py::TestCommandProcessor::test_command_processor_initialization 
[gw2][36m [ 33%] [0m[32mPASSED[0m tests/unit/test_mqtt_client.py::TestCommandProcessor::test_command_processor_initialization 
tests/unit/test_mqtt_client.py::TestCommandProcessor::test_command_processor_initialization_idempotent 
[gw2][36m [ 33%] [0m[32mPASSED[0m tests/unit/test_mqtt_client.py::TestCommandProcessor::test_command_processor_initialization_idempotent 
tests/unit/test_mqtt_client.py::TestCommandProcessor::test_command_processor_enqueue_command 
tests/unit/test_devices_cync_device.py::TestCyncDeviceInitialization::test_init_with_all_params 
[gw4][36m [ 34%] [0m[32mPASSED[0m tests/unit/test_cloud_relay.py::TestRelayClosedown::test_relay_close_cleanup 
tests/unit/test_cloud_relay.py::TestRelayErrorHandling::test_relay_handles_connection_errors 
[gw4][36m [ 34%] [0m[32mPASSED[0m tests/unit/test_cloud_relay.py::TestRelayErrorHandling::test_relay_handles_connection_errors 
tests/unit/test_cloud_relay.py::TestRelayErrorHandling::test_relay_handles_ssl_errors 
tests/unit/test_mqtt_client.py::TestSlugify::test_slugify_multiple_spaces 
[gw12][36m [ 34%] [0m[32mPASSED[0m tests/unit/test_mqtt_client.py::TestSlugify::test_slugify_multiple_spaces 
tests/unit/test_mqtt_client.py::TestCommandProcessorQueue::test_enqueue_starts_processing 
[gw12][36m [ 34%] [0m[32mPASSED[0m tests/unit/test_mqtt_client.py::TestCommandProcessorQueue::test_enqueue_starts_processing 
tests/unit/test_mqtt_client.py::TestCommandProcessorQueue::test_enqueue_doesnt_duplicate_processing_task 
[gw12][36m [ 34%] [0m[32mPASSED[0m tests/unit/test_mqtt_client.py::TestCommandProcessorQueue::test_enqueue_doesnt_duplicate_processing_task 
tests/unit/test_mqtt_client.py::TestCommandProcessorExecution::test_process_next_executes_command 
[gw11][36m [ 34%] [0m[32mPASSED[0m tests/unit/test_devices_cync_device.py::TestCyncDeviceInitialization::test_init_with_all_params 
tests/unit/test_mqtt_client.py::TestCommandProcessorExecution::test_process_next_sets_processing_flag 
[gw2][36m [ 34%] [0m[32mPASSED[0m tests/unit/test_mqtt_client.py::TestCommandProcessor::test_command_processor_enqueue_command 
[gw1][36m [ 35%] [0m[32mPASSED[0m tests/unit/test_mqtt_client.py::TestMQTTClientKelvinConversion::test_cync2kelvin_min_value 
[gw8][36m [ 35%] [0m[32mPASSED[0m tests/unit/test_mqtt_client.py::TestMQTTClientStateUpdates::test_update_rgb 
tests/unit/test_mqtt_client.py::TestMQTTClientBirthWill::test_send_birth_msg 
[gw8][36m [ 35%] [0m[32mPASSED[0m tests/unit/test_mqtt_client.py::TestMQTTClientBirthWill::test_send_birth_msg 
tests/unit/test_mqtt_client.py::TestMQTTClientBirthWill::test_send_will_msg 
[gw8][36m [ 35%] [0m[32mPASSED[0m tests/unit/test_mqtt_client.py::TestMQTTClientBirthWill::test_send_will_msg 
tests/unit/test_mqtt_client.py::TestMQTTClientTemperatureConversion::test_kelvin2cync 
[gw8][36m [ 35%] [0m[32mPASSED[0m tests/unit/test_mqtt_client.py::TestMQTTClientTemperatureConversion::test_kelvin2cync 
tests/unit/test_mqtt_client.py::TestMQTTClientTemperatureConversion::test_cync2kelvin 
[gw8][36m [ 35%] [0m[32mPASSED[0m tests/unit/test_mqtt_client.py::TestMQTTClientTemperatureConversion::test_cync2kelvin 
tests/unit/test_mqtt_client.py::TestMQTTClientTemperatureConversion::test_temperature_conversion_roundtrip 
[gw8][36m [ 35%] [0m[32mPASSED[0m tests/unit/test_mqtt_client.py::TestMQTTClientTemperatureConversion::test_temperature_conversion_roundtrip 
tests/unit/test_mqtt_client.py::TestMQTTClientBrightnessConversion::test_brightness_to_percentage_255_scale 
[gw8][36m [ 36%] [0m[32mPASSED[0m tests/unit/test_mqtt_client.py::TestMQTTClientBrightnessConversion::test_brightness_to_percentage_255_scale 
[gw3][36m [ 36%] [0m[32mPASSED[0m tests/unit/test_cloud_relay.py::TestCloudConnection::test_connect_to_cloud_timeout 
tests/unit/test_cloud_relay.py::TestCloudConnection::test_connect_to_cloud_ssl_verify_disabled 
tests/unit/test_device_edge_cases.py::TestCyncDeviceErrorPaths::test_device_state_setter_with_float 
[gw7][36m [ 36%] [0m[32mPASSED[0m tests/unit/test_device_edge_cases.py::TestCyncDeviceErrorPaths::test_device_state_setter_with_float 
tests/unit/test_mqtt_client.py::TestMQTTSyncGroupSwitches::test_sync_group_switches_member_not_in_devices 
tests/unit/test_devices_cync_group.py::TestCyncGroup::test_group_set_power_invalid_state 
[gw0][36m [ 36%] [0m[32mPASSED[0m tests/unit/test_devices_cync_group.py::TestCyncGroup::test_group_set_power_invalid_state 
tests/unit/test_mqtt_client.py::TestCommandProcessor::test_command_processor_queue_fifo_ordering 
[gw2][36m [ 36%] [0m[32mPASSED[0m tests/unit/test_mqtt_client.py::TestCommandProcessor::test_command_processor_queue_fifo_ordering 
tests/unit/test_device_commands.py::TestCyncDeviceLightshowCommand::test_set_lightshow_creates_packet 
[gw6][36m [ 36%] [0m[32mPASSED[0m tests/unit/test_device_commands.py::TestCyncDeviceLightshowCommand::test_set_lightshow_creates_packet 
tests/unit/test_mqtt_client.py::TestMQTTGroupCommandHandling::test_group_power_on_command 
tests/unit/test_mqtt_client.py::TestMQTTClientKelvinConversion::test_cync2kelvin_max_value 
[gw1][36m [ 36%] [0m[32mPASSED[0m tests/unit/test_mqtt_client.py::TestMQTTClientKelvinConversion::test_cync2kelvin_max_value 
[gw6][36m [ 37%] [0m[32mPASSED[0m tests/unit/test_mqtt_client.py::TestMQTTGroupCommandHandling::test_group_power_on_command 
[gw15][36m [ 37%] [0m[32mPASSED[0m tests/unit/test_instrumentation.py::TestMeasureTime::test_measure_time_returns_milliseconds 
tests/unit/test_mqtt_client.py::TestMQTTClientKelvinConversion::test_cync2kelvin_below_zero 
[gw15][36m [ 37%] [0m[32mPASSED[0m tests/unit/test_mqtt_client.py::TestMQTTClientKelvinConversion::test_cync2kelvin_below_zero 
tests/unit/test_mqtt_client.py::TestCommandProcessor::test_command_processor_initial_processing_state 
[gw2][36m [ 37%] [0m[32mPASSED[0m tests/unit/test_mqtt_client.py::TestCommandProcessor::test_command_processor_initial_processing_state 
tests/unit/test_mqtt_client.py::TestMQTTUpdateDeviceStateEdgeCases::test_update_device_state_supports_rgb 
tests/unit/test_mqtt_client.py::TestMQTTClientKelvinConversion::test_cync2kelvin_above_100 
[gw4][36m [ 37%] [0m[32mPASSED[0m tests/unit/test_cloud_relay.py::TestRelayErrorHandling::test_relay_handles_ssl_errors 
tests/unit/test_mqtt_client.py::TestMQTTGroupCommandHandling::test_group_brightness_command 
[gw6][36m [ 37%] [0m[32mPASSED[0m tests/unit/test_mqtt_client.py::TestMQTTGroupCommandHandling::test_group_brightness_command 
tests/unit/test_mqtt_client.py::TestMQTTGroupCommandHandling::test_group_not_found_handling 
[gw6][36m [ 37%] [0m[32mPASSED[0m tests/unit/test_mqtt_client.py::TestMQTTGroupCommandHandling::test_group_not_found_handling 
tests/unit/test_mqtt_client.py::TestMQTTRefreshStatus::test_refresh_status_triggers_refresh 
[gw0][36m [ 38%] [0m[32mPASSED[0m tests/unit/test_mqtt_client.py::TestMQTTRefreshStatus::test_refresh_status_triggers_refresh 
tests/unit/test_mqtt_client.py::TestMQTTParseDeviceStatus::test_parse_device_status_light_with_brightness 
tests/unit/test_mqtt_client.py::TestMQTTParseDeviceStatus::test_parse_device_status_fan_preset_mode 
tests/unit/test_mqtt_client.py::TestMQTTFanCommands::test_fan_percentage_command_low 
[gw6][36m [ 38%] [0m[32mPASSED[0m tests/unit/test_mqtt_client.py::TestMQTTFanCommands::test_fan_percentage_command_low 
tests/unit/test_mqtt_client.py::TestMQTTFanCommands::test_fan_percentage_command_medium 
tests/unit/test_command_processor.py::TestCommandProcessorExecution::test_command_processor_sequential_execution 
[gw6][36m [ 38%] [0m[32mPASSED[0m tests/unit/test_mqtt_client.py::TestMQTTFanCommands::test_fan_percentage_command_medium 
[gw15][36m [ 38%] [0m[32mPASSED[0m tests/unit/test_mqtt_client.py::TestMQTTClientKelvinConversion::test_cync2kelvin_above_100 
tests/unit/test_mqtt_client.py::TestMQTTFanCommands::test_fan_percentage_command_high 
tests/unit/test_mqtt_client.py::TestMQTTClientBrightnessConversion::test_brightness_to_preset 
[gw8][36m [ 38%] [0m[32mPASSED[0m tests/unit/test_mqtt_client.py::TestMQTTClientBrightnessConversion::test_brightness_to_preset 
tests/unit/test_mqtt_command_routing.py::TestGroupCommandRouting::test_group_command_valid_group_routing 
tests/unit/test_mqtt_client.py::TestMQTTClientKelvinConversion::test_cync2kelvin_middle_value 
[gw15][36m [ 38%] [0m[32mPASSED[0m tests/unit/test_mqtt_client.py::TestMQTTClientKelvinConversion::test_cync2kelvin_middle_value 
tests/unit/test_mqtt_client.py::TestMQTTClientKelvinConversion::test_kelvin_roundtrip_conversion 
[gw15][36m [ 38%] [0m[32mPASSED[0m tests/unit/test_mqtt_client.py::TestMQTTClientKelvinConversion::test_kelvin_roundtrip_conversion 
tests/unit/test_mqtt_client.py::TestSetPowerCommand::test_set_power_command_initialization 
[gw15][36m [ 38%] [0m[32mPASSED[0m tests/unit/test_mqtt_client.py::TestSetPowerCommand::test_set_power_command_initialization 
tests/unit/test_mqtt_client.py::TestSetPowerCommand::test_set_power_command_execute_calls_set_power 
[gw15][36m [ 39%] [0m[32mPASSED[0m tests/unit/test_mqtt_client.py::TestSetPowerCommand::test_set_power_command_execute_calls_set_power 
[gw1][36m [ 39%] [0m[32mPASSED[0m tests/unit/test_mqtt_client.py::TestMQTTParseDeviceStatus::test_parse_device_status_fan_preset_mode 
tests/unit/test_mqtt_client.py::TestMQTTTriggerStatusRefresh::test_trigger_status_refresh_no_server 
[gw8][36m [ 39%] [0m[32mPASSED[0m tests/unit/test_mqtt_command_routing.py::TestGroupCommandRouting::test_group_command_valid_group_routing 
tests/unit/test_mqtt_command_routing.py::TestGroupCommandRouting::test_group_command_invalid_group_warning 
[gw8][36m [ 39%] [0m[32mPASSED[0m tests/unit/test_mqtt_command_routing.py::TestGroupCommandRouting::test_group_command_invalid_group_warning 
tests/unit/test_mqtt_command_routing.py::TestGroupCommandRouting::test_group_command_parses_group_id_correctly 
[gw8][36m [ 39%] [0m[32mPASSED[0m tests/unit/test_mqtt_command_routing.py::TestGroupCommandRouting::test_group_command_parses_group_id_correctly 
tests/unit/test_mqtt_command_routing.py::TestDeviceCommandRouting::test_device_command_valid_device_routing 
[gw1][36m [ 39%] [0m[32mPASSED[0m tests/unit/test_mqtt_client.py::TestMQTTTriggerStatusRefresh::test_trigger_status_refresh_no_server 
tests/unit/test_mqtt_client.py::TestMQTTTriggerStatusRefresh::test_trigger_status_refresh_no_bridges 
[gw6][36m [ 39%] [0m[32mPASSED[0m tests/unit/test_mqtt_client.py::TestMQTTFanCommands::test_fan_percentage_command_high 
tests/unit/test_mqtt_client.py::TestMQTTFanCommands::test_fan_percentage_command_max 
[gw6][36m [ 40%] [0m[32mPASSED[0m tests/unit/test_mqtt_client.py::TestMQTTFanCommands::test_fan_percentage_command_max 
tests/unit/test_mqtt_command_routing.py::TestFanControllerCommands::test_fan_percentage_0_maps_to_brightness_0 
[gw6][36m [ 40%] [0m[32mPASSED[0m tests/unit/test_mqtt_command_routing.py::TestFanControllerCommands::test_fan_percentage_0_maps_to_brightness_0 
tests/unit/test_mqtt_command_routing.py::TestFanControllerCommands::test_fan_percentage_1_to_25_maps_to_brightness_25 
[gw6][36m [ 40%] [0m[32mPASSED[0m tests/unit/test_mqtt_command_routing.py::TestFanControllerCommands::test_fan_percentage_1_to_25_maps_to_brightness_25 
[gw8][36m [ 40%] [0m[32mPASSED[0m tests/unit/test_mqtt_command_routing.py::TestDeviceCommandRouting::test_device_command_valid_device_routing 
tests/unit/test_mqtt_command_routing.py::TestDeviceCommandRouting::test_device_command_invalid_device_warning 
tests/unit/test_mqtt_client.py::TestSetPowerCommand::test_set_power_command_optimistic_update_device 
tests/unit/test_mqtt_command_routing.py::TestFanControllerCommands::test_fan_percentage_26_to_50_maps_to_brightness_50 
[gw6][36m [ 40%] [0m[32mPASSED[0m tests/unit/test_mqtt_command_routing.py::TestFanControllerCommands::test_fan_percentage_26_to_50_maps_to_brightness_50 
tests/unit/test_mqtt_command_routing.py::TestFanControllerCommands::test_fan_percentage_51_to_75_maps_to_brightness_75 
[gw6][36m [ 40%] [0m[32mPASSED[0m tests/unit/test_mqtt_command_routing.py::TestFanControllerCommands::test_fan_percentage_51_to_75_maps_to_brightness_75 
tests/unit/test_mqtt_command_routing.py::TestFanControllerCommands::test_fan_percentage_76_to_100_maps_to_brightness_100 
[gw1][36m [ 40%] [0m[32mPASSED[0m tests/unit/test_mqtt_client.py::TestMQTTTriggerStatusRefresh::test_trigger_status_refresh_no_bridges 
tests/unit/test_mqtt_client.py::TestMQTTTriggerStatusRefresh::test_trigger_status_refresh_refresh_in_progress 
[gw1][36m [ 41%] [0m[32mPASSED[0m tests/unit/test_mqtt_client.py::TestMQTTTriggerStatusRefresh::test_trigger_status_refresh_refresh_in_progress 
tests/unit/test_mqtt_client.py::TestMQTTTriggerStatusRefresh::test_trigger_status_refresh_with_bridge 
[gw8][36m [ 41%] [0m[32mPASSED[0m tests/unit/test_mqtt_command_routing.py::TestDeviceCommandRouting::test_device_command_invalid_device_warning 
tests/unit/test_mqtt_command_routing.py::TestDeviceCommandRouting::test_device_command_parses_device_id_correctly 
[gw8][36m [ 41%] [0m[32mPASSED[0m tests/unit/test_mqtt_command_routing.py::TestDeviceCommandRouting::test_device_command_parses_device_id_correctly 
tests/unit/test_mqtt_command_routing.py::TestFanCommandEdgeCases::test_fan_percentage_boundary_0 
[gw3][36m [ 41%] [0m[32mPASSED[0m tests/unit/test_cloud_relay.py::TestCloudConnection::test_connect_to_cloud_ssl_verify_disabled 
tests/unit/test_cloud_relay.py::TestRelayStartup::test_start_relay_with_cloud_forwarding 
[gw6][36m [ 41%] [0m[32mPASSED[0m tests/unit/test_mqtt_command_routing.py::TestFanControllerCommands::test_fan_percentage_76_to_100_maps_to_brightness_100 
tests/unit/test_mqtt_command_routing.py::TestFanControllerCommands::test_fan_preset_off_maps_to_fanspeed_off 
[gw6][36m [ 41%] [0m[32mPASSED[0m tests/unit/test_mqtt_command_routing.py::TestFanControllerCommands::test_fan_preset_off_maps_to_fanspeed_off 
tests/unit/test_mqtt_command_routing.py::TestFanCommandEdgeCases::test_fan_percentage_exceeds_100 
[gw6][36m [ 41%] [0m[32mPASSED[0m tests/unit/test_mqtt_command_routing.py::TestFanCommandEdgeCases::test_fan_percentage_exceeds_100 
tests/unit/test_mqtt_connection_lifecycle.py::TestMQTTClientConnectionLifecycle::test_start_main_loop_basic 
[gw8][36m [ 42%] [0m[32mPASSED[0m tests/unit/test_mqtt_command_routing.py::TestFanCommandEdgeCases::test_fan_percentage_boundary_0 
tests/unit/test_mqtt_command_routing.py::TestFanCommandEdgeCases::test_fan_percentage_boundary_25 
[gw8][36m [ 42%] [0m[32mPASSED[0m tests/unit/test_mqtt_command_routing.py::TestFanCommandEdgeCases::test_fan_percentage_boundary_25 
tests/unit/test_mqtt_command_routing.py::TestFanCommandEdgeCases::test_fan_percentage_boundary_50 
[gw8][36m [ 42%] [0m[32mPASSED[0m tests/unit/test_mqtt_command_routing.py::TestFanCommandEdgeCases::test_fan_percentage_boundary_50 
tests/unit/test_mqtt_command_routing.py::TestFanCommandEdgeCases::test_fan_percentage_boundary_75 
[gw8][36m [ 42%] [0m[32mPASSED[0m tests/unit/test_mqtt_command_routing.py::TestFanCommandEdgeCases::test_fan_percentage_boundary_75 
[gw3][36m [ 42%] [0m[32mPASSED[0m tests/unit/test_cloud_relay.py::TestRelayStartup::test_start_relay_with_cloud_forwarding 
tests/unit/test_cloud_relay.py::TestRelayStartup::test_start_relay_cloud_connection_fails 
tests/unit/test_mqtt_command_routing.py::TestFanCommandEdgeCases::test_fan_percentage_boundary_100 
[gw8][36m [ 42%] [0m[32mPASSED[0m tests/unit/test_mqtt_command_routing.py::TestFanCommandEdgeCases::test_fan_percentage_boundary_100 
tests/unit/test_mqtt_command_routing.py::TestFanCommandEdgeCases::test_fan_percentage_invalid_negative 
[gw8][36m [ 42%] [0m[32mPASSED[0m tests/unit/test_mqtt_command_routing.py::TestFanCommandEdgeCases::test_fan_percentage_invalid_negative 
tests/unit/test_mqtt_device_discovery.py::TestMQTTDeviceDiscovery::test_homeassistant_discovery_device_naming 
[gw3][36m [ 42%] [0m[32mPASSED[0m tests/unit/test_cloud_relay.py::TestRelayStartup::test_start_relay_cloud_connection_fails 
[gw8][36m [ 43%] [0m[32mPASSED[0m tests/unit/test_mqtt_device_discovery.py::TestMQTTDeviceDiscovery::test_homeassistant_discovery_device_naming 
tests/unit/test_mqtt_device_discovery.py::TestMQTTDeviceDiscovery::test_homeassistant_discovery_suggested_area 
tests/unit/test_cloud_relay.py::TestRelayStartup::test_start_relay_lan_only_mode 
[gw8][36m [ 43%] [0m[32mPASSED[0m tests/unit/test_mqtt_device_discovery.py::TestMQTTDeviceDiscovery::test_homeassistant_discovery_suggested_area 
[gw3][36m [ 43%] [0m[32mPASSED[0m tests/unit/test_cloud_relay.py::TestRelayStartup::test_start_relay_lan_only_mode 
tests/unit/test_mqtt_device_discovery.py::TestMQTTDeviceDiscovery::test_homeassistant_discovery_device_info 
tests/unit/test_cloud_relay.py::TestSSLWarnings::test_ssl_verification_disabled_warning 
[gw8][36m [ 43%] [0m[32mPASSED[0m tests/unit/test_mqtt_device_discovery.py::TestMQTTDeviceDiscovery::test_homeassistant_discovery_device_info 
tests/unit/test_mqtt_device_discovery.py::TestMQTTDeviceDiscovery::test_homeassistant_discovery_duplicate_device 
[gw8][36m [ 43%] [0m[32mPASSED[0m tests/unit/test_mqtt_device_discovery.py::TestMQTTDeviceDiscovery::test_homeassistant_discovery_duplicate_device 
tests/unit/test_mqtt_discovery.py::TestDeviceRegistration::test_register_single_device_not_connected 
[gw8][36m [ 43%] [0m[32mPASSED[0m tests/unit/test_mqtt_discovery.py::TestDeviceRegistration::test_register_single_device_not_connected 
tests/unit/test_mqtt_discovery.py::TestDeviceRegistration::test_register_single_device_publishes_discovery 
[gw8][36m [ 43%] [0m[32mPASSED[0m tests/unit/test_mqtt_discovery.py::TestDeviceRegistration::test_register_single_device_publishes_discovery 
tests/unit/test_mqtt_discovery.py::TestEntityIDGeneration::test_entity_id_from_simple_device_name 
[gw9][36m [ 44%] [0m[31mFAILED[0m tests/unit/test_mqtt_client.py::TestSetPowerCommand::test_set_power_command_optimistic_update_switch 
[gw8][36m [ 44%] [0m[32mPASSED[0m tests/unit/test_mqtt_discovery.py::TestEntityIDGeneration::test_entity_id_from_simple_device_name 
tests/unit/test_mqtt_client.py::TestSetPowerCommand::test_set_power_command_optimistic_update_group 
tests/unit/test_mqtt_discovery.py::TestEntityIDGeneration::test_entity_id_from_complex_device_name 
[gw9][36m [ 44%] [0m[32mPASSED[0m tests/unit/test_mqtt_client.py::TestSetPowerCommand::test_set_power_command_optimistic_update_group 
tests/unit/test_mqtt_client.py::TestSetBrightnessCommand::test_set_brightness_command_initialization 
[gw8][36m [ 44%] [0m[32mPASSED[0m tests/unit/test_mqtt_discovery.py::TestEntityIDGeneration::test_entity_id_from_complex_device_name 
[gw9][36m [ 44%] [0m[32mPASSED[0m tests/unit/test_mqtt_client.py::TestSetBrightnessCommand::test_set_brightness_command_initialization 
tests/unit/test_mqtt_discovery.py::TestEntityIDGeneration::test_entity_id_from_unicode_device_name 
tests/unit/test_mqtt_client.py::TestSetBrightnessCommand::test_set_brightness_command_execute_calls_set_brightness 
[gw9][36m [ 44%] [0m[32mPASSED[0m tests/unit/test_mqtt_client.py::TestSetBrightnessCommand::test_set_brightness_command_execute_calls_set_brightness 
tests/unit/test_mqtt_client.py::TestSetBrightnessCommand::test_set_brightness_command_optimistic_update_device 
[gw8][36m [ 44%] [0m[32mPASSED[0m tests/unit/test_mqtt_discovery.py::TestEntityIDGeneration::test_entity_id_from_unicode_device_name 
tests/unit/test_mqtt_discovery.py::TestAreaExtraction::test_area_extraction_from_group_name 
[gw8][36m [ 45%] [0m[32mPASSED[0m tests/unit/test_mqtt_discovery.py::TestAreaExtraction::test_area_extraction_from_group_name 
tests/unit/test_mqtt_discovery.py::TestAreaExtraction::test_area_extraction_removes_suffixes 
[gw10][36m [ 45%] [0m[31mFAILED[0m tests/unit/test_mqtt_client.py::TestMQTTClientInitialization::test_init_with_custom_topics 
tests/unit/test_mqtt_client.py::TestMQTTClientInitialization::test_init_sets_broker_config 
[gw8][36m [ 45%] [0m[32mPASSED[0m tests/unit/test_mqtt_discovery.py::TestAreaExtraction::test_area_extraction_removes_suffixes 
tests/unit/test_mqtt_discovery.py::TestAreaExtraction::test_area_extraction_removes_trailing_numbers 
[gw3][36m [ 45%] [0m[32mPASSED[0m tests/unit/test_cloud_relay.py::TestSSLWarnings::test_ssl_verification_disabled_warning 
[gw7][36m [ 45%] [0m[31mFAILED[0m tests/unit/test_mqtt_client.py::TestMQTTSyncGroupSwitches::test_sync_group_switches_member_not_in_devices 
tests/unit/test_cloud_relay.py::TestPacketInjection::test_injection_checker_raw_bytes_injection 
tests/unit/test_mqtt_client.py::TestMQTTSyncGroupDevices::test_sync_group_devices_success 
[gw8][36m [ 45%] [0m[32mPASSED[0m tests/unit/test_mqtt_discovery.py::TestAreaExtraction::test_area_extraction_removes_trailing_numbers 
tests/unit/test_mqtt_group_sync.py::TestMQTTClientGroupSync::test_sync_group_switches_after_group_command 
[gw8][36m [ 45%] [0m[32mPASSED[0m tests/unit/test_mqtt_group_sync.py::TestMQTTClientGroupSync::test_sync_group_switches_after_group_command 
[gw3][36m [ 46%] [0m[32mPASSED[0m tests/unit/test_cloud_relay.py::TestPacketInjection::test_injection_checker_raw_bytes_injection 
tests/unit/test_mqtt_group_sync.py::TestMQTTClientGroupSync::test_sync_group_devices_with_unavailable_members 
tests/unit/test_cloud_relay.py::TestPacketInjection::test_injection_checker_mode_injection_smart 
[gw8][36m [ 46%] [0m[32mPASSED[0m tests/unit/test_mqtt_group_sync.py::TestMQTTClientGroupSync::test_sync_group_devices_with_unavailable_members 
tests/unit/test_mqtt_group_sync.py::TestMQTTClientGroupSync::test_sync_group_returns_sync_count 
[gw3][36m [ 46%] [0m[32mPASSED[0m tests/unit/test_cloud_relay.py::TestPacketInjection::test_injection_checker_mode_injection_smart 
tests/unit/test_mqtt_discovery.py::TestDeviceRegistration::test_register_single_device_sets_suggested_area_from_group 
[gw2][36m [ 46%] [0m[31mFAILED[0m tests/unit/test_mqtt_client.py::TestMQTTUpdateDeviceStateEdgeCases::test_update_device_state_supports_rgb 
[...]
[31m[1m_____ TestMQTTReceiverTask.test_start_receiver_task_handles_bridge_command _____[0m
[gw7] linux -- Python 3.13.9 /usr/local/python/3.13.9/bin/python3
[1m[31mtests/unit/test_mqtt_client.py[0m:1778: in test_start_receiver_task_handles_bridge_command
    [0mtask = asyncio.create_task(client.start_receiver_task())[90m[39;49;00m
                               ^^^^^^^^^^^^^^^^^^^^^^^^^^[90m[39;49;00m
[1m[31mE   AttributeError: 'MQTTClient' object has no attribute 'start_receiver_task'[0m
        async_iterable = <function TestMQTTReceiverTask.test_start_receiver_task_handles_bridge_command.<locals>.async_iterable at 0xffffa5e151c0>
        client     = <cync_controller.mqtt.client.MQTTClient object at 0xffffa5c3fd10>
        mock_client = <AsyncMock name='Client()' id='281473463625984'>
        mock_client_class = <MagicMock name='Client' id='281473463624304'>
        mock_g     = <MagicMock name='g' id='281473463625648'>
        mock_message = <MagicMock id='281473463627664'>
        self       = <tests.unit.test_mqtt_client.TestMQTTReceiverTask object at 0xffffa5fd2060>
[31m[1m___ TestMQTTUpdateDeviceStateEdgeCases.test_update_device_state_plug_device ____[0m
[gw1] linux -- Python 3.13.9 /usr/local/python/3.13.9/bin/python3
[1m[31mtests/unit/test_mqtt_client.py[0m:2265: in test_update_device_state_plug_device
    [0m[94massert[39;49;00m result [95mis[39;49;00m [94mTrue[39;49;00m[90m[39;49;00m
[1m[31mE   assert False is True[0m
        client     = <cync_controller.mqtt.client.MQTTClient object at 0xffff7ec17850>
        device     = <MagicMock id='281472806513904'>
        mock_g     = <MagicMock name='g' id='281472806509872'>
        result     = False
        self       = <tests.unit.test_mqtt_client.TestMQTTUpdateDeviceStateEdgeCases object at 0xffff7ec602d0>
----------------------------- Captured stdout call -----------------------------
11/01/25 02:54:02.134 INFO [logging_abstraction:175] [--------] > mqtt:update_device_state: Updating device 'Plug' (ID: 42) state from 0 to 1 (ON)
11/01/25 02:54:02.134 WARNING [logging_abstraction:175] [--------] > mqtt:send_device_status: [STATE_UPDATE_SEQ] ts=1761965642134ms device=Plug state=ON caller=  File "/workspaces/hass-addons/cync-controller/src/cync_controller/mqtt/client.py", line 522, in update_device_state
------------------------------ Captured log call -------------------------------
[32mINFO    [0m cync_controller.mqtt.state_updates:logging_abstraction.py:175 mqtt:update_device_state: Updating device 'Plug' (ID: 42) state from 0 to 1 (ON)
[33mWARNING [0m cync_controller.mqtt.state_updates:logging_abstraction.py:175 mqtt:send_device_status: [STATE_UPDATE_SEQ] ts=1761965642134ms device=Plug state=ON caller=  File "/workspaces/hass-addons/cync-controller/src/cync_controller/mqtt/client.py", line 522, in update_device_state
[31m[1m_ TestMQTTUpdateDeviceStateEdgeCases.test_update_device_state_supports_temperature _[0m
[gw1] linux -- Python 3.13.9 /usr/local/python/3.13.9/bin/python3
[1m[31mtests/unit/test_mqtt_client.py[0m:2291: in test_update_device_state_supports_temperature
    [0m[94massert[39;49;00m result [95mis[39;49;00m [94mTrue[39;49;00m[90m[39;49;00m
[1m[31mE   assert False is True[0m
        client     = <cync_controller.mqtt.client.MQTTClient object at 0xffff7ea49390>
        device     = <MagicMock id='281472806518272'>
        mock_g     = <MagicMock name='g' id='281472806516928'>
        result     = False
        self       = <tests.unit.test_mqtt_client.TestMQTTUpdateDeviceStateEdgeCases object at 0xffff7ec60410>
----------------------------- Captured stdout call -----------------------------
11/01/25 02:54:02.162 INFO [logging_abstraction:175] [--------] > mqtt:update_device_state: Updating device 'Color Light' (ID: 42) state from 0 to 1 (ON)
11/01/25 02:54:02.162 WARNING [logging_abstraction:175] [--------] > mqtt:send_device_status: [STATE_UPDATE_SEQ] ts=1761965642162ms device=Color Light state={"state": "ON", "color_mode": "color_temp"} caller=  File "/workspaces/hass-addons/cync-controller/src/cync_controller/mqtt/client.py", line 522, in update_device_state
------------------------------ Captured log call -------------------------------
[32mINFO    [0m cync_controller.mqtt.state_updates:logging_abstraction.py:175 mqtt:update_device_state: Updating device 'Color Light' (ID: 42) state from 0 to 1 (ON)
[33mWARNING [0m cync_controller.mqtt.state_updates:logging_abstraction.py:175 mqtt:send_device_status: [STATE_UPDATE_SEQ] ts=1761965642162ms device=Color Light state={"state": "ON", "color_mode": "color_temp"} caller=  File "/workspaces/hass-addons/cync-controller/src/cync_controller/mqtt/client.py", line 522, in update_device_state
[31m[1m__ TestMQTTUpdateDeviceFromSubgroup.test_update_switch_from_subgroup_success ___[0m
[gw11] linux -- Python 3.13.9 /usr/local/python/3.13.9/bin/python3
[1m[31mtests/unit/test_mqtt_client.py[0m:1437: in test_update_switch_from_subgroup_success
    [0m[94massert[39;49;00m result [95mis[39;49;00m [94mTrue[39;49;00m[90m[39;49;00m
[1m[31mE   assert False is True[0m
        client     = <cync_controller.mqtt.client.MQTTClient object at 0xffff88a54050>
        mock_device = <MagicMock id='281472975371776'>
        mock_g     = <MagicMock name='g' id='281472975371440'>
        result     = False
        self       = <tests.unit.test_mqtt_client.TestMQTTUpdateDeviceFromSubgroup object at 0xffff88d9ad50>
----------------------------- Captured stdout call -----------------------------
11/01/25 02:54:02.724 WARNING [logging_abstraction:175] [--------] > mqtt:update_switch_from_subgroup: Syncing switch 'Test Switch' (ID: 4660) to subgroup 'Subgroup' state: ON
11/01/25 02:54:02.724 WARNING [logging_abstraction:175] [--------] > mqtt:update_switch_from_subgroup: Publishing optimistic state update: OFF  ON
11/01/25 02:54:02.726 WARNING [logging_abstraction:175] [--------] > mqtt:send_device_status: [STATE_UPDATE_SEQ] ts=1761965642724ms device=Test Switch state=ON caller=  File "/workspaces/hass-addons/cync-controller/src/cync_controller/mqtt/client.py", line 557, in update_switch_from_subgroup
11/01/25 02:54:02.726 WARNING [logging_abstraction:175] [--------] > mqtt:send_device_status: [MqttError] -> [code:4] The client is not currently connected.
------------------------------ Captured log call -------------------------------
[33mWARNING [0m cync_controller.mqtt.state_updates:logging_abstraction.py:175 mqtt:update_switch_from_subgroup: Syncing switch 'Test Switch' (ID: 4660) to subgroup 'Subgroup' state: ON
[33mWARNING [0m cync_controller.mqtt.state_updates:logging_abstraction.py:175 mqtt:update_switch_from_subgroup: Publishing optimistic state update: OFF  ON
[33mWARNING [0m cync_controller.mqtt.state_updates:logging_abstraction.py:175 mqtt:send_device_status: [STATE_UPDATE_SEQ] ts=1761965642724ms device=Test Switch state=ON caller=  File "/workspaces/hass-addons/cync-controller/src/cync_controller/mqtt/client.py", line 557, in update_switch_from_subgroup
[33mWARNING [0m cync_controller.mqtt.state_updates:logging_abstraction.py:175 mqtt:send_device_status: [MqttError] -> [code:4] The client is not currently connected.
[31m[1m_ TestMQTTUpdateDeviceFromSubgroup.test_update_switch_from_subgroup_publishes_off_state _[0m
[gw11] linux -- Python 3.13.9 /usr/local/python/3.13.9/bin/python3
[1m[31mtests/unit/test_mqtt_client.py[0m:1493: in test_update_switch_from_subgroup_publishes_off_state
    [0m[94massert[39;49;00m result [95mis[39;49;00m [94mTrue[39;49;00m[90m[39;49;00m
[1m[31mE   assert False is True[0m
        client     = <cync_controller.mqtt.client.MQTTClient object at 0xffff88bcab10>
        mock_device = <MagicMock id='281472974287072'>
        mock_g     = <MagicMock name='g' id='281472974286736'>
        result     = False
        self       = <tests.unit.test_mqtt_client.TestMQTTUpdateDeviceFromSubgroup object at 0xffff88dc9cd0>
----------------------------- Captured stdout call -----------------------------
11/01/25 02:54:02.755 WARNING [logging_abstraction:175] [--------] > mqtt:update_switch_from_subgroup: Syncing switch 'Switch' (ID: 42) to subgroup 'Subgroup' state: OFF
11/01/25 02:54:02.755 WARNING [logging_abstraction:175] [--------] > mqtt:update_switch_from_subgroup: Publishing optimistic state update: OFF  OFF
11/01/25 02:54:02.756 WARNING [logging_abstraction:175] [--------] > mqtt:send_device_status: [STATE_UPDATE_SEQ] ts=1761965642755ms device=Switch state=OFF caller=  File "/workspaces/hass-addons/cync-controller/src/cync_controller/mqtt/client.py", line 557, in update_switch_from_subgroup
11/01/25 02:54:02.756 WARNING [logging_abstraction:175] [--------] > mqtt:send_device_status: [MqttError] -> [code:4] The client is not currently connected.
------------------------------ Captured log call -------------------------------
[33mWARNING [0m cync_controller.mqtt.state_updates:logging_abstraction.py:175 mqtt:update_switch_from_subgroup: Syncing switch 'Switch' (ID: 42) to subgroup 'Subgroup' state: OFF
[33mWARNING [0m cync_controller.mqtt.state_updates:logging_abstraction.py:175 mqtt:update_switch_from_subgroup: Publishing optimistic state update: OFF  OFF
[33mWARNING [0m cync_controller.mqtt.state_updates:logging_abstraction.py:175 mqtt:send_device_status: [STATE_UPDATE_SEQ] ts=1761965642755ms device=Switch state=OFF caller=  File "/workspaces/hass-addons/cync-controller/src/cync_controller/mqtt/client.py", line 557, in update_switch_from_subgroup
[33mWARNING [0m cync_controller.mqtt.state_updates:logging_abstraction.py:175 mqtt:send_device_status: [MqttError] -> [code:4] The client is not currently connected.
[31m[1m___ TestCommandProcessorExecution.test_process_next_triggers_status_refresh ____[0m
[gw12] linux -- Python 3.13.9 /usr/local/python/3.13.9/bin/python3
[1m[31mtests/unit/test_mqtt_client.py[0m:1328: in test_process_next_triggers_status_refresh
    [0mmock_g.mqtt_client.trigger_status_refresh.assert_called_once()[90m[39;49;00m
        mock_command = <MagicMock spec='DeviceCommand' id='281472922219392'>
        mock_g     = <MagicMock name='g' id='281472922221072'>
        processor  = <cync_controller.mqtt.commands.CommandProcessor object at 0xffff859ceea0>
        self       = <tests.unit.test_mqtt_client.TestCommandProcessorExecution object at 0xffff85bcd940>
[1m[31m/usr/local/python/3.13.9/lib/python3.13/unittest/mock.py[0m:958: in assert_called_once
    [0m[94mraise[39;49;00m [96mAssertionError[39;49;00m(msg)[90m[39;49;00m
[1m[31mE   AssertionError: Expected 'trigger_status_refresh' to have been called once. Called 0 times.[0m
        msg        = "Expected 'trigger_status_refresh' to have been called once. Called 0 times."
        self       = <AsyncMock name='g.mqtt_client.trigger_status_refresh' id='281472922221744'>
----------------------------- Captured stdout call -----------------------------
11/01/25 02:54:02.221 INFO [logging_abstraction:175] [--------] > CommandProcessor:process_next: Processing: <MagicMock spec='DeviceCommand' id='281472922219392'>
11/01/25 02:54:02.724 INFO [logging_abstraction:175] [--------] > CommandProcessor:process_next: Command cycle complete for test_command
------------------------------ Captured log call -------------------------------
[32mINFO    [0m cync_controller.mqtt.commands:logging_abstraction.py:175 CommandProcessor:process_next: Processing: <MagicMock spec='DeviceCommand' id='281472922219392'>
[32mINFO    [0m cync_controller.mqtt.commands:logging_abstraction.py:175 CommandProcessor:process_next: Command cycle complete for test_command
[31m[1m___ TestCommandProcessorExecution.test_process_next_handles_command_failure ____[0m
[gw12] linux -- Python 3.13.9 /usr/local/python/3.13.9/bin/python3
[1m[31mtests/unit/test_mqtt_client.py[0m:1341: in test_process_next_handles_command_failure
    [0m[94mwith[39;49;00m patch([33m"[39;49;00m[33mcync_controller.mqtt_client.g[39;49;00m[33m"[39;49;00m) [94mas[39;49;00m mock_g, patch([33m"[39;49;00m[33mcync_controller.mqtt_client.logger[39;49;00m[33m"[39;49;00m):[90m[39;49;00m
                                                           ^^^^^^^^^^^^^^^^^^^^^^^^^^^^^^^^^^^^^^^^^^^[90m[39;49;00m
        mock_command = <MagicMock spec='DeviceCommand' id='281472922218048'>
        mock_g     = <MagicMock name='g' id='281472922211664'>
        processor  = <cync_controller.mqtt.commands.CommandProcessor object at 0xffff858f4ef0>
        self       = <tests.unit.test_mqtt_client.TestCommandProcessorExecution object at 0xffff85bcda70>
[1m[31m/usr/local/python/3.13.9/lib/python3.13/unittest/mock.py[0m:1497: in __enter__
    [0moriginal, local = [96mself[39;49;00m.get_original()[90m[39;49;00m
                      ^^^^^^^^^^^^^^^^^^^[90m[39;49;00m
        autospec   = None
        kwargs     = {}
        new        = sentinel.DEFAULT
        new_callable = None
        self       = <unittest.mock._patch object at 0xffff85845c50>
        spec       = None
        spec_set   = None
[1m[31m/usr/local/python/3.13.9/lib/python3.13/unittest/mock.py[0m:1467: in get_original
    [0m[94mraise[39;49;00m [96mAttributeError[39;49;00m([90m[39;49;00m
[1m[31mE   AttributeError: <module 'cync_controller.mqtt_client' from '/workspaces/hass-addons/cync-controller/src/cync_controller/mqtt_client.py'> does not have the attribute 'logger'[0m
        local      = False
        name       = 'logger'
        original   = sentinel.DEFAULT
        self       = <unittest.mock._patch object at 0xffff85845c50>
        target     = <module 'cync_controller.mqtt_client' from '/workspaces/hass-addons/cync-controller/src/cync_controller/mqtt_client.py'>
[31m[1m_________________ tests/unit/test_mqtt_connection_lifecycle.py _________________[0m
[gw6] linux -- Python 3.13.9 /usr/local/python/3.13.9/bin/python3
worker 'gw6' crashed while running 'tests/unit/test_mqtt_connection_lifecycle.py::TestMQTTClientConnectionLifecycle::test_start_creates_receiver_task'
[36m[1m=========================== short test summary info ============================[0m
[33mSKIPPED[0m [1] tests/unit/test_tcp_device_async_tasks.py:100: Complex async task mocking requires extensive global state setup
[33mSKIPPED[0m [1] tests/unit/test_tcp_device_async_tasks.py:26: Complex async task mocking requires extensive global state setup
[33mSKIPPED[0m [1] tests/unit/test_tcp_device_async_tasks.py:144: Complex async task mocking requires extensive global state setup
[33mSKIPPED[0m [1] tests/unit/test_tcp_device_async_tasks.py:65: Complex async task mocking requires extensive global state setup
[33mSKIPPED[0m [1] tests/unit/test_tcp_device_packet_parsing.py:204: Complex packet data edge case - integration tests cover this
[33mSKIPPED[0m [1] tests/unit/test_tcp_device_packet_parsing.py:210: Timestamp parsing edge case - integration tests cover this
[33mSKIPPED[0m [1] tests/unit/test_tcp_device_packet_parsing.py:242: App device skip logic edge case - integration tests cover this
[31mFAILED[0m tests/unit/test_mqtt_client.py::[1mTestSetPowerCommand::test_set_power_command_optimistic_update_switch[0m - AttributeError: 'NoneType' object has no attribute 'update_device_state'
[31mFAILED[0m tests/unit/test_mqtt_client.py::[1mTestMQTTClientInitialization::test_init_with_custom_topics[0m - AssertionError: assert 'cync_lan' == 'custom_cync'
  
  [0m[91m- custom_cync[39;49;00m[90m[39;49;00m
  [92m+ cync_lan[39;49;00m[90m[39;49;00m
[31mFAILED[0m tests/unit/test_mqtt_client.py::[1mTestMQTTSyncGroupSwitches::test_sync_group_switches_member_not_in_devices[0m - assert 0 == 1
[31mFAILED[0m tests/unit/test_mqtt_client.py::[1mTestMQTTUpdateDeviceStateEdgeCases::test_update_device_state_supports_rgb[0m - assert False is True
[31mFAILED[0m tests/unit/test_mqtt_client.py::[1mTestMQTTParseDeviceStatus::test_parse_device_status_light_with_brightness[0m - assert False is True
[31mFAILED[0m tests/unit/test_mqtt_client.py::[1mTestSetBrightnessCommand::test_set_brightness_command_optimistic_update_device[0m - AttributeError: 'NoneType' object has no attribute 'update_brightness'
[31mFAILED[0m tests/unit/test_mqtt_client.py::[1mTestMQTTClientInitialization::test_init_sets_broker_config[0m - AssertionError: assert 'homeassistant.local' == '192.168.1.100'
  
  [0m[91m- 192.168.1.100[39;49;00m[90m[39;49;00m
  [92m+ homeassistant.local[39;49;00m[90m[39;49;00m
[31mFAILED[0m tests/unit/test_mqtt_client.py::[1mTestSetPowerCommand::test_set_power_command_optimistic_update_device[0m - AttributeError: 'NoneType' object has no attribute 'update_device_state'
[31mFAILED[0m tests/unit/test_mqtt_client.py::[1mTestMQTTSyncGroupDevices::test_sync_group_devices_success[0m - assert 0 == 2
[31mFAILED[0m tests/unit/test_mqtt_client.py::[1mTestMQTTParseDeviceStatus::test_parse_device_status_with_rgb_color[0m - assert False is True
[31mFAILED[0m tests/unit/test_mqtt_client.py::[1mTestMQTTParseDeviceStatus::test_parse_device_status_with_color_temp[0m - assert False is True
[31mFAILED[0m tests/unit/test_mqtt_client.py::[1mTestMQTTSyncGroupDevices::test_sync_group_devices_mixed_types[0m - assert 0 == 3
[31mFAILED[0m tests/unit/test_mqtt_client.py::[1mTestMQTTReceiverTask::test_start_receiver_task_handles_empty_payload[0m - AttributeError: 'MQTTClient' object has no attribute 'start_receiver_task'
[31mFAILED[0m tests/unit/test_mqtt_client.py::[1mTestMQTTParseDeviceStatus::test_parse_device_status_switch_with_onoff_payload[0m - assert False is True
[31mFAILED[0m tests/unit/test_mqtt_client.py::[1mTestMQTTClientConnection::test_connect_bad_credentials[0m - AttributeError: <module 'cync_controller.mqtt_client' from '/workspaces/hass-addons/cync-controller/src/cync_controller/mqtt_client.py'> does not have the attribute 'send_sigterm'
[31mFAILED[0m tests/unit/test_mqtt_client.py::[1mTestMQTTReceiverTask::test_start_receiver_task_handles_none_payload[0m - AttributeError: 'MQTTClient' object has no attribute 'start_receiver_task'
[31mFAILED[0m tests/unit/test_mqtt_client.py::[1mTestMQTTClientStateUpdates::test_update_device_state_off[0m - assert False is True
[31mFAILED[0m tests/unit/test_mqtt_client.py::[1mTestMQTTReceiverTask::test_start_receiver_task_handles_bridge_command[0m - AttributeError: 'MQTTClient' object has no attribute 'start_receiver_task'
[31mFAILED[0m tests/unit/test_mqtt_client.py::[1mTestMQTTUpdateDeviceStateEdgeCases::test_update_device_state_plug_device[0m - assert False is True
[31mFAILED[0m tests/unit/test_mqtt_client.py::[1mTestMQTTUpdateDeviceStateEdgeCases::test_update_device_state_supports_temperature[0m - assert False is True
[31mFAILED[0m tests/unit/test_mqtt_client.py::[1mTestMQTTUpdateDeviceFromSubgroup::test_update_switch_from_subgroup_success[0m - assert False is True
[31mFAILED[0m tests/unit/test_mqtt_client.py::[1mTestMQTTUpdateDeviceFromSubgroup::test_update_switch_from_subgroup_publishes_off_state[0m - assert False is True
[31mFAILED[0m tests/unit/test_mqtt_client.py::[1mTestCommandProcessorExecution::test_process_next_triggers_status_refresh[0m - AssertionError: Expected 'trigger_status_refresh' to have been called once. Called 0 times.
[31mFAILED[0m tests/unit/test_mqtt_client.py::[1mTestCommandProcessorExecution::test_process_next_handles_command_failure[0m - AttributeError: <module 'cync_controller.mqtt_client' from '/workspaces/hass-addons/cync-controller/src/cync_controller/mqtt_client.py'> does not have the attribute 'logger'
[31mFAILED[0m tests/unit/test_mqtt_connection_lifecycle.py::[1mTestMQTTClientConnectionLifecycle::test_start_creates_receiver_task[0m
[31m============ [31m[1m25 failed[0m, [32m689 passed[0m, [33m7 skipped[0m[31m in 110.10s (0:01:50)[0m[31m =============[0m
