<?xml version="1.0" encoding="utf-8"?><testsuites name="pytest tests"><testsuite name="pytest" errors="0" failures="0" skipped="0" tests="8" time="14.684" timestamp="2025-11-01T23:41:30.172356+00:00" hostname="a16bd68193e7"><testcase classname="tests.integration.test_toggler_integration" name="test_happy_path_toggle_success" time="0.002" /><testcase classname="tests.integration.test_toggler_integration" name="test_packet_format_validation" time="0.001" /><testcase classname="tests.integration.test_toggler_integration" name="test_retry_intermittent_connection_failure" time="0.332" /><testcase classname="tests.integration.test_toggler_integration" name="test_retry_intermittent_timeout" time="6.834" /><testcase classname="tests.integration.test_toggler_integration" name="test_all_attempts_timeout" time="6.857" /><testcase classname="tests.integration.test_toggler_integration" name="test_connection_refused" time="0.284" /><testcase classname="tests.integration.test_toggler_integration" name="test_connection_closed_during_recv" time="0.305" /><testcase classname="tests.integration.test_toggler_integration" name="test_metrics_endpoint_accessible" time="0.034" /></testsuite></testsuites>